#
# There is insufficient memory for the Java Runtime Environment to continue.
# Native memory allocation (malloc) failed to allocate 133169152 bytes for committing reserved memory.
# Possible reasons:
#   The system is out of physical RAM or swap space
#   In 32 bit mode, the process size limit was hit
# Possible solutions:
#   Reduce memory load on the system
#   Increase physical memory or swap space
#   Check if swap backing store is full
#   Use 64 bit Java on a 64 bit OS
#   Decrease Java heap size (-Xmx/-Xms)
#   Decrease number of Java threads
#   Decrease Java thread stack sizes (-Xss)
#   Set larger code cache with -XX:ReservedCodeCacheSize=
# This output file may be truncated or incomplete.
#
#  Out of Memory Error (os_linux.cpp:2798), pid=10297, tid=139943929128704
#
# JRE version: OpenJDK Runtime Environment (7.0_75-b13) (build 1.7.0_75-b13)
# Java VM: OpenJDK 64-Bit Server VM (24.75-b04 mixed mode linux-amd64 compressed oops)
# Derivative: IcedTea 2.5.4
# Distribution: Ubuntu 14.04 LTS, package 7u75-2.5.4-1~trusty1
# Failed to write core dump. Core dumps have been disabled. To enable core dumping, try "ulimit -c unlimited" before starting Java again
#

---------------  T H R E A D  ---------------

Current thread (0x00007f474007a800):  VMThread [stack: 0x00007f473c1f2000,0x00007f473c2f3000] [id=10308]

Stack: [0x00007f473c1f2000,0x00007f473c2f3000],  sp=0x00007f473c2f1490,  free space=1021k
Native frames: (J=compiled Java code, j=interpreted, Vv=VM code, C=native code)
V  [libjvm.so+0x94a9d5]  VMError::report_and_die()+0x175
V  [libjvm.so+0x48b954]  report_vm_out_of_memory(char const*, int, unsigned long, char const*)+0x74
V  [libjvm.so+0x7c7b7b]  os::pd_commit_memory(char*, unsigned long, unsigned long, bool)+0xeb
V  [libjvm.so+0x7c263f]  os::commit_memory(char*, unsigned long, unsigned long, bool)+0x1f
V  [libjvm.so+0x834b1b]  PSVirtualSpace::expand_by(unsigned long)+0x5b
V  [libjvm.so+0x82486b]  PSOldGen::expand_by(unsigned long) [clone .part.80]+0x1b
V  [libjvm.so+0x824a2b]  PSOldGen::expand(unsigned long) [clone .part.81]+0xdb
V  [libjvm.so+0x825958]  PSOldGen::resize(unsigned long)+0x188
V  [libjvm.so+0x82ca24]  PSParallelCompact::invoke_no_policy(bool)+0x9c4
V  [libjvm.so+0x832c5d]  PSScavenge::invoke()+0x17d
V  [libjvm.so+0x7e9203]  ParallelScavengeHeap::failed_mem_allocate(unsigned long)+0x63
V  [libjvm.so+0x94c3d4]  VM_ParallelGCFailedAllocation::doit()+0x84
V  [libjvm.so+0x9508d7]  VM_Operation::evaluate()+0x47
V  [libjvm.so+0x94f248]  VMThread::evaluate_operation(VM_Operation*)+0x318
V  [libjvm.so+0x94f6a9]  VMThread::loop()+0x219
V  [libjvm.so+0x94faf2]  VMThread::run()+0x72
V  [libjvm.so+0x7c4a42]  java_start(Thread*)+0xf2

VM_Operation (0x00007f474849a7b0): ParallelGCFailedAllocation, mode: safepoint, requested by thread 0x00007f474000f000


---------------  P R O C E S S  ---------------

Java Threads: ( => current thread )
  0x00007f47400b3000 JavaThread "Service Thread" daemon [_thread_blocked, id=10314, stack(0x00007f47350e9000,0x00007f47351ea000)]
  0x00007f47400b1000 JavaThread "C2 CompilerThread1" daemon [_thread_blocked, id=10313, stack(0x00007f47351ea000,0x00007f47352eb000)]
  0x00007f47400ae000 JavaThread "C2 CompilerThread0" daemon [_thread_blocked, id=10312, stack(0x00007f47352eb000,0x00007f47353ec000)]
  0x00007f47400ab800 JavaThread "Signal Dispatcher" daemon [_thread_blocked, id=10311, stack(0x00007f47353ec000,0x00007f47354ed000)]
  0x00007f4740081000 JavaThread "Finalizer" daemon [_thread_blocked, id=10310, stack(0x00007f4735bcf000,0x00007f4735cd0000)]
  0x00007f474007f000 JavaThread "Reference Handler" daemon [_thread_blocked, id=10309, stack(0x00007f473c0f1000,0x00007f473c1f2000)]
  0x00007f474000f000 JavaThread "main" [_thread_blocked, id=10299, stack(0x00007f474839b000,0x00007f474849c000)]

Other Threads:
=>0x00007f474007a800 VMThread [stack: 0x00007f473c1f2000,0x00007f473c2f3000] [id=10308]
  0x00007f47400c6000 WatcherThread [stack: 0x00007f4734fe8000,0x00007f47350e9000] [id=10315]

VM state:at safepoint (normal execution)

VM Mutex/Monitor currently owned by a thread:  ([mutex/lock_event])
[0x00007f474000b1a0] ExpandHeap_lock - owner thread: 0x00007f474007a800
[0x00007f474000b820] Threads_lock - owner thread: 0x00007f474007a800
[0x00007f474000bd20] Heap_lock - owner thread: 0x00007f474000f000

Heap
 PSYoungGen      total 218624K, used 58402K [0x00000000ec000000, 0x0000000100000000, 0x0000000100000000)
  eden space 109568K, 0% used [0x00000000ec000000,0x00000000ec000000,0x00000000f2b00000)
  from space 109056K, 53% used [0x00000000f9580000,0x00000000fce88b60,0x0000000100000000)
  to   space 109056K, 0% used [0x00000000f2b00000,0x00000000f2b00000,0x00000000f9580000)
 ParOldGen       total 225792K, used 225531K [0x00000000c4000000, 0x00000000d1c80000, 0x00000000ec000000)
  object space 225792K, 99% used [0x00000000c4000000,0x00000000d1c3ec80,0x00000000d1c80000)
 PSPermGen       total 21504K, used 2886K [0x00000000b9a00000, 0x00000000baf00000, 0x00000000c4000000)
  object space 21504K, 13% used [0x00000000b9a00000,0x00000000b9cd19d0,0x00000000baf00000)

Card table byte_map: [0x00007f4744dac000,0x00007f4744fe0000] byte_map_base: 0x00007f47447df000

Polling page: 0x00007f47484be000

Code Cache  [0x00007f473d000000, 0x00007f473d270000, 0x00007f4740000000)
 total_blobs=234 nmethods=52 adapters=136 free_code_cache=48673Kb largest_free_block=49821888

Compilation events (10 events):
Event: 4.988 Thread 0x00007f47400ae000   49             java.nio.ByteBuffer::arrayOffset (35 bytes)
Event: 4.989 Thread 0x00007f47400ae000 nmethod 49 0x00007f473d063b50 code [0x00007f473d063ca0, 0x00007f473d063d38]
Event: 5.231 Thread 0x00007f47400b1000   50             java.nio.Buffer::position (5 bytes)
Event: 5.231 Thread 0x00007f47400b1000 nmethod 50 0x00007f473d063950 code [0x00007f473d063a80, 0x00007f473d063ad8]
Event: 5.234 Thread 0x00007f47400ae000   51             java.nio.CharBuffer::arrayOffset (35 bytes)
Event: 5.234 Thread 0x00007f47400ae000 nmethod 51 0x00007f473d0636d0 code [0x00007f473d063820, 0x00007f473d0638b8]
Event: 9.357 Thread 0x00007f47400b1000   52             java.nio.charset.CoderResult::isUnderflow (13 bytes)
Event: 9.358 Thread 0x00007f47400b1000 nmethod 52 0x00007f473d0634d0 code [0x00007f473d063600, 0x00007f473d063658]
Event: 11.195 Thread 0x00007f47400ae000   53             java.nio.ByteBuffer::array (35 bytes)
Event: 11.243 Thread 0x00007f47400ae000 nmethod 53 0x00007f473d078610 code [0x00007f473d078760, 0x00007f473d0787f8]

GC Heap History (10 events):
Event: 6.310 GC heap after
Heap after GC invocations=11 (full 2):
 PSYoungGen      total 150528K, used 62464K [0x00000000ec000000, 0x00000000fc880000, 0x0000000100000000)
  eden space 88064K, 0% used [0x00000000ec000000,0x00000000ec000000,0x00000000f1600000)
  from space 62464K, 100% used [0x00000000f1600000,0x00000000f5300000,0x00000000f5300000)
  to   space 81408K, 0% used [0x00000000f7900000,0x00000000f7900000,0x00000000fc880000)
 ParOldGen       total 127488K, used 117878K [0x00000000c4000000, 0x00000000cbc80000, 0x00000000ec000000)
  object space 127488K, 92% used [0x00000000c4000000,0x00000000cb31db10,0x00000000cbc80000)
 PSPermGen       total 21504K, used 2884K [0x00000000b9a00000, 0x00000000baf00000, 0x00000000c4000000)
  object space 21504K, 13% used [0x00000000b9a00000,0x00000000b9cd1048,0x00000000baf00000)
}
Event: 6.310 GC heap before
{Heap before GC invocations=12 (full 3):
 PSYoungGen      total 150528K, used 62464K [0x00000000ec000000, 0x00000000fc880000, 0x0000000100000000)
  eden space 88064K, 0% used [0x00000000ec000000,0x00000000ec000000,0x00000000f1600000)
  from space 62464K, 100% used [0x00000000f1600000,0x00000000f5300000,0x00000000f5300000)
  to   space 81408K, 0% used [0x00000000f7900000,0x00000000f7900000,0x00000000fc880000)
 ParOldGen       total 127488K, used 117878K [0x00000000c4000000, 0x00000000cbc80000, 0x00000000ec000000)
  object space 127488K, 92% used [0x00000000c4000000,0x00000000cb31db10,0x00000000cbc80000)
 PSPermGen       total 21504K, used 2884K [0x00000000b9a00000, 0x00000000baf00000, 0x00000000c4000000)
  object space 21504K, 13% used [0x00000000b9a00000,0x00000000b9cd1048,0x00000000baf00000)
Event: 9.156 GC heap after
Heap after GC invocations=12 (full 3):
 PSYoungGen      total 150528K, used 50649K [0x00000000ec000000, 0x00000000fc880000, 0x0000000100000000)
  eden space 88064K, 0% used [0x00000000ec000000,0x00000000ec000000,0x00000000f1600000)
  from space 62464K, 81% used [0x00000000f1600000,0x00000000f4776688,0x00000000f5300000)
  to   space 81408K, 0% used [0x00000000f7900000,0x00000000f7900000,0x00000000fc880000)
 ParOldGen       total 217088K, used 127346K [0x00000000c4000000, 0x00000000d1400000, 0x00000000ec000000)
  object space 217088K, 58% used [0x00000000c4000000,0x00000000cbc5ca40,0x00000000d1400000)
 PSPermGen       total 21504K, used 2884K [0x00000000b9a00000, 0x00000000baf00000, 0x00000000c4000000)
  object space 21504K, 13% used [0x00000000b9a00000,0x00000000b9cd1048,0x00000000baf00000)
}
Event: 9.670 GC heap before
{Heap before GC invocations=13 (full 3):
 PSYoungGen      total 150528K, used 138713K [0x00000000ec000000, 0x00000000fc880000, 0x0000000100000000)
  eden space 88064K, 100% used [0x00000000ec000000,0x00000000f1600000,0x00000000f1600000)
  from space 62464K, 81% used [0x00000000f1600000,0x00000000f4776688,0x00000000f5300000)
  to   space 81408K, 0% used [0x00000000f7900000,0x00000000f7900000,0x00000000fc880000)
 ParOldGen       total 217088K, used 127346K [0x00000000c4000000, 0x00000000d1400000, 0x00000000ec000000)
  object space 217088K, 58% used [0x00000000c4000000,0x00000000cbc5ca40,0x00000000d1400000)
 PSPermGen       total 21504K, used 2884K [0x00000000b9a00000, 0x00000000baf00000, 0x00000000c4000000)
  object space 21504K, 13% used [0x00000000b9a00000,0x00000000b9cd1048,0x00000000baf00000)
Event: 10.252 GC heap after
Heap after GC invocations=13 (full 3):
 PSYoungGen      total 172544K, used 81376K [0x00000000ec000000, 0x00000000fe700000, 0x0000000100000000)
  eden space 91136K, 0% used [0x00000000ec000000,0x00000000ec000000,0x00000000f1900000)
  from space 81408K, 99% used [0x00000000f7900000,0x00000000fc878010,0x00000000fc880000)
  to   space 98304K, 0% used [0x00000000f1900000,0x00000000f1900000,0x00000000f7900000)
 ParOldGen       total 217088K, used 136106K [0x00000000c4000000, 0x00000000d1400000, 0x00000000ec000000)
  object space 217088K, 62% used [0x00000000c4000000,0x00000000cc4eaa40,0x00000000d1400000)
 PSPermGen       total 21504K, used 2884K [0x00000000b9a00000, 0x00000000baf00000, 0x00000000c4000000)
  object space 21504K, 13% used [0x00000000b9a00000,0x00000000b9cd1048,0x00000000baf00000)
}
Event: 10.610 GC heap before
{Heap before GC invocations=14 (full 3):
 PSYoungGen      total 172544K, used 172512K [0x00000000ec000000, 0x00000000fe700000, 0x0000000100000000)
  eden space 91136K, 100% used [0x00000000ec000000,0x00000000f1900000,0x00000000f1900000)
  from space 81408K, 99% used [0x00000000f7900000,0x00000000fc878010,0x00000000fc880000)
  to   space 98304K, 0% used [0x00000000f1900000,0x00000000f1900000,0x00000000f7900000)
 ParOldGen       total 217088K, used 136106K [0x00000000c4000000, 0x00000000d1400000, 0x00000000ec000000)
  object space 217088K, 62% used [0x00000000c4000000,0x00000000cc4eaa40,0x00000000d1400000)
 PSPermGen       total 21504K, used 2884K [0x00000000b9a00000, 0x00000000baf00000, 0x00000000c4000000)
  object space 21504K, 13% used [0x00000000b9a00000,0x00000000b9cd1048,0x00000000baf00000)
Event: 11.090 GC heap after
Heap after GC invocations=14 (full 3):
 PSYoungGen      total 189440K, used 91168K [0x00000000ec000000, 0x0000000100000000, 0x0000000100000000)
  eden space 91136K, 0% used [0x00000000ec000000,0x00000000ec000000,0x00000000f1900000)
  from space 98304K, 92% used [0x00000000f1900000,0x00000000f7208010,0x00000000f7900000)
  to   space 109056K, 0% used [0x00000000f9580000,0x00000000f9580000,0x0000000100000000)
 ParOldGen       total 217088K, used 161570K [0x00000000c4000000, 0x00000000d1400000, 0x00000000ec000000)
  object space 217088K, 74% used [0x00000000c4000000,0x00000000cddc8a40,0x00000000d1400000)
 PSPermGen       total 21504K, used 2884K [0x00000000b9a00000, 0x00000000baf00000, 0x00000000c4000000)
  object space 21504K, 13% used [0x00000000b9a00000,0x00000000b9cd1048,0x00000000baf00000)
}
Event: 11.357 GC heap before
{Heap before GC invocations=15 (full 3):
 PSYoungGen      total 189440K, used 182304K [0x00000000ec000000, 0x0000000100000000, 0x0000000100000000)
  eden space 91136K, 100% used [0x00000000ec000000,0x00000000f1900000,0x00000000f1900000)
  from space 98304K, 92% used [0x00000000f1900000,0x00000000f7208010,0x00000000f7900000)
  to   space 109056K, 0% used [0x00000000f9580000,0x00000000f9580000,0x0000000100000000)
 ParOldGen       total 217088K, used 161570K [0x00000000c4000000, 0x00000000d1400000, 0x00000000ec000000)
  object space 217088K, 74% used [0x00000000c4000000,0x00000000cddc8a40,0x00000000d1400000)
 PSPermGen       total 21504K, used 2886K [0x00000000b9a00000, 0x00000000baf00000, 0x00000000c4000000)
  object space 21504K, 13% used [0x00000000b9a00000,0x00000000b9cd19d0,0x00000000baf00000)
Event: 11.875 GC heap after
Heap after GC invocations=15 (full 3):
 PSYoungGen      total 218624K, used 70816K [0x00000000ec000000, 0x0000000100000000, 0x0000000100000000)
  eden space 109568K, 0% used [0x00000000ec000000,0x00000000ec000000,0x00000000f2b00000)
  from space 109056K, 64% used [0x00000000f9580000,0x00000000fdaa8000,0x0000000100000000)
  to   space 109056K, 0% used [0x00000000f2b00000,0x00000000f2b00000,0x00000000f9580000)
 ParOldGen       total 225792K, used 217650K [0x00000000c4000000, 0x00000000d1c80000, 0x00000000ec000000)
  object space 225792K, 96% used [0x00000000c4000000,0x00000000d148ca50,0x00000000d1c80000)
 PSPermGen       total 21504K, used 2886K [0x00000000b9a00000, 0x00000000baf00000, 0x00000000c4000000)
  object space 21504K, 13% used [0x00000000b9a00000,0x00000000b9cd19d0,0x00000000baf00000)
}
Event: 11.875 GC heap before
{Heap before GC invocations=16 (full 4):
 PSYoungGen      total 218624K, used 70816K [0x00000000ec000000, 0x0000000100000000, 0x0000000100000000)
  eden space 109568K, 0% used [0x00000000ec000000,0x00000000ec000000,0x00000000f2b00000)
  from space 109056K, 64% used [0x00000000f9580000,0x00000000fdaa8000,0x0000000100000000)
  to   space 109056K, 0% used [0x00000000f2b00000,0x00000000f2b00000,0x00000000f9580000)
 ParOldGen       total 225792K, used 217650K [0x00000000c4000000, 0x00000000d1c80000, 0x00000000ec000000)
  object space 225792K, 96% used [0x00000000c4000000,0x00000000d148ca50,0x00000000d1c80000)
 PSPermGen       total 21504K, used 2886K [0x00000000b9a00000, 0x00000000baf00000, 0x00000000c4000000)
  object space 21504K, 13% used [0x00000000b9a00000,0x00000000b9cd19d0,0x00000000baf00000)

Deoptimization events (0 events):
No events

Internal exceptions (8 events):
Event: 0.137 Thread 0x00007f474000f000 Threw 0x00000000ec00f128 at /build/buildd/openjdk-7-7u75-2.5.4/build/openjdk/hotspot/src/share/vm/prims/jni.cpp:3995
Event: 0.283 Thread 0x00007f474000f000 Threw 0x00000000ec0ee8b8 at /build/buildd/openjdk-7-7u75-2.5.4/build/openjdk/hotspot/src/share/vm/prims/jni.cpp:721
Event: 0.284 Thread 0x00007f474000f000 Threw 0x00000000ec0eea38 at /build/buildd/openjdk-7-7u75-2.5.4/build/openjdk/hotspot/src/share/vm/prims/jvm.cpp:1284
Event: 0.284 Thread 0x00007f474000f000 Threw 0x00000000ec0eeb60 at /build/buildd/openjdk-7-7u75-2.5.4/build/openjdk/hotspot/src/share/vm/prims/jvm.cpp:1284
Event: 0.285 Thread 0x00007f474000f000 Threw 0x00000000ec0efb80 at /build/buildd/openjdk-7-7u75-2.5.4/build/openjdk/hotspot/src/share/vm/prims/jvm.cpp:1284
Event: 0.294 Thread 0x00007f474000f000 Threw 0x00000000ec0f59b8 at /build/buildd/openjdk-7-7u75-2.5.4/build/openjdk/hotspot/src/share/vm/prims/jvm.cpp:1284
Event: 0.307 Thread 0x00007f474000f000 Threw 0x00000000ec101028 at /build/buildd/openjdk-7-7u75-2.5.4/build/openjdk/hotspot/src/share/vm/prims/jvm.cpp:1284
Event: 0.309 Thread 0x00007f474000f000 Threw 0x00000000ec103760 at /build/buildd/openjdk-7-7u75-2.5.4/build/openjdk/hotspot/src/share/vm/prims/jvm.cpp:1284

Events (10 events):
Event: 5.165 Executing VM operation: ParallelGCFailedAllocation done
Event: 5.340 Executing VM operation: ParallelGCFailedAllocation
Event: 5.580 Executing VM operation: ParallelGCFailedAllocation done
Event: 6.051 Executing VM operation: ParallelGCFailedAllocation
Event: 9.156 Executing VM operation: ParallelGCFailedAllocation done
Event: 9.670 Executing VM operation: ParallelGCFailedAllocation
Event: 10.252 Executing VM operation: ParallelGCFailedAllocation done
Event: 10.610 Executing VM operation: ParallelGCFailedAllocation
Event: 11.090 Executing VM operation: ParallelGCFailedAllocation done
Event: 11.357 Executing VM operation: ParallelGCFailedAllocation


Dynamic libraries:
00400000-00401000 r-xp 00000000 08:03 3041900                            /usr/lib/jvm/java-7-openjdk-amd64/jre/bin/java
00600000-00601000 r--p 00000000 08:03 3041900                            /usr/lib/jvm/java-7-openjdk-amd64/jre/bin/java
00601000-00602000 rw-p 00001000 08:03 3041900                            /usr/lib/jvm/java-7-openjdk-amd64/jre/bin/java
00a7e000-00a9f000 rw-p 00000000 00:00 0                                  [heap]
b9a00000-baf00000 rw-p 00000000 00:00 0 
baf00000-c4000000 rw-p 00000000 00:00 0 
c4000000-d1c80000 rw-p 00000000 00:00 0 
d9b80000-ec000000 rw-p 00000000 00:00 0 
ec000000-100000000 rw-p 00000000 00:00 0 
7f4708000000-7f4708021000 rw-p 00000000 00:00 0 
7f4708021000-7f470c000000 ---p 00000000 00:00 0 
7f470c000000-7f470c021000 rw-p 00000000 00:00 0 
7f470c021000-7f4710000000 ---p 00000000 00:00 0 
7f4710000000-7f47101ef000 rw-p 00000000 00:00 0 
7f47101ef000-7f4714000000 ---p 00000000 00:00 0 
7f4714000000-7f471419f000 rw-p 00000000 00:00 0 
7f471419f000-7f4718000000 ---p 00000000 00:00 0 
7f4718000000-7f4718021000 rw-p 00000000 00:00 0 
7f4718021000-7f471c000000 ---p 00000000 00:00 0 
7f471c000000-7f471c021000 rw-p 00000000 00:00 0 
7f471c021000-7f4720000000 ---p 00000000 00:00 0 
7f4720000000-7f4720021000 rw-p 00000000 00:00 0 
7f4720021000-7f4724000000 ---p 00000000 00:00 0 
7f4724000000-7f4724021000 rw-p 00000000 00:00 0 
7f4724021000-7f4728000000 ---p 00000000 00:00 0 
7f4728000000-7f4728021000 rw-p 00000000 00:00 0 
7f4728021000-7f472c000000 ---p 00000000 00:00 0 
7f472c000000-7f472c021000 rw-p 00000000 00:00 0 
7f472c021000-7f4730000000 ---p 00000000 00:00 0 
7f4730000000-7f4730021000 rw-p 00000000 00:00 0 
7f4730021000-7f4734000000 ---p 00000000 00:00 0 
7f4734e87000-7f4734fe8000 rw-p 00000000 00:00 0 
7f4734fe8000-7f4734fe9000 ---p 00000000 00:00 0 
7f4734fe9000-7f47350e9000 rw-p 00000000 00:00 0                          [stack:10315]
7f47350e9000-7f47350ec000 ---p 00000000 00:00 0 
7f47350ec000-7f47351ea000 rw-p 00000000 00:00 0                          [stack:10314]
7f47351ea000-7f47351ed000 ---p 00000000 00:00 0 
7f47351ed000-7f47352eb000 rw-p 00000000 00:00 0                          [stack:10313]
7f47352eb000-7f47352ee000 ---p 00000000 00:00 0 
7f47352ee000-7f47353ec000 rw-p 00000000 00:00 0                          [stack:10312]
7f47353ec000-7f47353ef000 ---p 00000000 00:00 0 
7f47353ef000-7f47354ed000 rw-p 00000000 00:00 0                          [stack:10311]
7f47354ed000-7f4735bcf000 r--p 00000000 08:03 1973257                    /usr/lib/locale/locale-archive
7f4735bcf000-7f4735bd2000 ---p 00000000 00:00 0 
7f4735bd2000-7f4738000000 rw-p 00000000 00:00 0                          [stack:10310]
7f4738000000-7f4738021000 rw-p 00000000 00:00 0 
7f4738021000-7f473c000000 ---p 00000000 00:00 0 
7f473c018000-7f473c0f1000 rw-p 00000000 00:00 0 
7f473c0f1000-7f473c0f4000 ---p 00000000 00:00 0 
7f473c0f4000-7f473c1f2000 rw-p 00000000 00:00 0                          [stack:10309]
7f473c1f2000-7f473c1f3000 ---p 00000000 00:00 0 
7f473c1f3000-7f473d000000 rw-p 00000000 00:00 0                          [stack:10308]
7f473d000000-7f473d270000 rwxp 00000000 00:00 0 
7f473d270000-7f4740155000 rw-p 00000000 00:00 0 
7f4740155000-7f4744000000 ---p 00000000 00:00 0 
7f4744047000-7f4744337000 rw-p 00000000 00:00 0 
7f4744337000-7f47444e9000 r--s 01d23000 08:03 3180405                    /usr/lib/jvm/java-7-openjdk-amd64/jre/lib/rt.jar
7f47444e9000-7f4744815000 rw-p 00000000 00:00 0 
7f4744815000-7f4744816000 ---p 00000000 00:00 0 
7f4744816000-7f4744916000 rw-p 00000000 00:00 0                          [stack:10307]
7f4744916000-7f4744917000 ---p 00000000 00:00 0 
7f4744917000-7f4744a17000 rw-p 00000000 00:00 0                          [stack:10304]
7f4744a17000-7f4744a18000 ---p 00000000 00:00 0 
7f4744a18000-7f4744b18000 rw-p 00000000 00:00 0                          [stack:10303]
7f4744b18000-7f4744b19000 ---p 00000000 00:00 0 
7f4744b19000-7f4744c24000 rw-p 00000000 00:00 0                          [stack:10301]
7f4744c24000-7f4744c6c000 rw-p 00000000 00:00 0 
7f4744c6c000-7f4744cdb000 rw-p 00000000 00:00 0 
7f4744cdb000-7f4744dac000 rw-p 00000000 00:00 0 
7f4744dac000-7f4744db7000 rw-p 00000000 00:00 0 
7f4744db7000-7f4744dff000 rw-p 00000000 00:00 0 
7f4744dff000-7f4744e6e000 rw-p 00000000 00:00 0 
7f4744e6e000-7f4744f3f000 rw-p 00000000 00:00 0 
7f4744f3f000-7f4744fdf000 rw-p 00000000 00:00 0 
7f4744fdf000-7f4744fe0000 rw-p 00000000 00:00 0 
7f4744fe0000-7f4744fe8000 r-xp 00000000 08:03 3421507                    /usr/lib/jvm/java-7-openjdk-amd64/jre/lib/amd64/libzip.so
7f4744fe8000-7f47451e7000 ---p 00008000 08:03 3421507                    /usr/lib/jvm/java-7-openjdk-amd64/jre/lib/amd64/libzip.so
7f47451e7000-7f47451e8000 r--p 00007000 08:03 3421507                    /usr/lib/jvm/java-7-openjdk-amd64/jre/lib/amd64/libzip.so
7f47451e8000-7f47451e9000 rw-p 00008000 08:03 3421507                    /usr/lib/jvm/java-7-openjdk-amd64/jre/lib/amd64/libzip.so
7f47451e9000-7f47451f4000 r-xp 00000000 08:03 3808095                    /lib/x86_64-linux-gnu/libnss_files-2.19.so
7f47451f4000-7f47453f3000 ---p 0000b000 08:03 3808095                    /lib/x86_64-linux-gnu/libnss_files-2.19.so
7f47453f3000-7f47453f4000 r--p 0000a000 08:03 3808095                    /lib/x86_64-linux-gnu/libnss_files-2.19.so
7f47453f4000-7f47453f5000 rw-p 0000b000 08:03 3808095                    /lib/x86_64-linux-gnu/libnss_files-2.19.so
7f47453f5000-7f4745400000 r-xp 00000000 08:03 3808092                    /lib/x86_64-linux-gnu/libnss_nis-2.19.so
7f4745400000-7f47455ff000 ---p 0000b000 08:03 3808092                    /lib/x86_64-linux-gnu/libnss_nis-2.19.so
7f47455ff000-7f4745600000 r--p 0000a000 08:03 3808092                    /lib/x86_64-linux-gnu/libnss_nis-2.19.so
7f4745600000-7f4745601000 rw-p 0000b000 08:03 3808092                    /lib/x86_64-linux-gnu/libnss_nis-2.19.so
7f4745601000-7f4745618000 r-xp 00000000 08:03 3808086                    /lib/x86_64-linux-gnu/libnsl-2.19.so
7f4745618000-7f4745817000 ---p 00017000 08:03 3808086                    /lib/x86_64-linux-gnu/libnsl-2.19.so
7f4745817000-7f4745818000 r--p 00016000 08:03 3808086                    /lib/x86_64-linux-gnu/libnsl-2.19.so
7f4745818000-7f4745819000 rw-p 00017000 08:03 3808086                    /lib/x86_64-linux-gnu/libnsl-2.19.so
7f4745819000-7f474581b000 rw-p 00000000 00:00 0 
7f474581b000-7f4745824000 r-xp 00000000 08:03 3808083                    /lib/x86_64-linux-gnu/libnss_compat-2.19.so
7f4745824000-7f4745a23000 ---p 00009000 08:03 3808083                    /lib/x86_64-linux-gnu/libnss_compat-2.19.so
7f4745a23000-7f4745a24000 r--p 00008000 08:03 3808083                    /lib/x86_64-linux-gnu/libnss_compat-2.19.so
7f4745a24000-7f4745a25000 rw-p 00009000 08:03 3808083                    /lib/x86_64-linux-gnu/libnss_compat-2.19.so
7f4745a25000-7f4745a50000 r-xp 00000000 08:03 3421494                    /usr/lib/jvm/java-7-openjdk-amd64/jre/lib/amd64/libjava.so
7f4745a50000-7f4745c50000 ---p 0002b000 08:03 3421494                    /usr/lib/jvm/java-7-openjdk-amd64/jre/lib/amd64/libjava.so
7f4745c50000-7f4745c51000 r--p 0002b000 08:03 3421494                    /usr/lib/jvm/java-7-openjdk-amd64/jre/lib/amd64/libjava.so
7f4745c51000-7f4745c53000 rw-p 0002c000 08:03 3421494                    /usr/lib/jvm/java-7-openjdk-amd64/jre/lib/amd64/libjava.so
7f4745c53000-7f4745c63000 r-xp 00000000 08:03 3421493                    /usr/lib/jvm/java-7-openjdk-amd64/jre/lib/amd64/libverify.so
7f4745c63000-7f4745e62000 ---p 00010000 08:03 3421493                    /usr/lib/jvm/java-7-openjdk-amd64/jre/lib/amd64/libverify.so
7f4745e62000-7f4745e64000 r--p 0000f000 08:03 3421493                    /usr/lib/jvm/java-7-openjdk-amd64/jre/lib/amd64/libverify.so
7f4745e64000-7f4745e65000 rw-p 00011000 08:03 3421493                    /usr/lib/jvm/java-7-openjdk-amd64/jre/lib/amd64/libverify.so
7f4745e65000-7f4745e6c000 r-xp 00000000 08:03 3808078                    /lib/x86_64-linux-gnu/librt-2.19.so
7f4745e6c000-7f474606b000 ---p 00007000 08:03 3808078                    /lib/x86_64-linux-gnu/librt-2.19.so
7f474606b000-7f474606c000 r--p 00006000 08:03 3808078                    /lib/x86_64-linux-gnu/librt-2.19.so
7f474606c000-7f474606d000 rw-p 00007000 08:03 3808078                    /lib/x86_64-linux-gnu/librt-2.19.so
7f474606d000-7f4746083000 r-xp 00000000 08:03 3805097                    /lib/x86_64-linux-gnu/libgcc_s.so.1
7f4746083000-7f4746282000 ---p 00016000 08:03 3805097                    /lib/x86_64-linux-gnu/libgcc_s.so.1
7f4746282000-7f4746283000 rw-p 00015000 08:03 3805097                    /lib/x86_64-linux-gnu/libgcc_s.so.1
7f4746283000-7f4746388000 r-xp 00000000 08:03 3808085                    /lib/x86_64-linux-gnu/libm-2.19.so
7f4746388000-7f4746587000 ---p 00105000 08:03 3808085                    /lib/x86_64-linux-gnu/libm-2.19.so
7f4746587000-7f4746588000 r--p 00104000 08:03 3808085                    /lib/x86_64-linux-gnu/libm-2.19.so
7f4746588000-7f4746589000 rw-p 00105000 08:03 3808085                    /lib/x86_64-linux-gnu/libm-2.19.so
7f4746589000-7f474666f000 r-xp 00000000 08:03 1975237                    /usr/lib/x86_64-linux-gnu/libstdc++.so.6.0.19
7f474666f000-7f474686e000 ---p 000e6000 08:03 1975237                    /usr/lib/x86_64-linux-gnu/libstdc++.so.6.0.19
7f474686e000-7f4746876000 r--p 000e5000 08:03 1975237                    /usr/lib/x86_64-linux-gnu/libstdc++.so.6.0.19
7f4746876000-7f4746878000 rw-p 000ed000 08:03 1975237                    /usr/lib/x86_64-linux-gnu/libstdc++.so.6.0.19
7f4746878000-7f474688d000 rw-p 00000000 00:00 0 
7f474688d000-7f47473a5000 r-xp 00000000 08:03 3803530                    /usr/lib/jvm/java-7-openjdk-amd64/jre/lib/amd64/server/libjvm.so
7f47473a5000-7f47475a5000 ---p 00b18000 08:03 3803530                    /usr/lib/jvm/java-7-openjdk-amd64/jre/lib/amd64/server/libjvm.so
7f47475a5000-7f474763f000 r--p 00b18000 08:03 3803530                    /usr/lib/jvm/java-7-openjdk-amd64/jre/lib/amd64/server/libjvm.so
7f474763f000-7f4747662000 rw-p 00bb2000 08:03 3803530                    /usr/lib/jvm/java-7-openjdk-amd64/jre/lib/amd64/server/libjvm.so
7f4747662000-7f4747690000 rw-p 00000000 00:00 0 
7f4747690000-7f47476a8000 r-xp 00000000 08:03 3805283                    /lib/x86_64-linux-gnu/libz.so.1.2.8
7f47476a8000-7f47478a7000 ---p 00018000 08:03 3805283                    /lib/x86_64-linux-gnu/libz.so.1.2.8
7f47478a7000-7f47478a8000 r--p 00017000 08:03 3805283                    /lib/x86_64-linux-gnu/libz.so.1.2.8
7f47478a8000-7f47478a9000 rw-p 00018000 08:03 3805283                    /lib/x86_64-linux-gnu/libz.so.1.2.8
7f47478a9000-7f47478c2000 r-xp 00000000 08:03 3808094                    /lib/x86_64-linux-gnu/libpthread-2.19.so
7f47478c2000-7f4747ac1000 ---p 00019000 08:03 3808094                    /lib/x86_64-linux-gnu/libpthread-2.19.so
7f4747ac1000-7f4747ac2000 r--p 00018000 08:03 3808094                    /lib/x86_64-linux-gnu/libpthread-2.19.so
7f4747ac2000-7f4747ac3000 rw-p 00019000 08:03 3808094                    /lib/x86_64-linux-gnu/libpthread-2.19.so
7f4747ac3000-7f4747ac7000 rw-p 00000000 00:00 0 
7f4747ac7000-7f4747aca000 r-xp 00000000 08:03 3808081                    /lib/x86_64-linux-gnu/libdl-2.19.so
7f4747aca000-7f4747cc9000 ---p 00003000 08:03 3808081                    /lib/x86_64-linux-gnu/libdl-2.19.so
7f4747cc9000-7f4747cca000 r--p 00002000 08:03 3808081                    /lib/x86_64-linux-gnu/libdl-2.19.so
7f4747cca000-7f4747ccb000 rw-p 00003000 08:03 3808081                    /lib/x86_64-linux-gnu/libdl-2.19.so
7f4747ccb000-7f4747e86000 r-xp 00000000 08:03 3808077                    /lib/x86_64-linux-gnu/libc-2.19.so
7f4747e86000-7f4748086000 ---p 001bb000 08:03 3808077                    /lib/x86_64-linux-gnu/libc-2.19.so
7f4748086000-7f474808a000 r--p 001bb000 08:03 3808077                    /lib/x86_64-linux-gnu/libc-2.19.so
7f474808a000-7f474808c000 rw-p 001bf000 08:03 3808077                    /lib/x86_64-linux-gnu/libc-2.19.so
7f474808c000-7f4748091000 rw-p 00000000 00:00 0 
7f4748091000-7f474809e000 r-xp 00000000 08:03 3677423                    /usr/lib/jvm/java-7-openjdk-amd64/jre/lib/amd64/jli/libjli.so
7f474809e000-7f474829d000 ---p 0000d000 08:03 3677423                    /usr/lib/jvm/java-7-openjdk-amd64/jre/lib/amd64/jli/libjli.so
7f474829d000-7f474829e000 r--p 0000c000 08:03 3677423                    /usr/lib/jvm/java-7-openjdk-amd64/jre/lib/amd64/jli/libjli.so
7f474829e000-7f474829f000 rw-p 0000d000 08:03 3677423                    /usr/lib/jvm/java-7-openjdk-amd64/jre/lib/amd64/jli/libjli.so
7f474829f000-7f47482c2000 r-xp 00000000 08:03 3808075                    /lib/x86_64-linux-gnu/ld-2.19.so
7f47482c5000-7f47482e5000 rw-p 00000000 00:00 0 
7f47482e5000-7f474839b000 rw-p 00000000 00:00 0 
7f474839b000-7f474839e000 ---p 00000000 00:00 0 
7f474839e000-7f47484a2000 rw-p 00000000 00:00 0                          [stack:10299]
7f47484a2000-7f47484a3000 r--s 00002000 08:03 3677421                    /usr/lib/jvm/java-7-openjdk-amd64/jre/lib/ext/dnsns.jar
7f47484a3000-7f47484a7000 r--s 0003c000 08:03 3673780                    /usr/lib/jvm/java-7-openjdk-amd64/jre/lib/ext/sunpkcs11.jar
7f47484a7000-7f47484a9000 r--s 00012000 08:03 3675160                    /usr/lib/jvm/java-7-openjdk-amd64/jre/lib/ext/zipfs.jar
7f47484a9000-7f47484ab000 r--s 00006000 08:03 2369052                    /usr/share/java/java-atk-wrapper.jar
7f47484ab000-7f47484ae000 r--s 0000f000 08:03 3673572                    /usr/lib/jvm/java-7-openjdk-amd64/jre/lib/ext/icedtea-sound.jar
7f47484ae000-7f47484b2000 r--s 00034000 08:03 3675158                    /usr/lib/jvm/java-7-openjdk-amd64/jre/lib/ext/sunjce_provider.jar
7f47484b2000-7f47484b5000 r--s 00086000 08:03 3677422                    /usr/lib/jvm/java-7-openjdk-amd64/jre/lib/ext/localedata.jar
7f47484b5000-7f47484bd000 rw-s 00000000 08:03 786734                     /tmp/hsperfdata_nishant/10297
7f47484bd000-7f47484be000 rw-p 00000000 00:00 0 
7f47484be000-7f47484bf000 ---p 00000000 00:00 0 
7f47484bf000-7f47484c1000 rw-p 00000000 00:00 0 
7f47484c1000-7f47484c2000 r--p 00022000 08:03 3808075                    /lib/x86_64-linux-gnu/ld-2.19.so
7f47484c2000-7f47484c3000 rw-p 00023000 08:03 3808075                    /lib/x86_64-linux-gnu/ld-2.19.so
7f47484c3000-7f47484c4000 rw-p 00000000 00:00 0 
7fff2101c000-7fff21040000 rw-p 00000000 00:00 0                          [stack]
7fff2118c000-7fff2118e000 r-xp 00000000 00:00 0                          [vdso]
ffffffffff600000-ffffffffff601000 r-xp 00000000 00:00 0                  [vsyscall]

VM Arguments:
jvm_args: -Dfile.encoding=UTF-8 
java_command: iitp.graph.seq.test.ValidateProperGraphColor
Launcher Type: SUN_STANDARD

Environment Variables:
PATH=/usr/local/sbin:/usr/local/bin:/usr/sbin:/usr/bin:/sbin:/bin:/usr/games:/usr/local/games
USERNAME=nishant
SHELL=/bin/bash
DISPLAY=:0

Signal Handlers:
SIGSEGV: [libjvm.so+0x94b4b0], sa_mask[0]=0x7ffbfeff, sa_flags=0x10000004
SIGBUS: [libjvm.so+0x94b4b0], sa_mask[0]=0x7ffbfeff, sa_flags=0x10000004
SIGFPE: [libjvm.so+0x7c3390], sa_mask[0]=0x7ffbfeff, sa_flags=0x10000004
SIGPIPE: [libjvm.so+0x7c3390], sa_mask[0]=0x7ffbfeff, sa_flags=0x10000004
SIGXFSZ: [libjvm.so+0x7c3390], sa_mask[0]=0x7ffbfeff, sa_flags=0x10000004
SIGILL: [libjvm.so+0x7c3390], sa_mask[0]=0x7ffbfeff, sa_flags=0x10000004
SIGUSR1: SIG_DFL, sa_mask[0]=0x00000000, sa_flags=0x00000000
SIGUSR2: [libjvm.so+0x7c3230], sa_mask[0]=0x00000004, sa_flags=0x10000004
SIGHUP: [libjvm.so+0x7c3410], sa_mask[0]=0x7ffbfeff, sa_flags=0x10000004
SIGINT: [libjvm.so+0x7c3410], sa_mask[0]=0x7ffbfeff, sa_flags=0x10000004
SIGTERM: [libjvm.so+0x7c3410], sa_mask[0]=0x7ffbfeff, sa_flags=0x10000004
SIGQUIT: [libjvm.so+0x7c3410], sa_mask[0]=0x7ffbfeff, sa_flags=0x10000004
SIGTRAP: SIG_DFL, sa_mask[0]=0x00000000, sa_flags=0x00000000


---------------  S Y S T E M  ---------------

OS:Ubuntu 14.04 (trusty)
uname:Linux 3.13.0-46-generic #75-Ubuntu SMP Tue Feb 10 15:24:04 UTC 2015 x86_64
libc:glibc 2.19 NPTL 2.19 
rlimit: STACK 8192k, CORE 0k, NPROC 30524, NOFILE 4096, AS infinity
load average:2.86 1.91 1.57

/proc/meminfo:
MemTotal:        3928732 kB
MemFree:          120024 kB
Buffers:            1172 kB
Cached:           489732 kB
SwapCached:            0 kB
Active:          3187224 kB
Inactive:         454536 kB
Active(anon):    3155196 kB
Inactive(anon):   421388 kB
Active(file):      32028 kB
Inactive(file):    33148 kB
Unevictable:          16 kB
Mlocked:              16 kB
SwapTotal:             0 kB
SwapFree:              0 kB
Dirty:             17284 kB
Writeback:             0 kB
AnonPages:       3151872 kB
Mapped:           150912 kB
Shmem:            424728 kB
Slab:              63880 kB
SReclaimable:      29728 kB
SUnreclaim:        34152 kB
KernelStack:        4832 kB
PageTables:        39944 kB
NFS_Unstable:          0 kB
Bounce:                0 kB
WritebackTmp:          0 kB
CommitLimit:     1964364 kB
Committed_AS:    7179872 kB
VmallocTotal:   34359738367 kB
VmallocUsed:      400144 kB
VmallocChunk:   34359308240 kB
HardwareCorrupted:     0 kB
AnonHugePages:   1118208 kB
HugePages_Total:       0
HugePages_Free:        0
HugePages_Rsvd:        0
HugePages_Surp:        0
Hugepagesize:       2048 kB
DirectMap4k:      110612 kB
DirectMap2M:     3964928 kB


CPU:total 4 (2 cores per cpu, 2 threads per core) family 6 model 42 stepping 7, cmov, cx8, fxsr, mmx, sse, sse2, sse3, ssse3, sse4.1, sse4.2, popcnt, avx, ht, tsc, tscinvbit

/proc/cpuinfo:
processor	: 0
vendor_id	: GenuineIntel
cpu family	: 6
model		: 42
model name	: Intel(R) Core(TM) i3-2350M CPU @ 2.30GHz
stepping	: 7
microcode	: 0x28
cpu MHz		: 2300.000
cache size	: 3072 KB
physical id	: 0
siblings	: 4
core id		: 0
cpu cores	: 2
apicid		: 0
initial apicid	: 0
fpu		: yes
fpu_exception	: yes
cpuid level	: 13
wp		: yes
flags		: fpu vme de pse tsc msr pae mce cx8 apic sep mtrr pge mca cmov pat pse36 clflush dts acpi mmx fxsr sse sse2 ss ht tm pbe syscall nx rdtscp lm constant_tsc arch_perfmon pebs bts rep_good nopl xtopology nonstop_tsc aperfmperf eagerfpu pni pclmulqdq dtes64 monitor ds_cpl vmx est tm2 ssse3 cx16 xtpr pdcm pcid sse4_1 sse4_2 x2apic popcnt tsc_deadline_timer xsave avx lahf_lm arat epb xsaveopt pln pts dtherm tpr_shadow vnmi flexpriority ept vpid
bogomips	: 4589.39
clflush size	: 64
cache_alignment	: 64
address sizes	: 36 bits physical, 48 bits virtual
power management:

processor	: 1
vendor_id	: GenuineIntel
cpu family	: 6
model		: 42
model name	: Intel(R) Core(TM) i3-2350M CPU @ 2.30GHz
stepping	: 7
microcode	: 0x28
cpu MHz		: 2300.000
cache size	: 3072 KB
physical id	: 0
siblings	: 4
core id		: 1
cpu cores	: 2
apicid		: 2
initial apicid	: 2
fpu		: yes
fpu_exception	: yes
cpuid level	: 13
wp		: yes
flags		: fpu vme de pse tsc msr pae mce cx8 apic sep mtrr pge mca cmov pat pse36 clflush dts acpi mmx fxsr sse sse2 ss ht tm pbe syscall nx rdtscp lm constant_tsc arch_perfmon pebs bts rep_good nopl xtopology nonstop_tsc aperfmperf eagerfpu pni pclmulqdq dtes64 monitor ds_cpl vmx est tm2 ssse3 cx16 xtpr pdcm pcid sse4_1 sse4_2 x2apic popcnt tsc_deadline_timer xsave avx lahf_lm arat epb xsaveopt pln pts dtherm tpr_shadow vnmi flexpriority ept vpid
bogomips	: 4589.39
clflush size	: 64
cache_alignment	: 64
address sizes	: 36 bits physical, 48 bits virtual
power management:

processor	: 2
vendor_id	: GenuineIntel
cpu family	: 6
model		: 42
model name	: Intel(R) Core(TM) i3-2350M CPU @ 2.30GHz
stepping	: 7
microcode	: 0x28
cpu MHz		: 2300.000
cache size	: 3072 KB
physical id	: 0
siblings	: 4
core id		: 0
cpu cores	: 2
apicid		: 1
initial apicid	: 1
fpu		: yes
fpu_exception	: yes
cpuid level	: 13
wp		: yes
flags		: fpu vme de pse tsc msr pae mce cx8 apic sep mtrr pge mca cmov pat pse36 clflush dts acpi mmx fxsr sse sse2 ss ht tm pbe syscall nx rdtscp lm constant_tsc arch_perfmon pebs bts rep_good nopl xtopology nonstop_tsc aperfmperf eagerfpu pni pclmulqdq dtes64 monitor ds_cpl vmx est tm2 ssse3 cx16 xtpr pdcm pcid sse4_1 sse4_2 x2apic popcnt tsc_deadline_timer xsave avx lahf_lm arat epb xsaveopt pln pts dtherm tpr_shadow vnmi flexpriority ept vpid
bogomips	: 4589.39
clflush size	: 64
cache_alignment	: 64
address sizes	: 36 bits physical, 48 bits virtual
power management:

processor	: 3
vendor_id	: GenuineIntel
cpu family	: 6
model		: 42
model name	: Intel(R) Core(TM) i3-2350M CPU @ 2.30GHz
stepping	: 7
microcode	: 0x28
cpu MHz		: 800.000
cache size	: 3072 KB
physical id	: 0
siblings	: 4
core id		: 1
cpu cores	: 2
apicid		: 3
initial apicid	: 3
fpu		: yes
fpu_exception	: yes
cpuid level	: 13
wp		: yes
flags		: fpu vme de pse tsc msr pae mce cx8 apic sep mtrr pge mca cmov pat pse36 clflush dts acpi mmx fxsr sse sse2 ss ht tm pbe syscall nx rdtscp lm constant_tsc arch_perfmon pebs bts rep_good nopl xtopology nonstop_tsc aperfmperf eagerfpu pni pclmulqdq dtes64 monitor ds_cpl vmx est tm2 ssse3 cx16 xtpr pdcm pcid sse4_1 sse4_2 x2apic popcnt tsc_deadline_timer xsave avx lahf_lm arat epb xsaveopt pln pts dtherm tpr_shadow vnmi flexpriority ept vpid
bogomips	: 4589.39
clflush size	: 64
cache_alignment	: 64
address sizes	: 36 bits physical, 48 bits virtual
power management:



Memory: 4k page, physical 3928732k(120024k free), swap 0k(0k free)

vm_info: OpenJDK 64-Bit Server VM (24.75-b04) for linux-amd64 JRE (1.7.0_75-b13), built on Jan 27 2015 00:38:59 by "buildd" with gcc 4.8.2

time: Mon Feb 23 13:22:16 2015
elapsed time: 16 seconds

