#
# There is insufficient memory for the Java Runtime Environment to continue.
# Native memory allocation (malloc) failed to allocate 105381888 bytes for committing reserved memory.
# Possible reasons:
#   The system is out of physical RAM or swap space
#   In 32 bit mode, the process size limit was hit
# Possible solutions:
#   Reduce memory load on the system
#   Increase physical memory or swap space
#   Check if swap backing store is full
#   Use 64 bit Java on a 64 bit OS
#   Decrease Java heap size (-Xmx/-Xms)
#   Decrease number of Java threads
#   Decrease Java thread stack sizes (-Xss)
#   Set larger code cache with -XX:ReservedCodeCacheSize=
# This output file may be truncated or incomplete.
#
#  Out of Memory Error (os_linux.cpp:2798), pid=9658, tid=139653820135168
#
# JRE version: OpenJDK Runtime Environment (7.0_75-b13) (build 1.7.0_75-b13)
# Java VM: OpenJDK 64-Bit Server VM (24.75-b04 mixed mode linux-amd64 compressed oops)
# Derivative: IcedTea 2.5.4
# Distribution: Ubuntu 14.04 LTS, package 7u75-2.5.4-1~trusty1
# Failed to write core dump. Core dumps have been disabled. To enable core dumping, try "ulimit -c unlimited" before starting Java again
#

---------------  T H R E A D  ---------------

Current thread (0x00007f03ac07a800):  VMThread [stack: 0x00007f03b0473000,0x00007f03b0574000] [id=9667]

Stack: [0x00007f03b0473000,0x00007f03b0574000],  sp=0x00007f03b0572490,  free space=1021k
Native frames: (J=compiled Java code, j=interpreted, Vv=VM code, C=native code)
V  [libjvm.so+0x94a9d5]  VMError::report_and_die()+0x175
V  [libjvm.so+0x48b954]  report_vm_out_of_memory(char const*, int, unsigned long, char const*)+0x74
V  [libjvm.so+0x7c7b7b]  os::pd_commit_memory(char*, unsigned long, unsigned long, bool)+0xeb
V  [libjvm.so+0x7c263f]  os::commit_memory(char*, unsigned long, unsigned long, bool)+0x1f
V  [libjvm.so+0x834b1b]  PSVirtualSpace::expand_by(unsigned long)+0x5b
V  [libjvm.so+0x82486b]  PSOldGen::expand_by(unsigned long) [clone .part.80]+0x1b
V  [libjvm.so+0x824a2b]  PSOldGen::expand(unsigned long) [clone .part.81]+0xdb
V  [libjvm.so+0x825958]  PSOldGen::resize(unsigned long)+0x188
V  [libjvm.so+0x82ca24]  PSParallelCompact::invoke_no_policy(bool)+0x9c4
V  [libjvm.so+0x832c5d]  PSScavenge::invoke()+0x17d
V  [libjvm.so+0x7e9203]  ParallelScavengeHeap::failed_mem_allocate(unsigned long)+0x63
V  [libjvm.so+0x94c3d4]  VM_ParallelGCFailedAllocation::doit()+0x84
V  [libjvm.so+0x9508d7]  VM_Operation::evaluate()+0x47
V  [libjvm.so+0x94f248]  VMThread::evaluate_operation(VM_Operation*)+0x318
V  [libjvm.so+0x94f6a9]  VMThread::loop()+0x219
V  [libjvm.so+0x94faf2]  VMThread::run()+0x72
V  [libjvm.so+0x7c4a42]  java_start(Thread*)+0xf2

VM_Operation (0x00007f03726e5420): ParallelGCFailedAllocation, mode: safepoint, requested by thread 0x00007f0368295800


---------------  P R O C E S S  ---------------

Java Threads: ( => current thread )
  0x00007f0368295800 JavaThread "load-0" [_thread_blocked, id=9732, stack(0x00007f03725e6000,0x00007f03726e7000)]
  0x00007f0340001000 JavaThread "netty-server-exec-0" [_thread_blocked, id=9731, stack(0x00007f03726e7000,0x00007f03727e8000)]
  0x0000000000988000 JavaThread "netty-server-worker-0" [_thread_blocked, id=9730, stack(0x00007f03727e8000,0x00007f03728e9000)]
  0x00007f033c002000 JavaThread "netty-client-exec-0" [_thread_blocked, id=9729, stack(0x00007f03728e9000,0x00007f03729ea000)]
  0x00007f0330004800 JavaThread "netty-server-exec-0" [_thread_blocked, id=9728, stack(0x00007f03729ea000,0x00007f0372aeb000)]
  0x00007f036828f000 JavaThread "netty-client-worker-0" [_thread_blocked, id=9727, stack(0x00007f0372aeb000,0x00007f0372bec000)]
  0x00007f0328007000 JavaThread "netty-server-worker-0" [_thread_blocked, id=9726, stack(0x00007f0372bec000,0x00007f0372ced000)]
  0x00007f0350002000 JavaThread "netty-client-exec-0" [_thread_blocked, id=9725, stack(0x00007f0373afb000,0x00007f0373bfc000)]
  0x00007f034c182000 JavaThread "netty-client-worker-0" [_thread_blocked, id=9723, stack(0x00007f0372ced000,0x00007f0372dee000)]
  0x00007f036824e800 JavaThread "netty-server-boss-3" [_thread_blocked, id=9721, stack(0x00007f0372dee000,0x00007f0372eef000)]
  0x00007f0368247000 JavaThread "netty-server-boss-2" [_thread_blocked, id=9720, stack(0x00007f0372eef000,0x00007f0372ff0000)]
  0x00007f034c12a800 JavaThread "netty-server-boss-2" [_thread_blocked, id=9719, stack(0x00007f0372ff0000,0x00007f03730f1000)]
  0x00007f036824a000 JavaThread "netty-server-boss-1" [_thread_blocked, id=9717, stack(0x00007f03731f2000,0x00007f03732f3000)]
  0x00007f034c128800 JavaThread "netty-server-boss-1" [_thread_blocked, id=9716, stack(0x00007f03732f3000,0x00007f03733f4000)]
  0x00007f0368249000 JavaThread "netty-server-boss-0" [_thread_blocked, id=9715, stack(0x00007f03733f4000,0x00007f03734f5000)]
  0x00007f034c127800 JavaThread "netty-server-boss-0" [_thread_blocked, id=9714, stack(0x00007f03734f5000,0x00007f03735f6000)]
  0x00007f036811b800 JavaThread "process reaper" daemon [_thread_blocked, id=9712, stack(0x00007f039800d000,0x00007f0398046000)]
  0x00007f03680c9800 JavaThread "pool-1-thread-1-EventThread" daemon [_thread_blocked, id=9710, stack(0x00007f03735f6000,0x00007f03736f7000)]
  0x00007f03680c7800 JavaThread "pool-1-thread-1-SendThread(localhost:22181)" daemon [_thread_in_native, id=9709, stack(0x00007f03736f7000,0x00007f03737f8000)]
  0x00007f03680f0800 JavaThread "org.apache.giraph.master.MasterThread" [_thread_blocked, id=9708, stack(0x00007f03737f8000,0x00007f03738f9000)]
  0x00007f03680cd000 JavaThread "pool-1-thread-1-EventThread" daemon [_thread_blocked, id=9701, stack(0x00007f03738f9000,0x00007f03739fa000)]
  0x00007f03680d6000 JavaThread "pool-1-thread-1-SendThread(localhost:22181)" daemon [_thread_in_native, id=9700, stack(0x00007f03739fa000,0x00007f0373afb000)]
  0x00007f036808c800 JavaThread "metrics-meter-tick-thread-2" daemon [_thread_blocked, id=9688, stack(0x00007f0373bfc000,0x00007f0373cfd000)]
  0x00007f036808b800 JavaThread "metrics-meter-tick-thread-1" daemon [_thread_blocked, id=9687, stack(0x00007f0373cfd000,0x00007f0373dfe000)]
  0x00007f036801b000 JavaThread "process reaper" daemon [_thread_blocked, id=9681, stack(0x00007f03a801c000,0x00007f03a8055000)]
  0x00007f036800f000 JavaThread "communication thread" daemon [_thread_blocked, id=9679, stack(0x00007f0373dfe000,0x00007f0373eff000)]
  0x00007f036c017000 JavaThread "pool-1-thread-1" [_thread_blocked, id=9678, stack(0x00007f0373eff000,0x00007f0374000000)]
  0x00007f03ac8a5000 JavaThread "Thread-1" [_thread_blocked, id=9677, stack(0x00007f0398046000,0x00007f0398147000)]
  0x00007f03ac0b5000 JavaThread "Service Thread" daemon [_thread_blocked, id=9675, stack(0x00007f03a871c000,0x00007f03a881d000)]
  0x00007f03ac0b3000 JavaThread "C2 CompilerThread1" daemon [_thread_blocked, id=9674, stack(0x00007f03a881d000,0x00007f03a891e000)]
  0x00007f03ac0b0000 JavaThread "C2 CompilerThread0" daemon [_thread_blocked, id=9673, stack(0x00007f03b006f000,0x00007f03b0170000)]
  0x00007f03ac0ae000 JavaThread "Signal Dispatcher" daemon [_thread_blocked, id=9672, stack(0x00007f03b0170000,0x00007f03b0271000)]
  0x00007f03ac081000 JavaThread "Finalizer" daemon [_thread_blocked, id=9671, stack(0x00007f03b0271000,0x00007f03b0372000)]
  0x00007f03ac07f000 JavaThread "Reference Handler" daemon [_thread_blocked, id=9670, stack(0x00007f03b0372000,0x00007f03b0473000)]
  0x00007f03ac00f000 JavaThread "main" [_thread_blocked, id=9660, stack(0x00007f03b55d6000,0x00007f03b56d7000)]

Other Threads:
=>0x00007f03ac07a800 VMThread [stack: 0x00007f03b0473000,0x00007f03b0574000] [id=9667]
  0x00007f03ac0c0000 WatcherThread [stack: 0x00007f03a861b000,0x00007f03a871c000] [id=9676]

VM state:at safepoint (normal execution)

VM Mutex/Monitor currently owned by a thread:  ([mutex/lock_event])
[0x00007f03ac00b1e0] ExpandHeap_lock - owner thread: 0x00007f03ac07a800
[0x00007f03ac00b860] Threads_lock - owner thread: 0x00007f03ac07a800
[0x00007f03ac00bd60] Heap_lock - owner thread: 0x00007f0368295800

Heap
 PSYoungGen      total 268288K, used 3642K [0x00000000ec000000, 0x0000000100000000, 0x0000000100000000)
  eden space 208896K, 0% used [0x00000000ec000000,0x00000000ec000000,0x00000000f8c00000)
  from space 59392K, 6% used [0x00000000f8c00000,0x00000000f8f8e978,0x00000000fc600000)
  to   space 58368K, 0% used [0x00000000fc700000,0x00000000fc700000,0x0000000100000000)
 ParOldGen       total 196608K, used 196376K [0x00000000c4000000, 0x00000000d0000000, 0x00000000ec000000)
  object space 196608K, 99% used [0x00000000c4000000,0x00000000cffc62f0,0x00000000d0000000)
 PSPermGen       total 40960K, used 18740K [0x00000000b9a00000, 0x00000000bc200000, 0x00000000c4000000)
  object space 40960K, 45% used [0x00000000b9a00000,0x00000000bac4d0e0,0x00000000bc200000)

Card table byte_map: [0x00007f03b1fe6000,0x00007f03b221a000] byte_map_base: 0x00007f03b1a19000

Polling page: 0x00007f03b56f8000

Code Cache  [0x00007f03a9000000, 0x00007f03a9270000, 0x00007f03ac000000)
 total_blobs=771 nmethods=400 adapters=324 free_code_cache=47797Kb largest_free_block=48885952

Compilation events (10 events):
Event: 18.579 Thread 0x00007f03ac0b0000 nmethod 410 0x00007f03a90c4210 code [0x00007f03a90c4340, 0x00007f03a90c43b8]
Event: 18.612 Thread 0x00007f03ac0b3000 nmethod 408 0x00007f03a914a2d0 code [0x00007f03a914a4e0, 0x00007f03a914b4d0]
Event: 18.652 Thread 0x00007f03ac0b0000  412             org.apache.hadoop.fs.FSDataInputStream::getPos (13 bytes)
Event: 18.653 Thread 0x00007f03ac0b0000 nmethod 412 0x00007f03a9149f90 code [0x00007f03a914a0e0, 0x00007f03a914a1b8]
Event: 18.654 Thread 0x00007f03ac0b0000  413             org.apache.hadoop.fs.RawLocalFileSystem$LocalFSFileInputStream::getPos (5 bytes)
Event: 18.654 Thread 0x00007f03ac0b0000 nmethod 413 0x00007f03a90730d0 code [0x00007f03a9073200, 0x00007f03a9073258]
Event: 18.655 Thread 0x00007f03ac0b0000  414   !         org.apache.hadoop.fs.ChecksumFileSystem$ChecksumFSInputChecker::readChunk (149 bytes)
Event: 18.664 Thread 0x00007f03ac0b0000 nmethod 414 0x00007f03a91476d0 code [0x00007f03a9147880, 0x00007f03a9147e28]
Event: 18.729 Thread 0x00007f03ac0b3000  415             java.io.DataInputStream::read (12 bytes)
Event: 18.747 Thread 0x00007f03ac0b3000 nmethod 415 0x00007f03a91504d0 code [0x00007f03a9150680, 0x00007f03a9151110]

GC Heap History (10 events):
Event: 16.892 GC heap after
Heap after GC invocations=18 (full 2):
 PSYoungGen      total 278528K, used 21379K [0x00000000ec000000, 0x0000000100000000, 0x0000000100000000)
  eden space 249856K, 0% used [0x00000000ec000000,0x00000000ec000000,0x00000000fb400000)
  from space 28672K, 74% used [0x00000000fe400000,0x00000000ff8e0da8,0x0000000100000000)
  to   space 38912K, 0% used [0x00000000fb400000,0x00000000fb400000,0x00000000fda00000)
 ParOldGen       total 122880K, used 122728K [0x00000000c4000000, 0x00000000cb800000, 0x00000000ec000000)
  object space 122880K, 99% used [0x00000000c4000000,0x00000000cb7da010,0x00000000cb800000)
 PSPermGen       total 42496K, used 18739K [0x00000000b9a00000, 0x00000000bc380000, 0x00000000c4000000)
  object space 42496K, 44% used [0x00000000b9a00000,0x00000000bac4ce28,0x00000000bc380000)
}
Event: 16.893 GC heap before
{Heap before GC invocations=19 (full 3):
 PSYoungGen      total 278528K, used 21379K [0x00000000ec000000, 0x0000000100000000, 0x0000000100000000)
  eden space 249856K, 0% used [0x00000000ec000000,0x00000000ec000000,0x00000000fb400000)
  from space 28672K, 74% used [0x00000000fe400000,0x00000000ff8e0da8,0x0000000100000000)
  to   space 38912K, 0% used [0x00000000fb400000,0x00000000fb400000,0x00000000fda00000)
 ParOldGen       total 122880K, used 122728K [0x00000000c4000000, 0x00000000cb800000, 0x00000000ec000000)
  object space 122880K, 99% used [0x00000000c4000000,0x00000000cb7da010,0x00000000cb800000)
 PSPermGen       total 42496K, used 18739K [0x00000000b9a00000, 0x00000000bc380000, 0x00000000c4000000)
  object space 42496K, 44% used [0x00000000b9a00000,0x00000000bac4ce28,0x00000000bc380000)
Event: 18.174 GC heap after
Heap after GC invocations=19 (full 3):
 PSYoungGen      total 278528K, used 17743K [0x00000000ec000000, 0x0000000100000000, 0x0000000100000000)
  eden space 249856K, 0% used [0x00000000ec000000,0x00000000ec000000,0x00000000fb400000)
  from space 28672K, 61% used [0x00000000fe400000,0x00000000ff553f90,0x0000000100000000)
  to   space 38912K, 0% used [0x00000000fb400000,0x00000000fb400000,0x00000000fda00000)
 ParOldGen       total 196608K, used 122342K [0x00000000c4000000, 0x00000000d0000000, 0x00000000ec000000)
  object space 196608K, 62% used [0x00000000c4000000,0x00000000cb7798c0,0x00000000d0000000)
 PSPermGen       total 40960K, used 18739K [0x00000000b9a00000, 0x00000000bc200000, 0x00000000c4000000)
  object space 40960K, 45% used [0x00000000b9a00000,0x00000000bac4cdc8,0x00000000bc200000)
}
Event: 18.973 GC heap before
{Heap before GC invocations=20 (full 3):
 PSYoungGen      total 278528K, used 267599K [0x00000000ec000000, 0x0000000100000000, 0x0000000100000000)
  eden space 249856K, 100% used [0x00000000ec000000,0x00000000fb400000,0x00000000fb400000)
  from space 28672K, 61% used [0x00000000fe400000,0x00000000ff553f90,0x0000000100000000)
  to   space 38912K, 0% used [0x00000000fb400000,0x00000000fb400000,0x00000000fda00000)
 ParOldGen       total 196608K, used 122342K [0x00000000c4000000, 0x00000000d0000000, 0x00000000ec000000)
  object space 196608K, 62% used [0x00000000c4000000,0x00000000cb7798c0,0x00000000d0000000)
 PSPermGen       total 40960K, used 18740K [0x00000000b9a00000, 0x00000000bc200000, 0x00000000c4000000)
  object space 40960K, 45% used [0x00000000b9a00000,0x00000000bac4d0e0,0x00000000bc200000)
Event: 19.075 GC heap after
Heap after GC invocations=20 (full 3):
 PSYoungGen      total 287744K, used 37635K [0x00000000ec000000, 0x0000000100000000, 0x0000000100000000)
  eden space 249856K, 0% used [0x00000000ec000000,0x00000000ec000000,0x00000000fb400000)
  from space 37888K, 99% used [0x00000000fb400000,0x00000000fd8c0e18,0x00000000fd900000)
  to   space 39936K, 0% used [0x00000000fd900000,0x00000000fd900000,0x0000000100000000)
 ParOldGen       total 196608K, used 122342K [0x00000000c4000000, 0x00000000d0000000, 0x00000000ec000000)
  object space 196608K, 62% used [0x00000000c4000000,0x00000000cb7798c0,0x00000000d0000000)
 PSPermGen       total 40960K, used 18740K [0x00000000b9a00000, 0x00000000bc200000, 0x00000000c4000000)
  object space 40960K, 45% used [0x00000000b9a00000,0x00000000bac4d0e0,0x00000000bc200000)
}
Event: 19.716 GC heap before
{Heap before GC invocations=21 (full 3):
 PSYoungGen      total 287744K, used 287491K [0x00000000ec000000, 0x0000000100000000, 0x0000000100000000)
  eden space 249856K, 100% used [0x00000000ec000000,0x00000000fb400000,0x00000000fb400000)
  from space 37888K, 99% used [0x00000000fb400000,0x00000000fd8c0e18,0x00000000fd900000)
  to   space 39936K, 0% used [0x00000000fd900000,0x00000000fd900000,0x0000000100000000)
 ParOldGen       total 196608K, used 122342K [0x00000000c4000000, 0x00000000d0000000, 0x00000000ec000000)
  object space 196608K, 62% used [0x00000000c4000000,0x00000000cb7798c0,0x00000000d0000000)
 PSPermGen       total 40960K, used 18740K [0x00000000b9a00000, 0x00000000bc200000, 0x00000000c4000000)
  object space 40960K, 45% used [0x00000000b9a00000,0x00000000bac4d0e0,0x00000000bc200000)
Event: 19.871 GC heap after
Heap after GC invocations=21 (full 3):
 PSYoungGen      total 248832K, used 39905K [0x00000000ec000000, 0x0000000100000000, 0x0000000100000000)
  eden space 208896K, 0% used [0x00000000ec000000,0x00000000ec000000,0x00000000f8c00000)
  from space 39936K, 99% used [0x00000000fd900000,0x00000000ffff8678,0x0000000100000000)
  to   space 59392K, 0% used [0x00000000f8c00000,0x00000000f8c00000,0x00000000fc600000)
 ParOldGen       total 196608K, used 147539K [0x00000000c4000000, 0x00000000d0000000, 0x00000000ec000000)
  object space 196608K, 75% used [0x00000000c4000000,0x00000000cd014ff0,0x00000000d0000000)
 PSPermGen       total 40960K, used 18740K [0x00000000b9a00000, 0x00000000bc200000, 0x00000000c4000000)
  object space 40960K, 45% used [0x00000000b9a00000,0x00000000bac4d0e0,0x00000000bc200000)
}
Event: 20.339 GC heap before
{Heap before GC invocations=22 (full 3):
 PSYoungGen      total 248832K, used 248801K [0x00000000ec000000, 0x0000000100000000, 0x0000000100000000)
  eden space 208896K, 100% used [0x00000000ec000000,0x00000000f8c00000,0x00000000f8c00000)
  from space 39936K, 99% used [0x00000000fd900000,0x00000000ffff8678,0x0000000100000000)
  to   space 59392K, 0% used [0x00000000f8c00000,0x00000000f8c00000,0x00000000fc600000)
 ParOldGen       total 196608K, used 147539K [0x00000000c4000000, 0x00000000d0000000, 0x00000000ec000000)
  object space 196608K, 75% used [0x00000000c4000000,0x00000000cd014ff0,0x00000000d0000000)
 PSPermGen       total 40960K, used 18740K [0x00000000b9a00000, 0x00000000bc200000, 0x00000000c4000000)
  object space 40960K, 45% used [0x00000000b9a00000,0x00000000bac4d0e0,0x00000000bc200000)
Event: 20.559 GC heap after
Heap after GC invocations=22 (full 3):
 PSYoungGen      total 268288K, used 29808K [0x00000000ec000000, 0x0000000100000000, 0x0000000100000000)
  eden space 208896K, 0% used [0x00000000ec000000,0x00000000ec000000,0x00000000f8c00000)
  from space 59392K, 50% used [0x00000000f8c00000,0x00000000fa91c230,0x00000000fc600000)
  to   space 58368K, 0% used [0x00000000fc700000,0x00000000fc700000,0x0000000100000000)
 ParOldGen       total 196608K, used 176620K [0x00000000c4000000, 0x00000000d0000000, 0x00000000ec000000)
  object space 196608K, 89% used [0x00000000c4000000,0x00000000cec7b2f8,0x00000000d0000000)
 PSPermGen       total 40960K, used 18740K [0x00000000b9a00000, 0x00000000bc200000, 0x00000000c4000000)
  object space 40960K, 45% used [0x00000000b9a00000,0x00000000bac4d0e0,0x00000000bc200000)
}
Event: 20.559 GC heap before
{Heap before GC invocations=23 (full 4):
 PSYoungGen      total 268288K, used 29808K [0x00000000ec000000, 0x0000000100000000, 0x0000000100000000)
  eden space 208896K, 0% used [0x00000000ec000000,0x00000000ec000000,0x00000000f8c00000)
  from space 59392K, 50% used [0x00000000f8c00000,0x00000000fa91c230,0x00000000fc600000)
  to   space 58368K, 0% used [0x00000000fc700000,0x00000000fc700000,0x0000000100000000)
 ParOldGen       total 196608K, used 176620K [0x00000000c4000000, 0x00000000d0000000, 0x00000000ec000000)
  object space 196608K, 89% used [0x00000000c4000000,0x00000000cec7b2f8,0x00000000d0000000)
 PSPermGen       total 40960K, used 18740K [0x00000000b9a00000, 0x00000000bc200000, 0x00000000c4000000)
  object space 40960K, 45% used [0x00000000b9a00000,0x00000000bac4d0e0,0x00000000bc200000)

Deoptimization events (10 events):
Event: 12.705 Thread 0x00007f036800f000 Uncommon trap: reason=unreached action=reinterpret pc=0x00007f03a9124928 method=java.util.concurrent.ConcurrentHashMap.get(Ljava/lang/Object;)Ljava/lang/Object; @ 47
Event: 12.707 Thread 0x00007f036800f000 Uncommon trap: reason=unreached action=reinterpret pc=0x00007f03a9122094 method=java.util.concurrent.ConcurrentHashMap.putIfAbsent(Ljava/lang/Object;Ljava/lang/Object;)Ljava/lang/Object; @ 59
Event: 15.535 Thread 0x00007f0368295800 Uncommon trap: reason=unloaded action=reinterpret pc=0x00007f03a914d180 method=org.apache.giraph.worker.VertexInputSplitsCallable.readInputSplit(Lorg/apache/hadoop/mapreduce/InputSplit;)Lorg/apache/giraph/graph/VertexEdgeCount; @ 479
Event: 15.535 Thread 0x00007f0368295800 Uncommon trap: reason=class_check action=maybe_recompile pc=0x00007f03a90fcac8 method=java.util.regex.Pattern$BmpCharProperty.match(Ljava/util/regex/Matcher;ILjava/lang/CharSequence;)Z @ 16
Event: 15.535 Thread 0x00007f0368295800 Uncommon trap: reason=class_check action=maybe_recompile pc=0x00007f03a90fcac8 method=java.util.regex.Pattern$BmpCharProperty.match(Ljava/util/regex/Matcher;ILjava/lang/CharSequence;)Z @ 16
Event: 15.535 Thread 0x00007f0368295800 Uncommon trap: reason=class_check action=maybe_recompile pc=0x00007f03a90fcac8 method=java.util.regex.Pattern$BmpCharProperty.match(Ljava/util/regex/Matcher;ILjava/lang/CharSequence;)Z @ 16
Event: 15.535 Thread 0x00007f0368295800 Uncommon trap: reason=class_check action=maybe_recompile pc=0x00007f03a90fcac8 method=java.util.regex.Pattern$BmpCharProperty.match(Ljava/util/regex/Matcher;ILjava/lang/CharSequence;)Z @ 16
Event: 16.119 Thread 0x00007f0368295800 Uncommon trap: reason=unloaded action=reinterpret pc=0x00007f03a915263c method=org.apache.giraph.worker.VertexInputSplitsCallable.readInputSplit(Lorg/apache/hadoop/mapreduce/InputSplit;)Lorg/apache/giraph/graph/VertexEdgeCount; @ 676
Event: 16.119 Thread 0x00007f03680c7800 Uncommon trap: reason=unreached action=reinterpret pc=0x00007f03a9116dc0 method=java.lang.Object.equals(Ljava/lang/Object;)Z @ 2
Event: 16.148 Thread 0x00007f0368295800 Uncommon trap: reason=unreached action=reinterpret pc=0x00007f03a912f2b4 method=org.apache.hadoop.mapreduce.lib.input.LineRecordReader.nextKeyValue()Z @ 4

Internal exceptions (10 events):
Event: 12.706 Thread 0x00007f036800f000 Threw 0x00000000ec3935b0 at /build/buildd/openjdk-7-7u75-2.5.4/build/openjdk/hotspot/src/share/vm/prims/jvm.cpp:1284
Event: 12.706 Thread 0x00007f036800f000 Threw 0x00000000ec39d020 at /build/buildd/openjdk-7-7u75-2.5.4/build/openjdk/hotspot/src/share/vm/prims/jvm.cpp:1284
Event: 12.706 Thread 0x00007f036800f000 Threw 0x00000000ec3a5670 at /build/buildd/openjdk-7-7u75-2.5.4/build/openjdk/hotspot/src/share/vm/prims/jvm.cpp:1284
Event: 12.707 Thread 0x00007f036800f000 Threw 0x00000000ec3af6b8 at /build/buildd/openjdk-7-7u75-2.5.4/build/openjdk/hotspot/src/share/vm/prims/jvm.cpp:1284
Event: 12.707 Thread 0x00007f036800f000 Threw 0x00000000ec3b85a8 at /build/buildd/openjdk-7-7u75-2.5.4/build/openjdk/hotspot/src/share/vm/prims/jvm.cpp:1284
Event: 12.823 Thread 0x00007f03ac00f000 Threw 0x00000000ee8818e8 at /build/buildd/openjdk-7-7u75-2.5.4/build/openjdk/hotspot/src/share/vm/prims/jvm.cpp:1284
Event: 12.824 Thread 0x00007f03ac00f000 Threw 0x00000000eebe8fb8 at /build/buildd/openjdk-7-7u75-2.5.4/build/openjdk/hotspot/src/share/vm/prims/jvm.cpp:1284
Event: 13.835 Thread 0x00007f03ac00f000 Threw 0x00000000fbfdae68 at /build/buildd/openjdk-7-7u75-2.5.4/build/openjdk/hotspot/src/share/vm/prims/jvm.cpp:1284
Event: 13.836 Thread 0x00007f03ac00f000 Threw 0x00000000fbfed580 at /build/buildd/openjdk-7-7u75-2.5.4/build/openjdk/hotspot/src/share/vm/prims/jvm.cpp:1284
Event: 15.538 Thread 0x00007f0368295800 Threw 0x00000000f28a0018 at /build/buildd/openjdk-7-7u75-2.5.4/build/openjdk/hotspot/src/share/vm/prims/jvm.cpp:1284

Events (10 events):
Event: 16.148 Thread 0x00007f0368295800 Uncommon trap: trap_request=0xffffffad fr.pc=0x00007f03a912f2b4
Event: 16.148 Thread 0x00007f0368295800 DEOPT PACKING pc=0x00007f03a912f2b4 sp=0x00007f03726e55a0
Event: 16.148 Thread 0x00007f0368295800 DEOPT UNPACKING pc=0x00007f03a9039445 sp=0x00007f03726e54c0 mode 2
Event: 16.785 Executing VM operation: ParallelGCFailedAllocation
Event: 18.186 Executing VM operation: ParallelGCFailedAllocation done
Event: 18.973 Executing VM operation: ParallelGCFailedAllocation
Event: 19.075 Executing VM operation: ParallelGCFailedAllocation done
Event: 19.716 Executing VM operation: ParallelGCFailedAllocation
Event: 19.871 Executing VM operation: ParallelGCFailedAllocation done
Event: 20.339 Executing VM operation: ParallelGCFailedAllocation


Dynamic libraries:
00400000-00401000 r-xp 00000000 08:03 3041900                            /usr/lib/jvm/java-7-openjdk-amd64/jre/bin/java
00600000-00601000 r--p 00000000 08:03 3041900                            /usr/lib/jvm/java-7-openjdk-amd64/jre/bin/java
00601000-00602000 rw-p 00001000 08:03 3041900                            /usr/lib/jvm/java-7-openjdk-amd64/jre/bin/java
00981000-009a2000 rw-p 00000000 00:00 0                                  [heap]
b9a00000-bc200000 rw-p 00000000 00:00 0 
bc200000-bc380000 ---p 00000000 00:00 0 
bc380000-c4000000 rw-p 00000000 00:00 0 
c4000000-d0000000 rw-p 00000000 00:00 0 
d6480000-ec000000 rw-p 00000000 00:00 0 
ec000000-100000000 rw-p 00000000 00:00 0 
7f0328000000-7f0328021000 rw-p 00000000 00:00 0 
7f0328021000-7f032c000000 ---p 00000000 00:00 0 
7f032c000000-7f032c021000 rw-p 00000000 00:00 0 
7f032c021000-7f0330000000 ---p 00000000 00:00 0 
7f0330000000-7f0330088000 rw-p 00000000 00:00 0 
7f0330088000-7f0334000000 ---p 00000000 00:00 0 
7f0334000000-7f0334021000 rw-p 00000000 00:00 0 
7f0334021000-7f0338000000 ---p 00000000 00:00 0 
7f0338000000-7f0338021000 rw-p 00000000 00:00 0 
7f0338021000-7f033c000000 ---p 00000000 00:00 0 
7f033c000000-7f033c021000 rw-p 00000000 00:00 0 
7f033c021000-7f0340000000 ---p 00000000 00:00 0 
7f0340000000-7f0340021000 rw-p 00000000 00:00 0 
7f0340021000-7f0344000000 ---p 00000000 00:00 0 
7f0344000000-7f0344021000 rw-p 00000000 00:00 0 
7f0344021000-7f0348000000 ---p 00000000 00:00 0 
7f0348000000-7f0348021000 rw-p 00000000 00:00 0 
7f0348021000-7f034c000000 ---p 00000000 00:00 0 
7f034c000000-7f034c196000 rw-p 00000000 00:00 0 
7f034c196000-7f0350000000 ---p 00000000 00:00 0 
7f0350000000-7f0350021000 rw-p 00000000 00:00 0 
7f0350021000-7f0354000000 ---p 00000000 00:00 0 
7f0354000000-7f0354021000 rw-p 00000000 00:00 0 
7f0354021000-7f0358000000 ---p 00000000 00:00 0 
7f0358000000-7f0358021000 rw-p 00000000 00:00 0 
7f0358021000-7f035c000000 ---p 00000000 00:00 0 
7f035c000000-7f035c021000 rw-p 00000000 00:00 0 
7f035c021000-7f0360000000 ---p 00000000 00:00 0 
7f0360000000-7f0360021000 rw-p 00000000 00:00 0 
7f0360021000-7f0364000000 ---p 00000000 00:00 0 
7f0364000000-7f0364021000 rw-p 00000000 00:00 0 
7f0364021000-7f0368000000 ---p 00000000 00:00 0 
7f0368000000-7f03682a0000 rw-p 00000000 00:00 0 
7f03682a0000-7f036c000000 ---p 00000000 00:00 0 
7f036c000000-7f036c022000 rw-p 00000000 00:00 0 
7f036c022000-7f0370000000 ---p 00000000 00:00 0 
7f0372485000-7f03725e6000 rw-p 00000000 00:00 0 
7f03725e6000-7f03725e9000 ---p 00000000 00:00 0 
7f03725e9000-7f03726e7000 rw-p 00000000 00:00 0                          [stack:9732]
7f03726e7000-7f03726ea000 ---p 00000000 00:00 0 
7f03726ea000-7f03727e8000 rw-p 00000000 00:00 0                          [stack:9731]
7f03727e8000-7f03727eb000 ---p 00000000 00:00 0 
7f03727eb000-7f03728e9000 rw-p 00000000 00:00 0                          [stack:9730]
7f03728e9000-7f03728ec000 ---p 00000000 00:00 0 
7f03728ec000-7f03729ea000 rw-p 00000000 00:00 0                          [stack:9729]
7f03729ea000-7f03729ed000 ---p 00000000 00:00 0 
7f03729ed000-7f0372aeb000 rw-p 00000000 00:00 0                          [stack:9728]
7f0372aeb000-7f0372aee000 ---p 00000000 00:00 0 
7f0372aee000-7f0372bec000 rw-p 00000000 00:00 0                          [stack:9727]
7f0372bec000-7f0372bef000 ---p 00000000 00:00 0 
7f0372bef000-7f0372ced000 rw-p 00000000 00:00 0                          [stack:9726]
7f0372ced000-7f0372cf0000 ---p 00000000 00:00 0 
7f0372cf0000-7f0372dee000 rw-p 00000000 00:00 0                          [stack:9723]
7f0372dee000-7f0372df1000 ---p 00000000 00:00 0 
7f0372df1000-7f0372eef000 rw-p 00000000 00:00 0                          [stack:9721]
7f0372eef000-7f0372ef2000 ---p 00000000 00:00 0 
7f0372ef2000-7f0372ff0000 rw-p 00000000 00:00 0                          [stack:9720]
7f0372ff0000-7f0372ff3000 ---p 00000000 00:00 0 
7f0372ff3000-7f03730f1000 rw-p 00000000 00:00 0                          [stack:9719]
7f03730f1000-7f03730f4000 ---p 00000000 00:00 0 
7f03730f4000-7f03731f2000 rw-p 00000000 00:00 0 
7f03731f2000-7f03731f5000 ---p 00000000 00:00 0 
7f03731f5000-7f03732f3000 rw-p 00000000 00:00 0                          [stack:9717]
7f03732f3000-7f03732f6000 ---p 00000000 00:00 0 
7f03732f6000-7f03733f4000 rw-p 00000000 00:00 0                          [stack:9716]
7f03733f4000-7f03733f7000 ---p 00000000 00:00 0 
7f03733f7000-7f03734f5000 rw-p 00000000 00:00 0                          [stack:9715]
7f03734f5000-7f03734f8000 ---p 00000000 00:00 0 
7f03734f8000-7f03735f6000 rw-p 00000000 00:00 0                          [stack:9714]
7f03735f6000-7f03735f9000 ---p 00000000 00:00 0 
7f03735f9000-7f03736f7000 rw-p 00000000 00:00 0                          [stack:9710]
7f03736f7000-7f03736fa000 ---p 00000000 00:00 0 
7f03736fa000-7f03737f8000 rw-p 00000000 00:00 0                          [stack:9709]
7f03737f8000-7f03737fb000 ---p 00000000 00:00 0 
7f03737fb000-7f03738f9000 rw-p 00000000 00:00 0                          [stack:9708]
7f03738f9000-7f03738fc000 ---p 00000000 00:00 0 
7f03738fc000-7f03739fa000 rw-p 00000000 00:00 0                          [stack:9701]
7f03739fa000-7f03739fd000 ---p 00000000 00:00 0 
7f03739fd000-7f0373afb000 rw-p 00000000 00:00 0                          [stack:9700]
7f0373afb000-7f0373afe000 ---p 00000000 00:00 0 
7f0373afe000-7f0373bfc000 rw-p 00000000 00:00 0                          [stack:9725]
7f0373bfc000-7f0373bff000 ---p 00000000 00:00 0 
7f0373bff000-7f0373cfd000 rw-p 00000000 00:00 0                          [stack:9688]
7f0373cfd000-7f0373d00000 ---p 00000000 00:00 0 
7f0373d00000-7f0373dfe000 rw-p 00000000 00:00 0                          [stack:9687]
7f0373dfe000-7f0373e01000 ---p 00000000 00:00 0 
7f0373e01000-7f0373eff000 rw-p 00000000 00:00 0                          [stack:9679]
7f0373eff000-7f0373f02000 ---p 00000000 00:00 0 
7f0373f02000-7f0374000000 rw-p 00000000 00:00 0                          [stack:9678]
7f0374000000-7f0374021000 rw-p 00000000 00:00 0 
7f0374021000-7f0378000000 ---p 00000000 00:00 0 
7f0378000000-7f0378021000 rw-p 00000000 00:00 0 
7f0378021000-7f037c000000 ---p 00000000 00:00 0 
7f037c000000-7f037ca9d000 rw-p 00000000 00:00 0 
7f037ca9d000-7f0380000000 ---p 00000000 00:00 0 
7f0380000000-7f038050e000 rw-p 00000000 00:00 0 
7f038050e000-7f0384000000 ---p 00000000 00:00 0 
7f0384000000-7f0384021000 rw-p 00000000 00:00 0 
7f0384021000-7f0388000000 ---p 00000000 00:00 0 
7f0388000000-7f0388021000 rw-p 00000000 00:00 0 
7f0388021000-7f038c000000 ---p 00000000 00:00 0 
7f038c000000-7f038c0e0000 rw-p 00000000 00:00 0 
7f038c0e0000-7f0390000000 ---p 00000000 00:00 0 
7f0390000000-7f0390021000 rw-p 00000000 00:00 0 
7f0390021000-7f0394000000 ---p 00000000 00:00 0 
7f0394000000-7f0394021000 rw-p 00000000 00:00 0 
7f0394021000-7f0398000000 ---p 00000000 00:00 0 
7f039800d000-7f0398010000 ---p 00000000 00:00 0 
7f0398010000-7f0398046000 rw-p 00000000 00:00 0                          [stack:9712]
7f0398046000-7f0398049000 ---p 00000000 00:00 0 
7f0398049000-7f0398147000 rw-p 00000000 00:00 0                          [stack:9677]
7f0398147000-7f0398148000 r-xp 00000000 08:03 3421488                    /usr/lib/jvm/java-7-openjdk-amd64/jre/lib/amd64/libjaas_unix.so
7f0398148000-7f0398347000 ---p 00001000 08:03 3421488                    /usr/lib/jvm/java-7-openjdk-amd64/jre/lib/amd64/libjaas_unix.so
7f0398347000-7f0398348000 r--p 00000000 08:03 3421488                    /usr/lib/jvm/java-7-openjdk-amd64/jre/lib/amd64/libjaas_unix.so
7f0398348000-7f0398349000 rw-p 00001000 08:03 3421488                    /usr/lib/jvm/java-7-openjdk-amd64/jre/lib/amd64/libjaas_unix.so
7f0398349000-7f0398351000 r-xp 00000000 08:03 3421490                    /usr/lib/jvm/java-7-openjdk-amd64/jre/lib/amd64/libmanagement.so
7f0398351000-7f0398550000 ---p 00008000 08:03 3421490                    /usr/lib/jvm/java-7-openjdk-amd64/jre/lib/amd64/libmanagement.so
7f0398550000-7f0398551000 r--p 00007000 08:03 3421490                    /usr/lib/jvm/java-7-openjdk-amd64/jre/lib/amd64/libmanagement.so
7f0398551000-7f0398552000 rw-p 00008000 08:03 3421490                    /usr/lib/jvm/java-7-openjdk-amd64/jre/lib/amd64/libmanagement.so
7f0398552000-7f039858f000 r-xp 00000000 08:03 3805223                    /lib/x86_64-linux-gnu/libpcre.so.3.13.1
7f039858f000-7f039878e000 ---p 0003d000 08:03 3805223                    /lib/x86_64-linux-gnu/libpcre.so.3.13.1
7f039878e000-7f039878f000 r--p 0003c000 08:03 3805223                    /lib/x86_64-linux-gnu/libpcre.so.3.13.1
7f039878f000-7f0398790000 rw-p 0003d000 08:03 3805223                    /lib/x86_64-linux-gnu/libpcre.so.3.13.1
7f0398790000-7f0398797000 r-xp 00000000 08:03 1974609                    /usr/lib/x86_64-linux-gnu/libffi.so.6.0.1
7f0398797000-7f0398996000 ---p 00007000 08:03 1974609                    /usr/lib/x86_64-linux-gnu/libffi.so.6.0.1
7f0398996000-7f0398997000 r--p 00006000 08:03 1974609                    /usr/lib/x86_64-linux-gnu/libffi.so.6.0.1
7f0398997000-7f0398998000 rw-p 00007000 08:03 1974609                    /usr/lib/x86_64-linux-gnu/libffi.so.6.0.1
7f0398998000-7f03989af000 r-xp 00000000 08:03 3808090                    /lib/x86_64-linux-gnu/libresolv-2.19.so
7f03989af000-7f0398baf000 ---p 00017000 08:03 3808090                    /lib/x86_64-linux-gnu/libresolv-2.19.so
7f0398baf000-7f0398bb0000 r--p 00017000 08:03 3808090                    /lib/x86_64-linux-gnu/libresolv-2.19.so
7f0398bb0000-7f0398bb1000 rw-p 00018000 08:03 3808090                    /lib/x86_64-linux-gnu/libresolv-2.19.so
7f0398bb1000-7f0398bb3000 rw-p 00000000 00:00 0 
7f0398bb3000-7f0398bd3000 r-xp 00000000 08:03 3805250                    /lib/x86_64-linux-gnu/libselinux.so.1
7f0398bd3000-7f0398dd2000 ---p 00020000 08:03 3805250                    /lib/x86_64-linux-gnu/libselinux.so.1
7f0398dd2000-7f0398dd3000 r--p 0001f000 08:03 3805250                    /lib/x86_64-linux-gnu/libselinux.so.1
7f0398dd3000-7f0398dd4000 rw-p 00020000 08:03 3805250                    /lib/x86_64-linux-gnu/libselinux.so.1
7f0398dd4000-7f0398dd6000 rw-p 00000000 00:00 0 
7f0398dd6000-7f0398dd9000 r-xp 00000000 08:03 1966444                    /usr/lib/x86_64-linux-gnu/libgmodule-2.0.so.0.4002.0
7f0398dd9000-7f0398fd8000 ---p 00003000 08:03 1966444                    /usr/lib/x86_64-linux-gnu/libgmodule-2.0.so.0.4002.0
7f0398fd8000-7f0398fd9000 r--p 00002000 08:03 1966444                    /usr/lib/x86_64-linux-gnu/libgmodule-2.0.so.0.4002.0
7f0398fd9000-7f0398fda000 rw-p 00003000 08:03 1966444                    /usr/lib/x86_64-linux-gnu/libgmodule-2.0.so.0.4002.0
7f0398fda000-7f03990e0000 r-xp 00000000 08:03 3805065                    /lib/x86_64-linux-gnu/libglib-2.0.so.0.4002.0
7f03990e0000-7f03992df000 ---p 00106000 08:03 3805065                    /lib/x86_64-linux-gnu/libglib-2.0.so.0.4002.0
7f03992df000-7f03992e0000 r--p 00105000 08:03 3805065                    /lib/x86_64-linux-gnu/libglib-2.0.so.0.4002.0
7f03992e0000-7f03992e1000 rw-p 00106000 08:03 3805065                    /lib/x86_64-linux-gnu/libglib-2.0.so.0.4002.0
7f03992e1000-7f03992e2000 rw-p 00000000 00:00 0 
7f03992e2000-7f0399331000 r-xp 00000000 08:03 1966462                    /usr/lib/x86_64-linux-gnu/libgobject-2.0.so.0.4002.0
7f0399331000-7f0399531000 ---p 0004f000 08:03 1966462                    /usr/lib/x86_64-linux-gnu/libgobject-2.0.so.0.4002.0
7f0399531000-7f0399532000 r--p 0004f000 08:03 1966462                    /usr/lib/x86_64-linux-gnu/libgobject-2.0.so.0.4002.0
7f0399532000-7f0399533000 rw-p 00050000 08:03 1966462                    /usr/lib/x86_64-linux-gnu/libgobject-2.0.so.0.4002.0
7f0399533000-7f039969f000 r-xp 00000000 08:03 1966466                    /usr/lib/x86_64-linux-gnu/libgio-2.0.so.0.4002.0
7f039969f000-7f039989e000 ---p 0016c000 08:03 1966466                    /usr/lib/x86_64-linux-gnu/libgio-2.0.so.0.4002.0
7f039989e000-7f03998a2000 r--p 0016b000 08:03 1966466                    /usr/lib/x86_64-linux-gnu/libgio-2.0.so.0.4002.0
7f03998a2000-7f03998a4000 rw-p 0016f000 08:03 1966466                    /usr/lib/x86_64-linux-gnu/libgio-2.0.so.0.4002.0
7f03998a4000-7f03998a6000 rw-p 00000000 00:00 0 
7f03998a6000-7f03998bd000 r-xp 00000000 08:03 3421486                    /usr/lib/jvm/java-7-openjdk-amd64/jre/lib/amd64/libnet.so
7f03998bd000-7f0399abc000 ---p 00017000 08:03 3421486                    /usr/lib/jvm/java-7-openjdk-amd64/jre/lib/amd64/libnet.so
7f0399abc000-7f0399abd000 r--p 00016000 08:03 3421486                    /usr/lib/jvm/java-7-openjdk-amd64/jre/lib/amd64/libnet.so
7f0399abd000-7f0399abe000 rw-p 00017000 08:03 3421486                    /usr/lib/jvm/java-7-openjdk-amd64/jre/lib/amd64/libnet.so
7f0399abe000-7f0399ace000 r-xp 00000000 08:03 3421482                    /usr/lib/jvm/java-7-openjdk-amd64/jre/lib/amd64/libnio.so
7f0399ace000-7f0399cce000 ---p 00010000 08:03 3421482                    /usr/lib/jvm/java-7-openjdk-amd64/jre/lib/amd64/libnio.so
7f0399cce000-7f0399ccf000 r--p 00010000 08:03 3421482                    /usr/lib/jvm/java-7-openjdk-amd64/jre/lib/amd64/libnio.so
7f0399ccf000-7f0399cd0000 rw-p 00011000 08:03 3421482                    /usr/lib/jvm/java-7-openjdk-amd64/jre/lib/amd64/libnio.so
7f0399cd0000-7f039c000000 rw-p 00000000 00:00 0 
7f039c000000-7f039c021000 rw-p 00000000 00:00 0 
7f039c021000-7f03a0000000 ---p 00000000 00:00 0 
7f03a0000000-7f03a0021000 rw-p 00000000 00:00 0 
7f03a0021000-7f03a4000000 ---p 00000000 00:00 0 
7f03a4000000-7f03a4021000 rw-p 00000000 00:00 0 
7f03a4021000-7f03a8000000 ---p 00000000 00:00 0 
7f03a801c000-7f03a801f000 ---p 00000000 00:00 0 
7f03a801f000-7f03a8086000 rw-p 00000000 00:00 0                          [stack:9681]
7f03a8088000-7f03a8089000 rw-p 00000000 00:00 0 
7f03a8089000-7f03a8093000 r--s 00203000 08:03 3180411                    /usr/lib/jvm/java-7-openjdk-amd64/jre/lib/charsets.jar
7f03a8093000-7f03a8096000 r--s 00017000 08:03 3177118                    /usr/lib/jvm/java-7-openjdk-amd64/jre/lib/jce.jar
7f03a8096000-7f03a809a000 r--s 0004d000 08:03 3180408                    /usr/lib/jvm/java-7-openjdk-amd64/jre/lib/jsse.jar
7f03a809a000-7f03a80a3000 r--s 000b9000 08:03 3180407                    /usr/lib/jvm/java-7-openjdk-amd64/jre/lib/resources.jar
7f03a80a3000-7f03a80a8000 r--s 00040000 08:03 3418916                    /usr/local/hadoop/lib/commons-httpclient-3.0.1.jar
7f03a80a8000-7f03a80aa000 r--s 0000d000 08:03 3418887                    /usr/local/hadoop/lib/commons-logging-1.1.1.jar
7f03a80aa000-7f03a80e4000 r--s 003c9000 08:03 1977934                    /usr/local/hadoop/hadoop-core-1.2.1.jar
7f03a80e4000-7f03a80f0000 r--s 000b3000 08:03 4595487                    /home/nishant/Downloads/giraph-1.1.0-for-hadoop-1.2.1/lib/zookeeper-3.4.5.jar
7f03a80f0000-7f03a80f2000 r--s 00014000 08:03 4595478                    /home/nishant/Downloads/giraph-1.1.0-for-hadoop-1.2.1/lib/yjp-controller-api-redist-11.0.10.jar
7f03a80f2000-7f03a80f6000 r--s 00014000 08:03 4595565                    /home/nishant/Downloads/giraph-1.1.0-for-hadoop-1.2.1/lib/xz-1.0.jar
7f03a80f6000-7f03a80fa000 r--s 00024000 08:03 4595541                    /home/nishant/Downloads/giraph-1.1.0-for-hadoop-1.2.1/lib/xmlschema-core-2.0.1.jar
7f03a80fa000-7f03a80ff000 r--s 00020000 08:03 4595546                    /home/nishant/Downloads/giraph-1.1.0-for-hadoop-1.2.1/lib/wsdl4j-1.6.2.jar
7f03a80ff000-7f03a8104000 r--s 00070000 08:03 4595542                    /home/nishant/Downloads/giraph-1.1.0-for-hadoop-1.2.1/lib/woodstox-core-asl-4.1.1.jar
7f03a8104000-7f03a810c000 r--s 00066000 08:03 4595515                    /home/nishant/Downloads/giraph-1.1.0-for-hadoop-1.2.1/lib/velocity-1.7.jar
7f03a810c000-7f03a8110000 r--s 0000c000 08:03 4595460                    /home/nishant/Downloads/giraph-1.1.0-for-hadoop-1.2.1/lib/validation-api-1.1.0.Final.jar
7f03a8110000-7f03a8112000 r--s 00002000 08:03 4595459                    /home/nishant/Downloads/giraph-1.1.0-for-hadoop-1.2.1/lib/units-0.91.jar
7f03a8112000-7f03a8113000 r--s 00001000 08:03 4595492                    /home/nishant/Downloads/giraph-1.1.0-for-hadoop-1.2.1/lib/typetools-0.2.1.jar
7f03a8113000-7f03a8116000 r--s 00016000 08:03 4595467                    /home/nishant/Downloads/giraph-1.1.0-for-hadoop-1.2.1/lib/swift-service-0.13.1.jar
7f03a8116000-7f03a811b000 r--s 0002b000 08:03 4595465                    /home/nishant/Downloads/giraph-1.1.0-for-hadoop-1.2.1/lib/swift-codec-0.13.1.jar
7f03a811b000-7f03a811d000 r--s 00001000 08:03 4595464                    /home/nishant/Downloads/giraph-1.1.0-for-hadoop-1.2.1/lib/swift-annotations-0.13.1.jar
7f03a811d000-7f03a8120000 r--s 00022000 08:03 4595502                    /home/nishant/Downloads/giraph-1.1.0-for-hadoop-1.2.1/lib/stringtemplate-3.2.1.jar
7f03a8120000-7f03a8122000 r--s 00005000 08:03 4595569                    /home/nishant/Downloads/giraph-1.1.0-for-hadoop-1.2.1/lib/stax-api-1.0.1.jar
7f03a8122000-7f03a8126000 r--s 00029000 08:03 4595543                    /home/nishant/Downloads/giraph-1.1.0-for-hadoop-1.2.1/lib/stax2-api-3.1.1.jar
7f03a8126000-7f03a8128000 r--s 00019000 08:03 4595473                    /home/nishant/Downloads/giraph-1.1.0-for-hadoop-1.2.1/lib/stats-0.91.jar
7f03a8128000-7f03a812c000 r--s 00036000 08:03 4595504                    /home/nishant/Downloads/giraph-1.1.0-for-hadoop-1.2.1/lib/ST4-4.0.4.jar
7f03a812c000-7f03a8136000 r--s 00058000 08:03 4595556                    /home/nishant/Downloads/giraph-1.1.0-for-hadoop-1.2.1/lib/spring-web-3.0.6.RELEASE.jar
7f03a8136000-7f03a813a000 r--s 00026000 08:03 4595560                    /home/nishant/Downloads/giraph-1.1.0-for-hadoop-1.2.1/lib/spring-expression-3.0.6.RELEASE.jar
7f03a813a000-7f03a8143000 r--s 00055000 08:03 4595550                    /home/nishant/Downloads/giraph-1.1.0-for-hadoop-1.2.1/lib/spring-core-3.0.6.RELEASE.jar
7f03a8143000-7f03a8154000 r--s 00093000 08:03 4595558                    /home/nishant/Downloads/giraph-1.1.0-for-hadoop-1.2.1/lib/spring-context-3.0.6.RELEASE.jar
7f03a8154000-7f03a815f000 r--s 0007d000 08:03 4595557                    /home/nishant/Downloads/giraph-1.1.0-for-hadoop-1.2.1/lib/spring-beans-3.0.6.RELEASE.jar
7f03a815f000-7f03a8160000 r--s 0000c000 08:03 4595551                    /home/nishant/Downloads/giraph-1.1.0-for-hadoop-1.2.1/lib/spring-asm-3.0.6.RELEASE.jar
7f03a8160000-7f03a8169000 r--s 00046000 08:03 4595559                    /home/nishant/Downloads/giraph-1.1.0-for-hadoop-1.2.1/lib/spring-aop-3.0.6.RELEASE.jar
7f03a8169000-7f03a816b000 r--s 00130000 08:03 4595563                    /home/nishant/Downloads/giraph-1.1.0-for-hadoop-1.2.1/lib/snappy-java-1.0.5.jar
7f03a816b000-7f03a816c000 r--s 00009000 08:03 4595476                    /home/nishant/Downloads/giraph-1.1.0-for-hadoop-1.2.1/lib/slice-0.5.jar
7f03a816c000-7f03a816e000 r--s 0001f000 08:03 4595514                    /home/nishant/Downloads/giraph-1.1.0-for-hadoop-1.2.1/lib/servlet-api-2.5-20081211.jar
7f03a816e000-7f03a8170000 r--s 00009000 08:03 4595575                    /home/nishant/Downloads/giraph-1.1.0-for-hadoop-1.2.1/lib/rexster-core-2.4.0.jar
7f03a8170000-7f03a8176000 r--s 00068000 08:03 4595524                    /home/nishant/Downloads/giraph-1.1.0-for-hadoop-1.2.1/lib/protobuf-java-2.4.1.jar
7f03a8176000-7f03a8178000 r--s 00006000 08:03 4595466                    /home/nishant/Downloads/giraph-1.1.0-for-hadoop-1.2.1/lib/paranamer-2.5.2.jar
7f03a8178000-7f03a817b000 r--s 00012000 08:03 4595454                    /home/nishant/Downloads/giraph-1.1.0-for-hadoop-1.2.1/lib/nifty-core-0.13.1.jar
7f03a817b000-7f03a817e000 r--s 0000f000 08:03 4595453                    /home/nishant/Downloads/giraph-1.1.0-for-hadoop-1.2.1/lib/nifty-client-0.13.1.jar
7f03a817e000-7f03a8198000 r--s 00152000 08:03 4595484                    /home/nishant/Downloads/giraph-1.1.0-for-hadoop-1.2.1/lib/netty-all-4.0.14.Final.jar
7f03a8198000-7f03a81b0000 r--s 00110000 08:03 4595461                    /home/nishant/Downloads/giraph-1.1.0-for-hadoop-1.2.1/lib/netty-3.7.0.Final.jar
7f03a81b0000-7f03a81b3000 r--s 0000f000 08:03 4595545                    /home/nishant/Downloads/giraph-1.1.0-for-hadoop-1.2.1/lib/neethi-3.0.1.jar
7f03a81b3000-7f03a81b6000 r--s 00012000 08:03 4595582                    /home/nishant/Downloads/giraph-1.1.0-for-hadoop-1.2.1/lib/metrics-core-3.0.0.jar
7f03a81b6000-7f03a81bd000 r--s 0004e000 08:03 4595506                    /home/nishant/Downloads/giraph-1.1.0-for-hadoop-1.2.1/lib/libthrift-0.9.0.jar
7f03a81bd000-7f03a81c4000 r--s 0003d000 08:03 4595505                    /home/nishant/Downloads/giraph-1.1.0-for-hadoop-1.2.1/lib/libfb303-0.9.0.jar
7f03a81c4000-7f03a8251000 r--s 0075e000 08:03 4595494                    /home/nishant/Downloads/giraph-1.1.0-for-hadoop-1.2.1/lib/jython-2.5.3.jar
7f03a8251000-7f03a8252000 r--s 00003000 08:03 4595522                    /home/nishant/Downloads/giraph-1.1.0-for-hadoop-1.2.1/lib/jta-1.1.jar
7f03a8252000-7f03a8254000 r--s 0000a000 08:03 4595552                    /home/nishant/Downloads/giraph-1.1.0-for-hadoop-1.2.1/lib/jsr311-api-1.1.1.jar
7f03a8254000-7f03a8256000 r--s 0000a000 08:03 4595493                    /home/nishant/Downloads/giraph-1.1.0-for-hadoop-1.2.1/lib/json-20090211.jar
7f03a8256000-7f03a8258000 r--s 0000e000 08:03 4595477                    /home/nishant/Downloads/giraph-1.1.0-for-hadoop-1.2.1/lib/jol-core-0.1.jar
7f03a8258000-7f03a8282000 r--s 001eb000 08:03 4595474                    /home/nishant/Downloads/giraph-1.1.0-for-hadoop-1.2.1/lib/jmxutils-1.16.jar
7f03a8282000-7f03a8284000 r--s 00014000 08:03 4595489                    /home/nishant/Downloads/giraph-1.1.0-for-hadoop-1.2.1/lib/jline-0.9.94.jar
7f03a8284000-7f03a8288000 r--s 00028000 08:03 4595513                    /home/nishant/Downloads/giraph-1.1.0-for-hadoop-1.2.1/lib/jetty-util-6.1.26.jar
7f03a8288000-7f03a828f000 r--s 0007d000 08:03 4595512                    /home/nishant/Downloads/giraph-1.1.0-for-hadoop-1.2.1/lib/jetty-6.1.26.jar
7f03a828f000-7f03a8291000 r--s 00012000 08:03 4595561                    /home/nishant/Downloads/giraph-1.1.0-for-hadoop-1.2.1/lib/jettison-1.3.3.jar
7f03a8291000-7f03a8295000 r--s 00024000 08:03 4595576                    /home/nishant/Downloads/giraph-1.1.0-for-hadoop-1.2.1/lib/jersey-json-1.17.jar
7f03a8295000-7f03a82a0000 r--s 00068000 08:03 4595581                    /home/nishant/Downloads/giraph-1.1.0-for-hadoop-1.2.1/lib/jersey-core-1.17.jar
7f03a82a0000-7f03a82a5000 r--s 0002c000 08:03 4595521                    /home/nishant/Downloads/giraph-1.1.0-for-hadoop-1.2.1/lib/jdo2-api-2.3-ec.jar
7f03a82a5000-7f03a82b7000 r--s 000c9000 08:03 4595548                    /home/nishant/Downloads/giraph-1.1.0-for-hadoop-1.2.1/lib/jaxb-impl-2.2.4-1.jar
7f03a82b7000-7f03a82bb000 r--s 00017000 08:03 4595577                    /home/nishant/Downloads/giraph-1.1.0-for-hadoop-1.2.1/lib/jaxb-api-2.2.3.jar
7f03a82bb000-7f03a82c3000 r--s 00059000 08:03 4595530                    /home/nishant/Downloads/giraph-1.1.0-for-hadoop-1.2.1/lib/javolution-5.5.1.jar
7f03a82c3000-7f03a82c4000 r--s 00000000 08:03 4595455                    /home/nishant/Downloads/giraph-1.1.0-for-hadoop-1.2.1/lib/javax.inject-1.jar
7f03a82c4000-7f03a82c6000 r--s 00003000 08:03 4595529                    /home/nishant/Downloads/giraph-1.1.0-for-hadoop-1.2.1/lib/JavaEWAH-0.3.2.jar
7f03a82c6000-7f03a82c7000 r--s 00006000 08:03 4595580                    /home/nishant/Downloads/giraph-1.1.0-for-hadoop-1.2.1/lib/jackson-xc-1.9.2.jar
7f03a82c7000-7f03a82d5000 r--s 000ad000 08:03 4595491                    /home/nishant/Downloads/giraph-1.1.0-for-hadoop-1.2.1/lib/jackson-mapper-asl-1.9.2.jar
7f03a82d5000-7f03a82d6000 r--s 00004000 08:03 4595579                    /home/nishant/Downloads/giraph-1.1.0-for-hadoop-1.2.1/lib/jackson-jaxrs-1.9.2.jar
7f03a82d6000-7f03a82d7000 r--s 00003000 08:03 4595570                    /home/nishant/Downloads/giraph-1.1.0-for-hadoop-1.2.1/lib/jackson-datatype-json-org-2.1.2.jar
7f03a82d7000-7f03a82e7000 r--s 000d2000 08:03 4595572                    /home/nishant/Downloads/giraph-1.1.0-for-hadoop-1.2.1/lib/jackson-databind-2.1.2.jar
7f03a82e7000-7f03a82eb000 r--s 00034000 08:03 4595490                    /home/nishant/Downloads/giraph-1.1.0-for-hadoop-1.2.1/lib/jackson-core-asl-1.9.2.jar
7f03a82eb000-7f03a82ef000 r--s 0002f000 08:03 4595571                    /home/nishant/Downloads/giraph-1.1.0-for-hadoop-1.2.1/lib/jackson-core-2.1.2.jar
7f03a82ef000-7f03a82f1000 r--s 00007000 08:03 4595475                    /home/nishant/Downloads/giraph-1.1.0-for-hadoop-1.2.1/lib/jackson-annotations-2.1.4.jar
7f03a82f1000-7f03a82f6000 r--s 00028000 08:03 4595508                    /home/nishant/Downloads/giraph-1.1.0-for-hadoop-1.2.1/lib/httpcore-4.1.3.jar
7f03a82f6000-7f03a82ff000 r--s 0004e000 08:03 4595507                    /home/nishant/Downloads/giraph-1.1.0-for-hadoop-1.2.1/lib/httpclient-4.1.3.jar
7f03a82ff000-7f03a8305000 r--s 0003b000 08:03 4595533                    /home/nishant/Downloads/giraph-1.1.0-for-hadoop-1.2.1/lib/hive-service-0.10.0.jar
7f03a8305000-7f03a8306000 r--s 00003000 08:03 4595531                    /home/nishant/Downloads/giraph-1.1.0-for-hadoop-1.2.1/lib/hive-pdk-0.10.0.jar
7f03a8306000-7f03a833f000 r--s 002e4000 08:03 4595499                    /home/nishant/Downloads/giraph-1.1.0-for-hadoop-1.2.1/lib/hive-metastore-0.11.0.jar
7f03a833f000-7f03a8345000 r--s 0007c000 08:03 4595534                    /home/nishant/Downloads/giraph-1.1.0-for-hadoop-1.2.1/lib/hive-io-exp-core-0.26.jar
7f03a8345000-7f03a8347000 r--s 00001000 08:03 4595488                    /home/nishant/Downloads/giraph-1.1.0-for-hadoop-1.2.1/lib/slf4j-log4j12-1.7.5.jar
7f03a8347000-7f03a8350000 r--s 0006f000 08:03 4595483                    /home/nishant/Downloads/giraph-1.1.0-for-hadoop-1.2.1/lib/log4j-1.2.17.jar
7f03a8350000-7f03a8352000 r--s 00005000 08:03 4595462                    /home/nishant/Downloads/giraph-1.1.0-for-hadoop-1.2.1/lib/slf4j-api-1.7.5.jar
7f03a8352000-7f03a8359000 r--s 00062000 08:03 4595537                    /home/nishant/Downloads/giraph-1.1.0-for-hadoop-1.2.1/lib/sigar-1.6.5.132-5.jar
7f03a8359000-7f03a835c000 r--s 00012000 08:03 4595480                    /home/nishant/Downloads/giraph-1.1.0-for-hadoop-1.2.1/lib/metrics-core-2.2.0.jar
7f03a835c000-7f03a835d000 r--s 00004000 08:03 4595535                    /home/nishant/Downloads/giraph-1.1.0-for-hadoop-1.2.1/lib/reflectasm-1.07.jar
7f03a835d000-7f03a83bc000 r--s 00599000 08:03 4595498                    /home/nishant/Downloads/giraph-1.1.0-for-hadoop-1.2.1/lib/hive-exec-0.11.0.jar
7f03a83bc000-7f03a83bd000 r--s 00007000 08:03 4595532                    /home/nishant/Downloads/giraph-1.1.0-for-hadoop-1.2.1/lib/hive-cli-0.10.0.jar
7f03a83bd000-7f03a83c2000 r--s 00036000 08:03 4595496                    /home/nishant/Downloads/giraph-1.1.0-for-hadoop-1.2.1/lib/hcatalog-core-0.5.0-incubating.jar
7f03a83c2000-7f03a83c4000 r--s 00007000 08:03 4595458                    /home/nishant/Downloads/giraph-1.1.0-for-hadoop-1.2.1/lib/guice-multibindings-3.0.jar
7f03a83c4000-7f03a83d3000 r--s 0009f000 08:03 4595456                    /home/nishant/Downloads/giraph-1.1.0-for-hadoop-1.2.1/lib/guice-3.0.jar
7f03a83d3000-7f03a83fc000 r--s 001ee000 08:03 4595479                    /home/nishant/Downloads/giraph-1.1.0-for-hadoop-1.2.1/lib/guava-14.0.1.jar
7f03a83fc000-7f03a83ff000 r--s 00024000 08:03 4595538                    /home/nishant/Downloads/giraph-1.1.0-for-hadoop-1.2.1/lib/gora-core-0.5.jar
7f03a83ff000-7f03a8404000 r--s 0002b000 08:03 4595495                    /home/nishant/Downloads/giraph-1.1.0-for-hadoop-1.2.1/lib/giraph-core-1.1.0-tests.jar
7f03a8404000-7f03a8409000 r--s 00032000 08:03 4595549                    /home/nishant/Downloads/giraph-1.1.0-for-hadoop-1.2.1/lib/geronimo-javamail_1.4_spec-1.7.1.jar
7f03a8409000-7f03a8433000 rw-p 00000000 00:00 0 
7f03a8433000-7f03a8558000 r--s 00ec4000 08:03 4595486                    /home/nishant/Downloads/giraph-1.1.0-for-hadoop-1.2.1/lib/fastutil-6.5.4.jar
7f03a8558000-7f03a857e000 r--s 00230000 08:03 4595523                    /home/nishant/Downloads/giraph-1.1.0-for-hadoop-1.2.1/lib/derby-10.4.2.0.jar
7f03a857e000-7f03a858d000 r--s 0011d000 08:03 4595520                    /home/nishant/Downloads/giraph-1.1.0-for-hadoop-1.2.1/lib/datanucleus-rdbms-2.0.3.jar
7f03a858d000-7f03a85a8000 r--s 001ce000 08:03 4595519                    /home/nishant/Downloads/giraph-1.1.0-for-hadoop-1.2.1/lib/datanucleus-core-2.0.3.jar
7f03a85a8000-7f03a85aa000 r--s 00003000 08:03 4595518                    /home/nishant/Downloads/giraph-1.1.0-for-hadoop-1.2.1/lib/datanucleus-connectionpool-2.0.3.jar
7f03a85aa000-7f03a85af000 r--s 0002f000 08:03 4595554                    /home/nishant/Downloads/giraph-1.1.0-for-hadoop-1.2.1/lib/cxf-rt-transports-http-2.5.2.jar
7f03a85af000-7f03a85b1000 r--s 00003000 08:03 4595555                    /home/nishant/Downloads/giraph-1.1.0-for-hadoop-1.2.1/lib/cxf-rt-transports-common-2.5.2.jar
7f03a85b1000-7f03a85ba000 r--s 0008b000 08:03 4595539                    /home/nishant/Downloads/giraph-1.1.0-for-hadoop-1.2.1/lib/cxf-rt-frontend-jaxrs-2.5.2.jar
7f03a85ba000-7f03a85c3000 r--s 0007d000 08:03 4595547                    /home/nishant/Downloads/giraph-1.1.0-for-hadoop-1.2.1/lib/cxf-rt-core-2.5.2.jar
7f03a85c3000-7f03a85c5000 r--s 00008000 08:03 4595553                    /home/nishant/Downloads/giraph-1.1.0-for-hadoop-1.2.1/lib/cxf-rt-bindings-xml-2.5.2.jar
7f03a85c5000-7f03a85cc000 r--s 0004f000 08:03 4595540                    /home/nishant/Downloads/giraph-1.1.0-for-hadoop-1.2.1/lib/cxf-common-utilities-2.5.2.jar
7f03a85cc000-7f03a85d6000 r--s 0004f000 08:03 4595544                    /home/nishant/Downloads/giraph-1.1.0-for-hadoop-1.2.1/lib/cxf-api-2.5.2.jar
7f03a85d6000-7f03a85d8000 r--s 0000c000 08:03 4595468                    /home/nishant/Downloads/giraph-1.1.0-for-hadoop-1.2.1/lib/configuration-0.91.jar
7f03a85d8000-7f03a85df000 r--s 00028000 08:03 4595574                    /home/nishant/Downloads/giraph-1.1.0-for-hadoop-1.2.1/lib/concurrent-1.3.4.jar
7f03a85df000-7f03a85e2000 r--s 00015000 08:03 4595517                    /home/nishant/Downloads/giraph-1.1.0-for-hadoop-1.2.1/lib/commons-pool-1.5.4.jar
7f03a85e2000-7f03a85e7000 r--s 00041000 08:03 4595566                    /home/nishant/Downloads/giraph-1.1.0-for-hadoop-1.2.1/lib/commons-lang-2.6.jar
7f03a85e7000-7f03a85ed000 r--s 00048000 08:03 4595471                    /home/nishant/Downloads/giraph-1.1.0-for-hadoop-1.2.1/lib/commons-lang3-3.1.jar
7f03a85ed000-7f03a85f0000 r--s 00025000 08:03 4595482                    /home/nishant/Downloads/giraph-1.1.0-for-hadoop-1.2.1/lib/commons-io-2.1.jar
7f03a85f0000-7f03a85f4000 r--s 00020000 08:03 4595526                    /home/nishant/Downloads/giraph-1.1.0-for-hadoop-1.2.1/lib/commons-digester-1.8.jar
7f03a85f4000-7f03a85f7000 r--s 00025000 08:03 4595516                    /home/nishant/Downloads/giraph-1.1.0-for-hadoop-1.2.1/lib/commons-dbcp-1.4.jar
7f03a85f7000-7f03a85fd000 r--s 00043000 08:03 4595525                    /home/nishant/Downloads/giraph-1.1.0-for-hadoop-1.2.1/lib/commons-configuration-1.6.jar
7f03a85fd000-7f03a8602000 r--s 00036000 08:03 4595564                    /home/nishant/Downloads/giraph-1.1.0-for-hadoop-1.2.1/lib/commons-compress-1.4.1.jar
7f03a8602000-7f03a8609000 r--s 0003a000 08:03 4595509                    /home/nishant/Downloads/giraph-1.1.0-for-hadoop-1.2.1/lib/commons-codec-1.8.jar
7f03a8609000-7f03a860d000 r--s 0002f000 08:03 4595528                    /home/nishant/Downloads/giraph-1.1.0-for-hadoop-1.2.1/lib/commons-beanutils-core-1.8.0.jar
7f03a860d000-7f03a861b000 r--s 00081000 08:03 4595573                    /home/nishant/Downloads/giraph-1.1.0-for-hadoop-1.2.1/lib/colt-1.2.0.jar
7f03a861b000-7f03a861c000 ---p 00000000 00:00 0 
7f03a861c000-7f03a871c000 rw-p 00000000 00:00 0                          [stack:9676]
7f03a871c000-7f03a871f000 ---p 00000000 00:00 0 
7f03a871f000-7f03a881d000 rw-p 00000000 00:00 0                          [stack:9675]
7f03a881d000-7f03a8820000 ---p 00000000 00:00 0 
7f03a8820000-7f03a891e000 rw-p 00000000 00:00 0                          [stack:9674]
7f03a891e000-7f03a9000000 r--p 00000000 08:03 1973257                    /usr/lib/locale/locale-archive
7f03a9000000-7f03a9270000 rwxp 00000000 00:00 0 
7f03a9270000-7f03ac8e7000 rw-p 00000000 00:00 0 
7f03ac8e7000-7f03b0000000 ---p 00000000 00:00 0 
7f03b0000000-7f03b0001000 r--s 00000000 08:03 4595497                    /home/nishant/Downloads/giraph-1.1.0-for-hadoop-1.2.1/lib/hive-builtins-0.10.0.jar
7f03b0001000-7f03b0003000 r--s 00009000 08:03 4595481                    /home/nishant/Downloads/giraph-1.1.0-for-hadoop-1.2.1/lib/commons-cli-1.2.jar
7f03b0003000-7f03b0008000 r--s 0002a000 08:03 4595527                    /home/nishant/Downloads/giraph-1.1.0-for-hadoop-1.2.1/lib/commons-beanutils-1.7.0.jar
7f03b0008000-7f03b000e000 r--s 0004a000 08:03 4595472                    /home/nishant/Downloads/giraph-1.1.0-for-hadoop-1.2.1/lib/cglib-nodep-2.2.2.jar
7f03b000e000-7f03b0014000 r--s 00037000 08:03 4595469                    /home/nishant/Downloads/giraph-1.1.0-for-hadoop-1.2.1/lib/bval-jsr303-0.5.jar
7f03b0014000-7f03b0017000 r--s 0000d000 08:03 4595470                    /home/nishant/Downloads/giraph-1.1.0-for-hadoop-1.2.1/lib/bval-core-0.5.jar
7f03b0017000-7f03b001e000 r--s 00039000 08:03 4595568                    /home/nishant/Downloads/giraph-1.1.0-for-hadoop-1.2.1/lib/blueprints-core-2.4.0.jar
7f03b001e000-7f03b0020000 r--s 00003000 08:03 4595485                    /home/nishant/Downloads/giraph-1.1.0-for-hadoop-1.2.1/lib/base64-2.3.8.jar
7f03b0020000-7f03b0025000 r--s 00026000 08:03 4595510                    /home/nishant/Downloads/giraph-1.1.0-for-hadoop-1.2.1/lib/avro-mapred-1.7.6.jar
7f03b0025000-7f03b002c000 r--s 0004e000 08:03 4595567                    /home/nishant/Downloads/giraph-1.1.0-for-hadoop-1.2.1/lib/avro-ipc-1.7.6-tests.jar
7f03b002c000-7f03b0030000 r--s 0002c000 08:03 4595511                    /home/nishant/Downloads/giraph-1.1.0-for-hadoop-1.2.1/lib/avro-ipc-1.7.6.jar
7f03b0030000-7f03b0038000 r--s 00060000 08:03 4595562                    /home/nishant/Downloads/giraph-1.1.0-for-hadoop-1.2.1/lib/avro-1.7.6.jar
7f03b0038000-7f03b003a000 r--s 0000a000 08:03 4595536                    /home/nishant/Downloads/giraph-1.1.0-for-hadoop-1.2.1/lib/asm-4.0.jar
7f03b003a000-7f03b003c000 r--s 00000000 08:03 4595457                    /home/nishant/Downloads/giraph-1.1.0-for-hadoop-1.2.1/lib/aopalliance-1.0.jar
7f03b003c000-7f03b0040000 r--s 00025000 08:03 4595501                    /home/nishant/Downloads/giraph-1.1.0-for-hadoop-1.2.1/lib/antlr-runtime-3.4.jar
7f03b0040000-7f03b004b000 r--s 00105000 08:03 4595500                    /home/nishant/Downloads/giraph-1.1.0-for-hadoop-1.2.1/lib/antlr-3.4.jar
7f03b004b000-7f03b0050000 r--s 00068000 08:03 4595503                    /home/nishant/Downloads/giraph-1.1.0-for-hadoop-1.2.1/lib/antlr-2.7.7.jar
7f03b0050000-7f03b0054000 r--s 0000f000 08:03 4595463                    /home/nishant/Downloads/giraph-1.1.0-for-hadoop-1.2.1/lib/annotations-2.0.2.jar
7f03b0054000-7f03b0056000 r--s 0000e000 08:03 4595578                    /home/nishant/Downloads/giraph-1.1.0-for-hadoop-1.2.1/lib/activation-1.1.jar
7f03b0056000-7f03b006f000 r--s 00124000 08:03 4595583                    /home/nishant/Downloads/giraph-1.1.0-for-hadoop-1.2.1/giraph-core-1.1.0.jar
7f03b006f000-7f03b0072000 ---p 00000000 00:00 0 
7f03b0072000-7f03b0170000 rw-p 00000000 00:00 0                          [stack:9673]
7f03b0170000-7f03b0173000 ---p 00000000 00:00 0 
7f03b0173000-7f03b0271000 rw-p 00000000 00:00 0                          [stack:9672]
7f03b0271000-7f03b0274000 ---p 00000000 00:00 0 
7f03b0274000-7f03b0372000 rw-p 00000000 00:00 0                          [stack:9671]
7f03b0372000-7f03b0375000 ---p 00000000 00:00 0 
7f03b0375000-7f03b0473000 rw-p 00000000 00:00 0                          [stack:9670]
7f03b0473000-7f03b0474000 ---p 00000000 00:00 0 
7f03b0474000-7f03b1571000 rw-p 00000000 00:00 0                          [stack:9667]
7f03b1571000-7f03b1723000 r--s 01d23000 08:03 3180405                    /usr/lib/jvm/java-7-openjdk-amd64/jre/lib/rt.jar
7f03b1723000-7f03b1a4f000 rw-p 00000000 00:00 0 
7f03b1a4f000-7f03b1a50000 ---p 00000000 00:00 0 
7f03b1a50000-7f03b1b50000 rw-p 00000000 00:00 0                          [stack:9664]
7f03b1b50000-7f03b1b51000 ---p 00000000 00:00 0 
7f03b1b51000-7f03b1c51000 rw-p 00000000 00:00 0                          [stack:9663]
7f03b1c51000-7f03b1c52000 ---p 00000000 00:00 0 
7f03b1c52000-7f03b1d52000 rw-p 00000000 00:00 0                          [stack:9662]
7f03b1d52000-7f03b1d53000 ---p 00000000 00:00 0 
7f03b1d53000-7f03b1e67000 rw-p 00000000 00:00 0                          [stack:9661]
7f03b1e67000-7f03b1e68000 ---p 00000000 00:00 0 
7f03b1e68000-7f03b1ea6000 rw-p 00000000 00:00 0 
7f03b1ea6000-7f03b1f06000 rw-p 00000000 00:00 0 
7f03b1f06000-7f03b1fe6000 rw-p 00000000 00:00 0 
7f03b1fe6000-7f03b1ffa000 rw-p 00000000 00:00 0 
7f03b1ffa000-7f03b1ffb000 ---p 00000000 00:00 0 
7f03b1ffb000-7f03b2039000 rw-p 00000000 00:00 0 
7f03b2039000-7f03b2099000 rw-p 00000000 00:00 0 
7f03b2099000-7f03b2179000 rw-p 00000000 00:00 0 
7f03b2179000-7f03b2219000 rw-p 00000000 00:00 0 
7f03b2219000-7f03b221a000 rw-p 00000000 00:00 0 
7f03b221a000-7f03b2222000 r-xp 00000000 08:03 3421507                    /usr/lib/jvm/java-7-openjdk-amd64/jre/lib/amd64/libzip.so
7f03b2222000-7f03b2421000 ---p 00008000 08:03 3421507                    /usr/lib/jvm/java-7-openjdk-amd64/jre/lib/amd64/libzip.so
7f03b2421000-7f03b2422000 r--p 00007000 08:03 3421507                    /usr/lib/jvm/java-7-openjdk-amd64/jre/lib/amd64/libzip.so
7f03b2422000-7f03b2423000 rw-p 00008000 08:03 3421507                    /usr/lib/jvm/java-7-openjdk-amd64/jre/lib/amd64/libzip.so
7f03b2423000-7f03b242e000 r-xp 00000000 08:03 3808095                    /lib/x86_64-linux-gnu/libnss_files-2.19.so
7f03b242e000-7f03b262d000 ---p 0000b000 08:03 3808095                    /lib/x86_64-linux-gnu/libnss_files-2.19.so
7f03b262d000-7f03b262e000 r--p 0000a000 08:03 3808095                    /lib/x86_64-linux-gnu/libnss_files-2.19.so
7f03b262e000-7f03b262f000 rw-p 0000b000 08:03 3808095                    /lib/x86_64-linux-gnu/libnss_files-2.19.so
7f03b262f000-7f03b263a000 r-xp 00000000 08:03 3808092                    /lib/x86_64-linux-gnu/libnss_nis-2.19.so
7f03b263a000-7f03b2839000 ---p 0000b000 08:03 3808092                    /lib/x86_64-linux-gnu/libnss_nis-2.19.so
7f03b2839000-7f03b283a000 r--p 0000a000 08:03 3808092                    /lib/x86_64-linux-gnu/libnss_nis-2.19.so
7f03b283a000-7f03b283b000 rw-p 0000b000 08:03 3808092                    /lib/x86_64-linux-gnu/libnss_nis-2.19.so
7f03b283b000-7f03b2852000 r-xp 00000000 08:03 3808086                    /lib/x86_64-linux-gnu/libnsl-2.19.so
7f03b2852000-7f03b2a51000 ---p 00017000 08:03 3808086                    /lib/x86_64-linux-gnu/libnsl-2.19.so
7f03b2a51000-7f03b2a52000 r--p 00016000 08:03 3808086                    /lib/x86_64-linux-gnu/libnsl-2.19.so
7f03b2a52000-7f03b2a53000 rw-p 00017000 08:03 3808086                    /lib/x86_64-linux-gnu/libnsl-2.19.so
7f03b2a53000-7f03b2a55000 rw-p 00000000 00:00 0 
7f03b2a55000-7f03b2a5e000 r-xp 00000000 08:03 3808083                    /lib/x86_64-linux-gnu/libnss_compat-2.19.so
7f03b2a5e000-7f03b2c5d000 ---p 00009000 08:03 3808083                    /lib/x86_64-linux-gnu/libnss_compat-2.19.so
7f03b2c5d000-7f03b2c5e000 r--p 00008000 08:03 3808083                    /lib/x86_64-linux-gnu/libnss_compat-2.19.so
7f03b2c5e000-7f03b2c5f000 rw-p 00009000 08:03 3808083                    /lib/x86_64-linux-gnu/libnss_compat-2.19.so
7f03b2c5f000-7f03b2c8a000 r-xp 00000000 08:03 3421494                    /usr/lib/jvm/java-7-openjdk-amd64/jre/lib/amd64/libjava.so
7f03b2c8a000-7f03b2e8a000 ---p 0002b000 08:03 3421494                    /usr/lib/jvm/java-7-openjdk-amd64/jre/lib/amd64/libjava.so
7f03b2e8a000-7f03b2e8b000 r--p 0002b000 08:03 3421494                    /usr/lib/jvm/java-7-openjdk-amd64/jre/lib/amd64/libjava.so
7f03b2e8b000-7f03b2e8d000 rw-p 0002c000 08:03 3421494                    /usr/lib/jvm/java-7-openjdk-amd64/jre/lib/amd64/libjava.so
7f03b2e8d000-7f03b2e9d000 r-xp 00000000 08:03 3421493                    /usr/lib/jvm/java-7-openjdk-amd64/jre/lib/amd64/libverify.so
7f03b2e9d000-7f03b309c000 ---p 00010000 08:03 3421493                    /usr/lib/jvm/java-7-openjdk-amd64/jre/lib/amd64/libverify.so
7f03b309c000-7f03b309e000 r--p 0000f000 08:03 3421493                    /usr/lib/jvm/java-7-openjdk-amd64/jre/lib/amd64/libverify.so
7f03b309e000-7f03b309f000 rw-p 00011000 08:03 3421493                    /usr/lib/jvm/java-7-openjdk-amd64/jre/lib/amd64/libverify.so
7f03b309f000-7f03b30a6000 r-xp 00000000 08:03 3808078                    /lib/x86_64-linux-gnu/librt-2.19.so
7f03b30a6000-7f03b32a5000 ---p 00007000 08:03 3808078                    /lib/x86_64-linux-gnu/librt-2.19.so
7f03b32a5000-7f03b32a6000 r--p 00006000 08:03 3808078                    /lib/x86_64-linux-gnu/librt-2.19.so
7f03b32a6000-7f03b32a7000 rw-p 00007000 08:03 3808078                    /lib/x86_64-linux-gnu/librt-2.19.so
7f03b32a7000-7f03b32bd000 r-xp 00000000 08:03 3805097                    /lib/x86_64-linux-gnu/libgcc_s.so.1
7f03b32bd000-7f03b34bc000 ---p 00016000 08:03 3805097                    /lib/x86_64-linux-gnu/libgcc_s.so.1
7f03b34bc000-7f03b34bd000 rw-p 00015000 08:03 3805097                    /lib/x86_64-linux-gnu/libgcc_s.so.1
7f03b34bd000-7f03b35c2000 r-xp 00000000 08:03 3808085                    /lib/x86_64-linux-gnu/libm-2.19.so
7f03b35c2000-7f03b37c1000 ---p 00105000 08:03 3808085                    /lib/x86_64-linux-gnu/libm-2.19.so
7f03b37c1000-7f03b37c2000 r--p 00104000 08:03 3808085                    /lib/x86_64-linux-gnu/libm-2.19.so
7f03b37c2000-7f03b37c3000 rw-p 00105000 08:03 3808085                    /lib/x86_64-linux-gnu/libm-2.19.so
7f03b37c3000-7f03b38a9000 r-xp 00000000 08:03 1975237                    /usr/lib/x86_64-linux-gnu/libstdc++.so.6.0.19
7f03b38a9000-7f03b3aa8000 ---p 000e6000 08:03 1975237                    /usr/lib/x86_64-linux-gnu/libstdc++.so.6.0.19
7f03b3aa8000-7f03b3ab0000 r--p 000e5000 08:03 1975237                    /usr/lib/x86_64-linux-gnu/libstdc++.so.6.0.19
7f03b3ab0000-7f03b3ab2000 rw-p 000ed000 08:03 1975237                    /usr/lib/x86_64-linux-gnu/libstdc++.so.6.0.19
7f03b3ab2000-7f03b3ac7000 rw-p 00000000 00:00 0 
7f03b3ac7000-7f03b45df000 r-xp 00000000 08:03 3803530                    /usr/lib/jvm/java-7-openjdk-amd64/jre/lib/amd64/server/libjvm.so
7f03b45df000-7f03b47df000 ---p 00b18000 08:03 3803530                    /usr/lib/jvm/java-7-openjdk-amd64/jre/lib/amd64/server/libjvm.so
7f03b47df000-7f03b4879000 r--p 00b18000 08:03 3803530                    /usr/lib/jvm/java-7-openjdk-amd64/jre/lib/amd64/server/libjvm.so
7f03b4879000-7f03b489c000 rw-p 00bb2000 08:03 3803530                    /usr/lib/jvm/java-7-openjdk-amd64/jre/lib/amd64/server/libjvm.so
7f03b489c000-7f03b48ca000 rw-p 00000000 00:00 0 
7f03b48ca000-7f03b48e2000 r-xp 00000000 08:03 3805283                    /lib/x86_64-linux-gnu/libz.so.1.2.8
7f03b48e2000-7f03b4ae1000 ---p 00018000 08:03 3805283                    /lib/x86_64-linux-gnu/libz.so.1.2.8
7f03b4ae1000-7f03b4ae2000 r--p 00017000 08:03 3805283                    /lib/x86_64-linux-gnu/libz.so.1.2.8
7f03b4ae2000-7f03b4ae3000 rw-p 00018000 08:03 3805283                    /lib/x86_64-linux-gnu/libz.so.1.2.8
7f03b4ae3000-7f03b4afc000 r-xp 00000000 08:03 3808094                    /lib/x86_64-linux-gnu/libpthread-2.19.so
7f03b4afc000-7f03b4cfb000 ---p 00019000 08:03 3808094                    /lib/x86_64-linux-gnu/libpthread-2.19.so
7f03b4cfb000-7f03b4cfc000 r--p 00018000 08:03 3808094                    /lib/x86_64-linux-gnu/libpthread-2.19.so
7f03b4cfc000-7f03b4cfd000 rw-p 00019000 08:03 3808094                    /lib/x86_64-linux-gnu/libpthread-2.19.so
7f03b4cfd000-7f03b4d01000 rw-p 00000000 00:00 0 
7f03b4d01000-7f03b4d04000 r-xp 00000000 08:03 3808081                    /lib/x86_64-linux-gnu/libdl-2.19.so
7f03b4d04000-7f03b4f03000 ---p 00003000 08:03 3808081                    /lib/x86_64-linux-gnu/libdl-2.19.so
7f03b4f03000-7f03b4f04000 r--p 00002000 08:03 3808081                    /lib/x86_64-linux-gnu/libdl-2.19.so
7f03b4f04000-7f03b4f05000 rw-p 00003000 08:03 3808081                    /lib/x86_64-linux-gnu/libdl-2.19.so
7f03b4f05000-7f03b50c0000 r-xp 00000000 08:03 3808077                    /lib/x86_64-linux-gnu/libc-2.19.so
7f03b50c0000-7f03b52c0000 ---p 001bb000 08:03 3808077                    /lib/x86_64-linux-gnu/libc-2.19.so
7f03b52c0000-7f03b52c4000 r--p 001bb000 08:03 3808077                    /lib/x86_64-linux-gnu/libc-2.19.so
7f03b52c4000-7f03b52c6000 rw-p 001bf000 08:03 3808077                    /lib/x86_64-linux-gnu/libc-2.19.so
7f03b52c6000-7f03b52cb000 rw-p 00000000 00:00 0 
7f03b52cb000-7f03b52d8000 r-xp 00000000 08:03 3677423                    /usr/lib/jvm/java-7-openjdk-amd64/jre/lib/amd64/jli/libjli.so
7f03b52d8000-7f03b54d7000 ---p 0000d000 08:03 3677423                    /usr/lib/jvm/java-7-openjdk-amd64/jre/lib/amd64/jli/libjli.so
7f03b54d7000-7f03b54d8000 r--p 0000c000 08:03 3677423                    /usr/lib/jvm/java-7-openjdk-amd64/jre/lib/amd64/jli/libjli.so
7f03b54d8000-7f03b54d9000 rw-p 0000d000 08:03 3677423                    /usr/lib/jvm/java-7-openjdk-amd64/jre/lib/amd64/jli/libjli.so
7f03b54d9000-7f03b54fc000 r-xp 00000000 08:03 3808075                    /lib/x86_64-linux-gnu/ld-2.19.so
7f03b54fc000-7f03b5500000 r--s 0001d000 08:03 4595588                    /home/nishant/Downloads/giraph-1.1.0-for-hadoop-1.2.1/giraph-examples-1.1.0.jar
7f03b5500000-7f03b5520000 rw-p 00000000 00:00 0 
7f03b5520000-7f03b55d6000 rw-p 00000000 00:00 0 
7f03b55d6000-7f03b55d9000 ---p 00000000 00:00 0 
7f03b55d9000-7f03b56dc000 rw-p 00000000 00:00 0                          [stack:9660]
7f03b56dc000-7f03b56dd000 r--s 00002000 08:03 3677421                    /usr/lib/jvm/java-7-openjdk-amd64/jre/lib/ext/dnsns.jar
7f03b56dd000-7f03b56e1000 r--s 0003c000 08:03 3673780                    /usr/lib/jvm/java-7-openjdk-amd64/jre/lib/ext/sunpkcs11.jar
7f03b56e1000-7f03b56e3000 r--s 00012000 08:03 3675160                    /usr/lib/jvm/java-7-openjdk-amd64/jre/lib/ext/zipfs.jar
7f03b56e3000-7f03b56e5000 r--s 00006000 08:03 2369052                    /usr/share/java/java-atk-wrapper.jar
7f03b56e5000-7f03b56e8000 r--s 0000f000 08:03 3673572                    /usr/lib/jvm/java-7-openjdk-amd64/jre/lib/ext/icedtea-sound.jar
7f03b56e8000-7f03b56ec000 r--s 00034000 08:03 3675158                    /usr/lib/jvm/java-7-openjdk-amd64/jre/lib/ext/sunjce_provider.jar
7f03b56ec000-7f03b56ef000 r--s 00086000 08:03 3677422                    /usr/lib/jvm/java-7-openjdk-amd64/jre/lib/ext/localedata.jar
7f03b56ef000-7f03b56f7000 rw-s 00000000 08:03 786730                     /tmp/hsperfdata_nishant/9658
7f03b56f7000-7f03b56f8000 rw-p 00000000 00:00 0 
7f03b56f8000-7f03b56f9000 ---p 00000000 00:00 0 
7f03b56f9000-7f03b56fb000 rw-p 00000000 00:00 0 
7f03b56fb000-7f03b56fc000 r--p 00022000 08:03 3808075                    /lib/x86_64-linux-gnu/ld-2.19.so
7f03b56fc000-7f03b56fd000 rw-p 00023000 08:03 3808075                    /lib/x86_64-linux-gnu/ld-2.19.so
7f03b56fd000-7f03b56fe000 rw-p 00000000 00:00 0 
7fff36cf7000-7fff36d1b000 rw-p 00000000 00:00 0                          [stack]
7fff36d3d000-7fff36d3f000 r-xp 00000000 00:00 0                          [vdso]
ffffffffff600000-ffffffffff601000 r-xp 00000000 00:00 0                  [vsyscall]

VM Arguments:
jvm_args: -Dfile.encoding=UTF-8 
java_command: iitp.giraph.util.GiraphApplicationRunner -D giraph.useSuperstepCounters=false -Xmx2048m
Launcher Type: SUN_STANDARD

Environment Variables:
PATH=/usr/local/sbin:/usr/local/bin:/usr/sbin:/usr/bin:/sbin:/bin:/usr/games:/usr/local/games
USERNAME=nishant
SHELL=/bin/bash
DISPLAY=:0.0

Signal Handlers:
SIGSEGV: [libjvm.so+0x94b4b0], sa_mask[0]=0x7ffbfeff, sa_flags=0x10000004
SIGBUS: [libjvm.so+0x94b4b0], sa_mask[0]=0x7ffbfeff, sa_flags=0x10000004
SIGFPE: [libjvm.so+0x7c3390], sa_mask[0]=0x7ffbfeff, sa_flags=0x10000004
SIGPIPE: [libjvm.so+0x7c3390], sa_mask[0]=0x7ffbfeff, sa_flags=0x10000004
SIGXFSZ: [libjvm.so+0x7c3390], sa_mask[0]=0x7ffbfeff, sa_flags=0x10000004
SIGILL: [libjvm.so+0x7c3390], sa_mask[0]=0x7ffbfeff, sa_flags=0x10000004
SIGUSR1: SIG_DFL, sa_mask[0]=0x00000000, sa_flags=0x00000000
SIGUSR2: [libjvm.so+0x7c3230], sa_mask[0]=0x00000004, sa_flags=0x10000004
SIGHUP: [libjvm.so+0x7c3410], sa_mask[0]=0x7ffbfeff, sa_flags=0x10000004
SIGINT: [libjvm.so+0x7c3410], sa_mask[0]=0x7ffbfeff, sa_flags=0x10000004
SIGTERM: [libjvm.so+0x7c3410], sa_mask[0]=0x7ffbfeff, sa_flags=0x10000004
SIGQUIT: [libjvm.so+0x7c3410], sa_mask[0]=0x7ffbfeff, sa_flags=0x10000004
SIGTRAP: SIG_DFL, sa_mask[0]=0x00000000, sa_flags=0x00000000


---------------  S Y S T E M  ---------------

OS:Ubuntu 14.04 (trusty)
uname:Linux 3.13.0-46-generic #75-Ubuntu SMP Tue Feb 10 15:24:04 UTC 2015 x86_64
libc:glibc 2.19 NPTL 2.19 
rlimit: STACK 8192k, CORE 0k, NPROC 30524, NOFILE 4096, AS infinity
load average:7.72 6.57 3.74

/proc/meminfo:
MemTotal:        3928732 kB
MemFree:          103596 kB
Buffers:             624 kB
Cached:           393408 kB
SwapCached:            0 kB
Active:          3290476 kB
Inactive:         364928 kB
Active(anon):    3264180 kB
Inactive(anon):   334048 kB
Active(file):      26296 kB
Inactive(file):    30880 kB
Unevictable:          16 kB
Mlocked:              16 kB
SwapTotal:             0 kB
SwapFree:              0 kB
Dirty:               224 kB
Writeback:             0 kB
AnonPages:       3261692 kB
Mapped:           125828 kB
Shmem:            336604 kB
Slab:              63480 kB
SReclaimable:      25916 kB
SUnreclaim:        37564 kB
KernelStack:        5624 kB
PageTables:        43044 kB
NFS_Unstable:          0 kB
Bounce:                0 kB
WritebackTmp:          0 kB
CommitLimit:     1964364 kB
Committed_AS:    7784440 kB
VmallocTotal:   34359738367 kB
VmallocUsed:      400208 kB
VmallocChunk:   34359307988 kB
HardwareCorrupted:     0 kB
AnonHugePages:    888832 kB
HugePages_Total:       0
HugePages_Free:        0
HugePages_Rsvd:        0
HugePages_Surp:        0
Hugepagesize:       2048 kB
DirectMap4k:      106516 kB
DirectMap2M:     3969024 kB


CPU:total 4 (2 cores per cpu, 2 threads per core) family 6 model 42 stepping 7, cmov, cx8, fxsr, mmx, sse, sse2, sse3, ssse3, sse4.1, sse4.2, popcnt, avx, ht, tsc, tscinvbit

/proc/cpuinfo:
processor	: 0
vendor_id	: GenuineIntel
cpu family	: 6
model		: 42
model name	: Intel(R) Core(TM) i3-2350M CPU @ 2.30GHz
stepping	: 7
microcode	: 0x28
cpu MHz		: 2300.000
cache size	: 3072 KB
physical id	: 0
siblings	: 4
core id		: 0
cpu cores	: 2
apicid		: 0
initial apicid	: 0
fpu		: yes
fpu_exception	: yes
cpuid level	: 13
wp		: yes
flags		: fpu vme de pse tsc msr pae mce cx8 apic sep mtrr pge mca cmov pat pse36 clflush dts acpi mmx fxsr sse sse2 ss ht tm pbe syscall nx rdtscp lm constant_tsc arch_perfmon pebs bts rep_good nopl xtopology nonstop_tsc aperfmperf eagerfpu pni pclmulqdq dtes64 monitor ds_cpl vmx est tm2 ssse3 cx16 xtpr pdcm pcid sse4_1 sse4_2 x2apic popcnt tsc_deadline_timer xsave avx lahf_lm arat epb xsaveopt pln pts dtherm tpr_shadow vnmi flexpriority ept vpid
bogomips	: 4589.52
clflush size	: 64
cache_alignment	: 64
address sizes	: 36 bits physical, 48 bits virtual
power management:

processor	: 1
vendor_id	: GenuineIntel
cpu family	: 6
model		: 42
model name	: Intel(R) Core(TM) i3-2350M CPU @ 2.30GHz
stepping	: 7
microcode	: 0x28
cpu MHz		: 2300.000
cache size	: 3072 KB
physical id	: 0
siblings	: 4
core id		: 1
cpu cores	: 2
apicid		: 2
initial apicid	: 2
fpu		: yes
fpu_exception	: yes
cpuid level	: 13
wp		: yes
flags		: fpu vme de pse tsc msr pae mce cx8 apic sep mtrr pge mca cmov pat pse36 clflush dts acpi mmx fxsr sse sse2 ss ht tm pbe syscall nx rdtscp lm constant_tsc arch_perfmon pebs bts rep_good nopl xtopology nonstop_tsc aperfmperf eagerfpu pni pclmulqdq dtes64 monitor ds_cpl vmx est tm2 ssse3 cx16 xtpr pdcm pcid sse4_1 sse4_2 x2apic popcnt tsc_deadline_timer xsave avx lahf_lm arat epb xsaveopt pln pts dtherm tpr_shadow vnmi flexpriority ept vpid
bogomips	: 4589.52
clflush size	: 64
cache_alignment	: 64
address sizes	: 36 bits physical, 48 bits virtual
power management:

processor	: 2
vendor_id	: GenuineIntel
cpu family	: 6
model		: 42
model name	: Intel(R) Core(TM) i3-2350M CPU @ 2.30GHz
stepping	: 7
microcode	: 0x28
cpu MHz		: 2300.000
cache size	: 3072 KB
physical id	: 0
siblings	: 4
core id		: 0
cpu cores	: 2
apicid		: 1
initial apicid	: 1
fpu		: yes
fpu_exception	: yes
cpuid level	: 13
wp		: yes
flags		: fpu vme de pse tsc msr pae mce cx8 apic sep mtrr pge mca cmov pat pse36 clflush dts acpi mmx fxsr sse sse2 ss ht tm pbe syscall nx rdtscp lm constant_tsc arch_perfmon pebs bts rep_good nopl xtopology nonstop_tsc aperfmperf eagerfpu pni pclmulqdq dtes64 monitor ds_cpl vmx est tm2 ssse3 cx16 xtpr pdcm pcid sse4_1 sse4_2 x2apic popcnt tsc_deadline_timer xsave avx lahf_lm arat epb xsaveopt pln pts dtherm tpr_shadow vnmi flexpriority ept vpid
bogomips	: 4589.52
clflush size	: 64
cache_alignment	: 64
address sizes	: 36 bits physical, 48 bits virtual
power management:

processor	: 3
vendor_id	: GenuineIntel
cpu family	: 6
model		: 42
model name	: Intel(R) Core(TM) i3-2350M CPU @ 2.30GHz
stepping	: 7
microcode	: 0x28
cpu MHz		: 2300.000
cache size	: 3072 KB
physical id	: 0
siblings	: 4
core id		: 1
cpu cores	: 2
apicid		: 3
initial apicid	: 3
fpu		: yes
fpu_exception	: yes
cpuid level	: 13
wp		: yes
flags		: fpu vme de pse tsc msr pae mce cx8 apic sep mtrr pge mca cmov pat pse36 clflush dts acpi mmx fxsr sse sse2 ss ht tm pbe syscall nx rdtscp lm constant_tsc arch_perfmon pebs bts rep_good nopl xtopology nonstop_tsc aperfmperf eagerfpu pni pclmulqdq dtes64 monitor ds_cpl vmx est tm2 ssse3 cx16 xtpr pdcm pcid sse4_1 sse4_2 x2apic popcnt tsc_deadline_timer xsave avx lahf_lm arat epb xsaveopt pln pts dtherm tpr_shadow vnmi flexpriority ept vpid
bogomips	: 4589.52
clflush size	: 64
cache_alignment	: 64
address sizes	: 36 bits physical, 48 bits virtual
power management:



Memory: 4k page, physical 3928732k(103596k free), swap 0k(0k free)

vm_info: OpenJDK 64-Bit Server VM (24.75-b04) for linux-amd64 JRE (1.7.0_75-b13), built on Jan 27 2015 00:38:59 by "buildd" with gcc 4.8.2

time: Sat Feb 21 18:24:56 2015
elapsed time: 22 seconds

