#
# There is insufficient memory for the Java Runtime Environment to continue.
# Native memory allocation (malloc) failed to allocate 55574528 bytes for committing reserved memory.
# Possible reasons:
#   The system is out of physical RAM or swap space
#   In 32 bit mode, the process size limit was hit
# Possible solutions:
#   Reduce memory load on the system
#   Increase physical memory or swap space
#   Check if swap backing store is full
#   Use 64 bit Java on a 64 bit OS
#   Decrease Java heap size (-Xmx/-Xms)
#   Decrease number of Java threads
#   Decrease Java thread stack sizes (-Xss)
#   Set larger code cache with -XX:ReservedCodeCacheSize=
# This output file may be truncated or incomplete.
#
#  Out of Memory Error (os_linux.cpp:2798), pid=17606, tid=139907358762752
#
# JRE version: OpenJDK Runtime Environment (7.0_75-b13) (build 1.7.0_75-b13)
# Java VM: OpenJDK 64-Bit Server VM (24.75-b04 mixed mode linux-amd64 compressed oops)
# Derivative: IcedTea 2.5.4
# Distribution: Ubuntu 14.04 LTS, package 7u75-2.5.4-1~trusty1
# Failed to write core dump. Core dumps have been disabled. To enable core dumping, try "ulimit -c unlimited" before starting Java again
#

---------------  T H R E A D  ---------------

Current thread (0x00007f3ec007a800):  VMThread [stack: 0x00007f3eb85ba000,0x00007f3eb86bb000] [id=17617]

Stack: [0x00007f3eb85ba000,0x00007f3eb86bb000],  sp=0x00007f3eb86b9490,  free space=1021k
Native frames: (J=compiled Java code, j=interpreted, Vv=VM code, C=native code)
V  [libjvm.so+0x94a9d5]  VMError::report_and_die()+0x175
V  [libjvm.so+0x48b954]  report_vm_out_of_memory(char const*, int, unsigned long, char const*)+0x74
V  [libjvm.so+0x7c7b7b]  os::pd_commit_memory(char*, unsigned long, unsigned long, bool)+0xeb
V  [libjvm.so+0x7c263f]  os::commit_memory(char*, unsigned long, unsigned long, bool)+0x1f
V  [libjvm.so+0x834b1b]  PSVirtualSpace::expand_by(unsigned long)+0x5b
V  [libjvm.so+0x82486b]  PSOldGen::expand_by(unsigned long) [clone .part.80]+0x1b
V  [libjvm.so+0x824a2b]  PSOldGen::expand(unsigned long) [clone .part.81]+0xdb
V  [libjvm.so+0x825958]  PSOldGen::resize(unsigned long)+0x188
V  [libjvm.so+0x82ca24]  PSParallelCompact::invoke_no_policy(bool)+0x9c4
V  [libjvm.so+0x832c5d]  PSScavenge::invoke()+0x17d
V  [libjvm.so+0x7e9203]  ParallelScavengeHeap::failed_mem_allocate(unsigned long)+0x63
V  [libjvm.so+0x94c3d4]  VM_ParallelGCFailedAllocation::doit()+0x84
V  [libjvm.so+0x9508d7]  VM_Operation::evaluate()+0x47
V  [libjvm.so+0x94f248]  VMThread::evaluate_operation(VM_Operation*)+0x318
V  [libjvm.so+0x94f6a9]  VMThread::loop()+0x219
V  [libjvm.so+0x94faf2]  VMThread::run()+0x72
V  [libjvm.so+0x7c4a42]  java_start(Thread*)+0xf2

VM_Operation (0x00007f3e3bdfc480): ParallelGCFailedAllocation, mode: safepoint, requested by thread 0x00007f3e8010a000


---------------  P R O C E S S  ---------------

Java Threads: ( => current thread )
  0x00007f3e8010a000 JavaThread "compute-0" [_thread_blocked, id=17682, stack(0x00007f3e3bcfd000,0x00007f3e3bdfe000)]
  0x00007f3e50003800 JavaThread "netty-server-exec-0" [_thread_blocked, id=17680, stack(0x00007f3e3bdfe000,0x00007f3e3beff000)]
  0x00007f3e48003000 JavaThread "netty-server-worker-0" [_thread_blocked, id=17679, stack(0x00007f3e3beff000,0x00007f3e3c000000)]
  0x00007f3e48002000 JavaThread "netty-client-exec-0" [_thread_blocked, id=17678, stack(0x00007f3eb009c000,0x00007f3eb019d000)]
  0x00007f3e802b3800 JavaThread "netty-client-worker-0" [_thread_blocked, id=17677, stack(0x00007f3eb019d000,0x00007f3eb029e000)]
  0x00007f3e40005800 JavaThread "netty-server-exec-0" [_thread_blocked, id=17676, stack(0x00007f3eb029e000,0x00007f3eb039f000)]
  0x00007f3e44006800 JavaThread "netty-server-worker-0" [_thread_blocked, id=17675, stack(0x00007f3eb039f000,0x00007f3eb04a0000)]
  0x00007f3e40002000 JavaThread "netty-client-exec-0" [_thread_blocked, id=17674, stack(0x00007f3eb04a0000,0x00007f3eb05a1000)]
  0x00007f3e601ad000 JavaThread "netty-client-worker-0" [_thread_blocked, id=17673, stack(0x00007f3eb05a1000,0x00007f3eb06a2000)]
  0x00007f3e60173000 JavaThread "netty-server-boss-1" [_thread_blocked, id=17670, stack(0x00007f3eb07a3000,0x00007f3eb08a4000)]
  0x00007f3e80163800 JavaThread "netty-server-boss-0" [_thread_blocked, id=17669, stack(0x00007f3eb08a4000,0x00007f3eb09a5000)]
  0x00007f3e60168800 JavaThread "netty-server-boss-0" [_thread_blocked, id=17668, stack(0x00007f3eb09a5000,0x00007f3eb0aa6000)]
  0x00007f3e6001e000 JavaThread "process reaper" daemon [_thread_blocked, id=17666, stack(0x00007f3eb0aa6000,0x00007f3eb0adf000)]
  0x00007f3e80152800 JavaThread "pool-1-thread-1-EventThread" daemon [_thread_blocked, id=17664, stack(0x00007f3eb0adf000,0x00007f3eb0be0000)]
  0x00007f3e80143800 JavaThread "pool-1-thread-1-SendThread(localhost:22181)" daemon [_thread_in_native, id=17663, stack(0x00007f3eb0be0000,0x00007f3eb0ce1000)]
  0x00007f3e80125000 JavaThread "org.apache.giraph.master.MasterThread" [_thread_blocked, id=17662, stack(0x00007f3eb0ce1000,0x00007f3eb0de2000)]
  0x00007f3e800df000 JavaThread "pool-1-thread-1-EventThread" daemon [_thread_blocked, id=17661, stack(0x00007f3eb0de2000,0x00007f3eb0ee3000)]
  0x00007f3e80128800 JavaThread "pool-1-thread-1-SendThread(localhost:22181)" daemon [_thread_in_native, id=17660, stack(0x00007f3eb0ee3000,0x00007f3eb0fe4000)]
  0x00007f3e80093800 JavaThread "org.apache.giraph.zk.ZooKeeperManager$StreamCollector" daemon [_thread_in_native, id=17640, stack(0x00007f3eb0fe4000,0x00007f3eb10e5000)]
  0x00007f3e8008c800 JavaThread "metrics-meter-tick-thread-2" daemon [_thread_blocked, id=17638, stack(0x00007f3eb10e5000,0x00007f3eb11e6000)]
  0x00007f3e8008b800 JavaThread "metrics-meter-tick-thread-1" daemon [_thread_blocked, id=17637, stack(0x00007f3eb11e6000,0x00007f3eb12e7000)]
  0x00007f3e8001c800 JavaThread "process reaper" daemon [_thread_in_native, id=17631, stack(0x00007f3eb12e7000,0x00007f3eb1320000)]
  0x00007f3e80011800 JavaThread "communication thread" daemon [_thread_blocked, id=17629, stack(0x00007f3eb1320000,0x00007f3eb1421000)]
  0x00007f3e7c01e800 JavaThread "pool-1-thread-1" [_thread_blocked, id=17628, stack(0x00007f3eb1421000,0x00007f3eb1522000)]
  0x00007f3ec08e3800 JavaThread "Thread-1" [_thread_blocked, id=17627, stack(0x00007f3eb1522000,0x00007f3eb1623000)]
  0x00007f3ec00b3000 JavaThread "Service Thread" daemon [_thread_blocked, id=17623, stack(0x00007f3eb381d000,0x00007f3eb391e000)]
  0x00007f3ec00b1000 JavaThread "C2 CompilerThread1" daemon [_thread_blocked, id=17622, stack(0x00007f3eb80b5000,0x00007f3eb81b6000)]
  0x00007f3ec00ae000 JavaThread "C2 CompilerThread0" daemon [_thread_blocked, id=17621, stack(0x00007f3eb81b6000,0x00007f3eb82b7000)]
  0x00007f3ec00ab800 JavaThread "Signal Dispatcher" daemon [_thread_blocked, id=17620, stack(0x00007f3eb82b7000,0x00007f3eb83b8000)]
  0x00007f3ec0081000 JavaThread "Finalizer" daemon [_thread_blocked, id=17619, stack(0x00007f3eb83b8000,0x00007f3eb84b9000)]
  0x00007f3ec007f000 JavaThread "Reference Handler" daemon [_thread_blocked, id=17618, stack(0x00007f3eb84b9000,0x00007f3eb85ba000)]
  0x00007f3ec000f000 JavaThread "main" [_thread_blocked, id=17612, stack(0x00007f3ec6a5d000,0x00007f3ec6b5e000)]

Other Threads:
=>0x00007f3ec007a800 VMThread [stack: 0x00007f3eb85ba000,0x00007f3eb86bb000] [id=17617]
  0x00007f3ec00c6000 WatcherThread [stack: 0x00007f3eb371c000,0x00007f3eb381d000] [id=17624]

VM state:at safepoint (normal execution)

VM Mutex/Monitor currently owned by a thread:  ([mutex/lock_event])
[0x00007f3ec000b1e0] ExpandHeap_lock - owner thread: 0x00007f3ec007a800
[0x00007f3ec000b860] Threads_lock - owner thread: 0x00007f3ec007a800
[0x00007f3ec000bd60] Heap_lock - owner thread: 0x00007f3e8010a000

Heap
 PSYoungGen      total 286720K, used 40386K [0x00000000ec000000, 0x0000000100000000, 0x0000000100000000)
  eden space 245760K, 0% used [0x00000000ec000000,0x00000000ec000000,0x00000000fb000000)
  from space 40960K, 98% used [0x00000000fb000000,0x00000000fd7709f0,0x00000000fd800000)
  to   space 40960K, 0% used [0x00000000fd800000,0x00000000fd800000,0x0000000100000000)
 ParOldGen       total 99328K, used 95618K [0x00000000c4000000, 0x00000000ca100000, 0x00000000ec000000)
  object space 99328K, 96% used [0x00000000c4000000,0x00000000c9d60a48,0x00000000ca100000)
 PSPermGen       total 37888K, used 19523K [0x00000000b9a00000, 0x00000000bbf00000, 0x00000000c4000000)
  object space 37888K, 51% used [0x00000000b9a00000,0x00000000bad10e30,0x00000000bbf00000)

Card table byte_map: [0x00007f3ebc387000,0x00007f3ebc5bb000] byte_map_base: 0x00007f3ebbdba000

Polling page: 0x00007f3ec6b80000

Code Cache  [0x00007f3ebc5bb000, 0x00007f3ebc82b000, 0x00007f3ebf5bb000)
 total_blobs=923 nmethods=549 adapters=327 free_code_cache=47552Kb largest_free_block=48644032

Compilation events (10 events):
Event: 13.349 Thread 0x00007f3ec00ae000 nmethod 559 0x00007f3ebc74ead0 code [0x00007f3ebc74eda0, 0x00007f3ebc74fb20]
Event: 13.349 Thread 0x00007f3ec00ae000  563             org.apache.giraph.comm.SendVertexIdDataCache::addData (46 bytes)
Event: 13.364 Thread 0x00007f3ec00ae000 nmethod 563 0x00007f3ebc74b7d0 code [0x00007f3ebc74b9c0, 0x00007f3ebc74c1c0]
Event: 13.364 Thread 0x00007f3ec00ae000  564             org.apache.giraph.comm.SendVertexIdDataCache::getPartitionData (50 bytes)
Event: 13.368 Thread 0x00007f3ec00ae000 nmethod 564 0x00007f3ebc747a10 code [0x00007f3ebc747ba0, 0x00007f3ebc747db0]
Event: 13.378 Thread 0x00007f3ec00b1000 nmethod 562% 0x00007f3ebc753cd0 code [0x00007f3ebc753f80, 0x00007f3ebc755790]
Event: 13.489 Thread 0x00007f3ec00b1000  566             sun.reflect.ByteVectorImpl::add (38 bytes)
Event: 13.489 Thread 0x00007f3ec00ae000  565             sun.reflect.ClassFileAssembler::emitByte (11 bytes)
Event: 13.491 Thread 0x00007f3ec00b1000 nmethod 566 0x00007f3ebc74cf90 code [0x00007f3ebc74d0e0, 0x00007f3ebc74d1c8]
Event: 13.491 Thread 0x00007f3ec00ae000 nmethod 565 0x00007f3ebc74b390 code [0x00007f3ebc74b4e0, 0x00007f3ebc74b628]

GC Heap History (10 events):
Event: 10.646 GC heap after
Heap after GC invocations=8 (full 0):
 PSYoungGen      total 254976K, used 16870K [0x00000000ec000000, 0x00000000fda00000, 0x0000000100000000)
  eden space 238080K, 0% used [0x00000000ec000000,0x00000000ec000000,0x00000000fa880000)
  from space 16896K, 99% used [0x00000000fbe80000,0x00000000fcef99f0,0x00000000fcf00000)
  to   space 22528K, 0% used [0x00000000fa880000,0x00000000fa880000,0x00000000fbe80000)
 ParOldGen       total 40960K, used 26215K [0x00000000c4000000, 0x00000000c6800000, 0x00000000ec000000)
  object space 40960K, 64% used [0x00000000c4000000,0x00000000c5999fc8,0x00000000c6800000)
 PSPermGen       total 21504K, used 18820K [0x00000000b9a00000, 0x00000000baf00000, 0x00000000c4000000)
  object space 21504K, 87% used [0x00000000b9a00000,0x00000000bac61190,0x00000000baf00000)
}
Event: 11.040 GC heap before
{Heap before GC invocations=9 (full 0):
 PSYoungGen      total 254976K, used 254950K [0x00000000ec000000, 0x00000000fda00000, 0x0000000100000000)
  eden space 238080K, 100% used [0x00000000ec000000,0x00000000fa880000,0x00000000fa880000)
  from space 16896K, 99% used [0x00000000fbe80000,0x00000000fcef99f0,0x00000000fcf00000)
  to   space 22528K, 0% used [0x00000000fa880000,0x00000000fa880000,0x00000000fbe80000)
 ParOldGen       total 40960K, used 26215K [0x00000000c4000000, 0x00000000c6800000, 0x00000000ec000000)
  object space 40960K, 64% used [0x00000000c4000000,0x00000000c5999fc8,0x00000000c6800000)
 PSPermGen       total 21504K, used 18840K [0x00000000b9a00000, 0x00000000baf00000, 0x00000000c4000000)
  object space 21504K, 87% used [0x00000000b9a00000,0x00000000bac663d8,0x00000000baf00000)
Event: 11.413 GC heap after
Heap after GC invocations=9 (full 0):
 PSYoungGen      total 260608K, used 22502K [0x00000000ec000000, 0x0000000100000000, 0x0000000100000000)
  eden space 238080K, 0% used [0x00000000ec000000,0x00000000ec000000,0x00000000fa880000)
  from space 22528K, 99% used [0x00000000fa880000,0x00000000fbe799f0,0x00000000fbe80000)
  to   space 33280K, 0% used [0x00000000fdf80000,0x00000000fdf80000,0x0000000100000000)
 ParOldGen       total 45056K, used 43435K [0x00000000c4000000, 0x00000000c6c00000, 0x00000000ec000000)
  object space 45056K, 96% used [0x00000000c4000000,0x00000000c6a6aff8,0x00000000c6c00000)
 PSPermGen       total 21504K, used 18840K [0x00000000b9a00000, 0x00000000baf00000, 0x00000000c4000000)
  object space 21504K, 87% used [0x00000000b9a00000,0x00000000bac663d8,0x00000000baf00000)
}
Event: 11.413 GC heap before
{Heap before GC invocations=10 (full 1):
 PSYoungGen      total 260608K, used 22502K [0x00000000ec000000, 0x0000000100000000, 0x0000000100000000)
  eden space 238080K, 0% used [0x00000000ec000000,0x00000000ec000000,0x00000000fa880000)
  from space 22528K, 99% used [0x00000000fa880000,0x00000000fbe799f0,0x00000000fbe80000)
  to   space 33280K, 0% used [0x00000000fdf80000,0x00000000fdf80000,0x0000000100000000)
 ParOldGen       total 45056K, used 43435K [0x00000000c4000000, 0x00000000c6c00000, 0x00000000ec000000)
  object space 45056K, 96% used [0x00000000c4000000,0x00000000c6a6aff8,0x00000000c6c00000)
 PSPermGen       total 21504K, used 18840K [0x00000000b9a00000, 0x00000000baf00000, 0x00000000c4000000)
  object space 21504K, 87% used [0x00000000b9a00000,0x00000000bac663d8,0x00000000baf00000)
Event: 11.751 GC heap after
Heap after GC invocations=10 (full 1):
 PSYoungGen      total 260608K, used 15822K [0x00000000ec000000, 0x0000000100000000, 0x0000000100000000)
  eden space 238080K, 0% used [0x00000000ec000000,0x00000000ec000000,0x00000000fa880000)
  from space 22528K, 70% used [0x00000000fa880000,0x00000000fb7f38f8,0x00000000fbe80000)
  to   space 33280K, 0% used [0x00000000fdf80000,0x00000000fdf80000,0x0000000100000000)
 ParOldGen       total 76800K, used 44811K [0x00000000c4000000, 0x00000000c8b00000, 0x00000000ec000000)
  object space 76800K, 58% used [0x00000000c4000000,0x00000000c6bc2e48,0x00000000c8b00000)
 PSPermGen       total 37888K, used 18834K [0x00000000b9a00000, 0x00000000bbf00000, 0x00000000c4000000)
  object space 37888K, 49% used [0x00000000b9a00000,0x00000000bac64b48,0x00000000bbf00000)
}
Event: 12.143 GC heap before
{Heap before GC invocations=11 (full 1):
 PSYoungGen      total 260608K, used 253902K [0x00000000ec000000, 0x0000000100000000, 0x0000000100000000)
  eden space 238080K, 100% used [0x00000000ec000000,0x00000000fa880000,0x00000000fa880000)
  from space 22528K, 70% used [0x00000000fa880000,0x00000000fb7f38f8,0x00000000fbe80000)
  to   space 33280K, 0% used [0x00000000fdf80000,0x00000000fdf80000,0x0000000100000000)
 ParOldGen       total 76800K, used 44811K [0x00000000c4000000, 0x00000000c8b00000, 0x00000000ec000000)
  object space 76800K, 58% used [0x00000000c4000000,0x00000000c6bc2e48,0x00000000c8b00000)
 PSPermGen       total 37888K, used 18887K [0x00000000b9a00000, 0x00000000bbf00000, 0x00000000c4000000)
  object space 37888K, 49% used [0x00000000b9a00000,0x00000000bac71fa8,0x00000000bbf00000)
Event: 12.213 GC heap after
Heap after GC invocations=11 (full 1):
 PSYoungGen      total 279040K, used 33254K [0x00000000ec000000, 0x0000000100000000, 0x0000000100000000)
  eden space 245760K, 0% used [0x00000000ec000000,0x00000000ec000000,0x00000000fb000000)
  from space 33280K, 99% used [0x00000000fdf80000,0x00000000ffff99b0,0x0000000100000000)
  to   space 40960K, 0% used [0x00000000fb000000,0x00000000fb000000,0x00000000fd800000)
 ParOldGen       total 76800K, used 50403K [0x00000000c4000000, 0x00000000c8b00000, 0x00000000ec000000)
  object space 76800K, 65% used [0x00000000c4000000,0x00000000c7138e48,0x00000000c8b00000)
 PSPermGen       total 37888K, used 18887K [0x00000000b9a00000, 0x00000000bbf00000, 0x00000000c4000000)
  object space 37888K, 49% used [0x00000000b9a00000,0x00000000bac71fa8,0x00000000bbf00000)
}
Event: 13.747 GC heap before
{Heap before GC invocations=12 (full 1):
 PSYoungGen      total 279040K, used 279014K [0x00000000ec000000, 0x0000000100000000, 0x0000000100000000)
  eden space 245760K, 100% used [0x00000000ec000000,0x00000000fb000000,0x00000000fb000000)
  from space 33280K, 99% used [0x00000000fdf80000,0x00000000ffff99b0,0x0000000100000000)
  to   space 40960K, 0% used [0x00000000fb000000,0x00000000fb000000,0x00000000fd800000)
 ParOldGen       total 76800K, used 50403K [0x00000000c4000000, 0x00000000c8b00000, 0x00000000ec000000)
  object space 76800K, 65% used [0x00000000c4000000,0x00000000c7138e48,0x00000000c8b00000)
 PSPermGen       total 37888K, used 19524K [0x00000000b9a00000, 0x00000000bbf00000, 0x00000000c4000000)
  object space 37888K, 51% used [0x00000000b9a00000,0x00000000bad112f0,0x00000000bbf00000)
Event: 14.459 GC heap after
Heap after GC invocations=12 (full 1):
 PSYoungGen      total 286720K, used 40934K [0x00000000ec000000, 0x0000000100000000, 0x0000000100000000)
  eden space 245760K, 0% used [0x00000000ec000000,0x00000000ec000000,0x00000000fb000000)
  from space 40960K, 99% used [0x00000000fb000000,0x00000000fd7f9a10,0x00000000fd800000)
  to   space 40960K, 0% used [0x00000000fd800000,0x00000000fd800000,0x0000000100000000)
 ParOldGen       total 99328K, used 99098K [0x00000000c4000000, 0x00000000ca100000, 0x00000000ec000000)
  object space 99328K, 99% used [0x00000000c4000000,0x00000000ca0c6b80,0x00000000ca100000)
 PSPermGen       total 37888K, used 19524K [0x00000000b9a00000, 0x00000000bbf00000, 0x00000000c4000000)
  object space 37888K, 51% used [0x00000000b9a00000,0x00000000bad112f0,0x00000000bbf00000)
}
Event: 14.459 GC heap before
{Heap before GC invocations=13 (full 2):
 PSYoungGen      total 286720K, used 40934K [0x00000000ec000000, 0x0000000100000000, 0x0000000100000000)
  eden space 245760K, 0% used [0x00000000ec000000,0x00000000ec000000,0x00000000fb000000)
  from space 40960K, 99% used [0x00000000fb000000,0x00000000fd7f9a10,0x00000000fd800000)
  to   space 40960K, 0% used [0x00000000fd800000,0x00000000fd800000,0x0000000100000000)
 ParOldGen       total 99328K, used 99098K [0x00000000c4000000, 0x00000000ca100000, 0x00000000ec000000)
  object space 99328K, 99% used [0x00000000c4000000,0x00000000ca0c6b80,0x00000000ca100000)
 PSPermGen       total 37888K, used 19524K [0x00000000b9a00000, 0x00000000bbf00000, 0x00000000c4000000)
  object space 37888K, 51% used [0x00000000b9a00000,0x00000000bad112f0,0x00000000bbf00000)

Deoptimization events (10 events):
Event: 13.688 Thread 0x00007f3e80011800 Uncommon trap: reason=class_check action=maybe_recompile pc=0x00007f3ebc702e34 method=org.apache.hadoop.io.WritableUtils.writeVLong(Ljava/io/DataOutput;J)V @ 20
Event: 13.688 Thread 0x00007f3e80011800 Uncommon trap: reason=class_check action=maybe_recompile pc=0x00007f3ebc68f514 method=org.apache.hadoop.io.WritableUtils.readVLong(Ljava/io/DataInput;)J @ 1
Event: 13.688 Thread 0x00007f3e80011800 Uncommon trap: reason=class_check action=maybe_recompile pc=0x00007f3ebc720f68 method=org.apache.hadoop.io.WritableUtils.readVLong(Ljava/io/DataInput;)J @ 1
Event: 13.688 Thread 0x00007f3e80011800 Uncommon trap: reason=class_check action=maybe_recompile pc=0x00007f3ebc720f68 method=org.apache.hadoop.io.WritableUtils.readVLong(Ljava/io/DataInput;)J @ 1
Event: 13.688 Thread 0x00007f3e80011800 Uncommon trap: reason=class_check action=maybe_recompile pc=0x00007f3ebc720f68 method=org.apache.hadoop.io.WritableUtils.readVLong(Ljava/io/DataInput;)J @ 1
Event: 13.688 Thread 0x00007f3e80011800 Uncommon trap: reason=class_check action=maybe_recompile pc=0x00007f3ebc720aa8 method=org.apache.hadoop.io.WritableUtils.readVLong(Ljava/io/DataInput;)J @ 1
Event: 13.689 Thread 0x00007f3e80011800 Uncommon trap: reason=class_check action=maybe_recompile pc=0x00007f3ebc725198 method=java.lang.String.valueOf(Ljava/lang/Object;)Ljava/lang/String; @ 10
Event: 13.689 Thread 0x00007f3e80011800 Uncommon trap: reason=class_check action=maybe_recompile pc=0x00007f3ebc725198 method=java.lang.String.valueOf(Ljava/lang/Object;)Ljava/lang/String; @ 10
Event: 13.689 Thread 0x00007f3e80011800 Uncommon trap: reason=class_check action=maybe_recompile pc=0x00007f3ebc725198 method=java.lang.String.valueOf(Ljava/lang/Object;)Ljava/lang/String; @ 10
Event: 13.689 Thread 0x00007f3e80011800 Uncommon trap: reason=class_check action=maybe_recompile pc=0x00007f3ebc725198 method=java.lang.String.valueOf(Ljava/lang/Object;)Ljava/lang/String; @ 10

Internal exceptions (10 events):
Event: 12.766 Thread 0x00007f3e8010a000 Threw 0x00000000f17fa9d8 at /build/buildd/openjdk-7-7u75-2.5.4/build/openjdk/hotspot/src/share/vm/prims/jvm.cpp:1284
Event: 12.984 Thread 0x00007f3e8010a000 Threw 0x00000000f1b21798 at /build/buildd/openjdk-7-7u75-2.5.4/build/openjdk/hotspot/src/share/vm/prims/jvm.cpp:1284
Event: 12.985 Thread 0x00007f3e8010a000 Threw 0x00000000f1b26410 at /build/buildd/openjdk-7-7u75-2.5.4/build/openjdk/hotspot/src/share/vm/prims/jvm.cpp:1284
Event: 13.080 Thread 0x00007f3e8010a000 Implicit null exception at 0x00007f3ebc71e403 to 0x00007f3ebc71eb6d
Event: 13.186 Thread 0x00007f3e8010a000 Threw 0x00000000f20bc8c8 at /build/buildd/openjdk-7-7u75-2.5.4/build/openjdk/hotspot/src/share/vm/prims/jvm.cpp:1284
Event: 13.205 Thread 0x00007f3e8010a000 Threw 0x00000000f20bfbc8 at /build/buildd/openjdk-7-7u75-2.5.4/build/openjdk/hotspot/src/share/vm/prims/jvm.cpp:1284
Event: 13.217 Thread 0x00007f3e8010a000 Implicit null exception at 0x00007f3ebc62ec84 to 0x00007f3ebc62f311
Event: 13.231 Thread 0x00007f3e8010a000 Implicit null exception at 0x00007f3ebc7190c1 to 0x00007f3ebc719585
Event: 13.283 Thread 0x00007f3e8010a000 Implicit null exception at 0x00007f3ebc711441 to 0x00007f3ebc711905
Event: 13.334 Thread 0x00007f3e8010a000 Implicit null exception at 0x00007f3ebc71a411 to 0x00007f3ebc71a47d

Events (10 events):
Event: 13.689 Thread 0x00007f3e80011800 Uncommon trap: trap_request=0xffffffde fr.pc=0x00007f3ebc725198
Event: 13.689 Thread 0x00007f3e80011800 DEOPT PACKING pc=0x00007f3ebc725198 sp=0x00007f3eb141f420
Event: 13.689 Thread 0x00007f3e80011800 DEOPT UNPACKING pc=0x00007f3ebc5f4445 sp=0x00007f3eb141f3e8 mode 2
Event: 13.689 Thread 0x00007f3e80011800 Uncommon trap: trap_request=0xffffffde fr.pc=0x00007f3ebc725198
Event: 13.689 Thread 0x00007f3e80011800 DEOPT PACKING pc=0x00007f3ebc725198 sp=0x00007f3eb141f420
Event: 13.689 Thread 0x00007f3e80011800 DEOPT UNPACKING pc=0x00007f3ebc5f4445 sp=0x00007f3eb141f3e8 mode 2
Event: 13.689 Thread 0x00007f3e80011800 Uncommon trap: trap_request=0xffffffde fr.pc=0x00007f3ebc725198
Event: 13.689 Thread 0x00007f3e80011800 DEOPT PACKING pc=0x00007f3ebc725198 sp=0x00007f3eb141f420
Event: 13.689 Thread 0x00007f3e80011800 DEOPT UNPACKING pc=0x00007f3ebc5f4445 sp=0x00007f3eb141f3e8 mode 2
Event: 13.746 Executing VM operation: ParallelGCFailedAllocation


Dynamic libraries:
00400000-00401000 r-xp 00000000 08:03 3041900                            /usr/lib/jvm/java-7-openjdk-amd64/jre/bin/java
00600000-00601000 r--p 00000000 08:03 3041900                            /usr/lib/jvm/java-7-openjdk-amd64/jre/bin/java
00601000-00602000 rw-p 00001000 08:03 3041900                            /usr/lib/jvm/java-7-openjdk-amd64/jre/bin/java
01834000-01855000 rw-p 00000000 00:00 0                                  [heap]
b9a00000-bbf00000 rw-p 00000000 00:00 0 
bbf00000-c4000000 rw-p 00000000 00:00 0 
c4000000-ca100000 rw-p 00000000 00:00 0 
cd600000-ec000000 rw-p 00000000 00:00 0 
ec000000-100000000 rw-p 00000000 00:00 0 
7f3e3bcfd000-7f3e3bd00000 ---p 00000000 00:00 0 
7f3e3bd00000-7f3e3bdfe000 rw-p 00000000 00:00 0                          [stack:17682]
7f3e3bdfe000-7f3e3be01000 ---p 00000000 00:00 0 
7f3e3be01000-7f3e3beff000 rw-p 00000000 00:00 0                          [stack:17680]
7f3e3beff000-7f3e3bf02000 ---p 00000000 00:00 0 
7f3e3bf02000-7f3e3c000000 rw-p 00000000 00:00 0                          [stack:17679]
7f3e3c000000-7f3e3c021000 rw-p 00000000 00:00 0 
7f3e3c021000-7f3e40000000 ---p 00000000 00:00 0 
7f3e40000000-7f3e40093000 rw-p 00000000 00:00 0 
7f3e40093000-7f3e44000000 ---p 00000000 00:00 0 
7f3e44000000-7f3e44021000 rw-p 00000000 00:00 0 
7f3e44021000-7f3e48000000 ---p 00000000 00:00 0 
7f3e48000000-7f3e48021000 rw-p 00000000 00:00 0 
7f3e48021000-7f3e4c000000 ---p 00000000 00:00 0 
7f3e4c000000-7f3e4c021000 rw-p 00000000 00:00 0 
7f3e4c021000-7f3e50000000 ---p 00000000 00:00 0 
7f3e50000000-7f3e50086000 rw-p 00000000 00:00 0 
7f3e50086000-7f3e54000000 ---p 00000000 00:00 0 
7f3e54000000-7f3e54021000 rw-p 00000000 00:00 0 
7f3e54021000-7f3e58000000 ---p 00000000 00:00 0 
7f3e58000000-7f3e58022000 rw-p 00000000 00:00 0 
7f3e58022000-7f3e5c000000 ---p 00000000 00:00 0 
7f3e5c000000-7f3e5c021000 rw-p 00000000 00:00 0 
7f3e5c021000-7f3e60000000 ---p 00000000 00:00 0 
7f3e60000000-7f3e603fc000 rw-p 00000000 00:00 0 
7f3e603fc000-7f3e64000000 ---p 00000000 00:00 0 
7f3e64000000-7f3e64021000 rw-p 00000000 00:00 0 
7f3e64021000-7f3e68000000 ---p 00000000 00:00 0 
7f3e68000000-7f3e68022000 rw-p 00000000 00:00 0 
7f3e68022000-7f3e6c000000 ---p 00000000 00:00 0 
7f3e6c000000-7f3e6c021000 rw-p 00000000 00:00 0 
7f3e6c021000-7f3e70000000 ---p 00000000 00:00 0 
7f3e70000000-7f3e70021000 rw-p 00000000 00:00 0 
7f3e70021000-7f3e74000000 ---p 00000000 00:00 0 
7f3e74000000-7f3e74021000 rw-p 00000000 00:00 0 
7f3e74021000-7f3e78000000 ---p 00000000 00:00 0 
7f3e78000000-7f3e78021000 rw-p 00000000 00:00 0 
7f3e78021000-7f3e7c000000 ---p 00000000 00:00 0 
7f3e7c000000-7f3e7c029000 rw-p 00000000 00:00 0 
7f3e7c029000-7f3e80000000 ---p 00000000 00:00 0 
7f3e80000000-7f3e802c3000 rw-p 00000000 00:00 0 
7f3e802c3000-7f3e84000000 ---p 00000000 00:00 0 
7f3e84000000-7f3e84021000 rw-p 00000000 00:00 0 
7f3e84021000-7f3e88000000 ---p 00000000 00:00 0 
7f3e88000000-7f3e88021000 rw-p 00000000 00:00 0 
7f3e88021000-7f3e8c000000 ---p 00000000 00:00 0 
7f3e8c000000-7f3e8c8ae000 rw-p 00000000 00:00 0 
7f3e8c8ae000-7f3e90000000 ---p 00000000 00:00 0 
7f3e90000000-7f3e9076f000 rw-p 00000000 00:00 0 
7f3e9076f000-7f3e94000000 ---p 00000000 00:00 0 
7f3e94000000-7f3e94021000 rw-p 00000000 00:00 0 
7f3e94021000-7f3e98000000 ---p 00000000 00:00 0 
7f3e98000000-7f3e98021000 rw-p 00000000 00:00 0 
7f3e98021000-7f3e9c000000 ---p 00000000 00:00 0 
7f3e9c000000-7f3e9c248000 rw-p 00000000 00:00 0 
7f3e9c248000-7f3ea0000000 ---p 00000000 00:00 0 
7f3ea0000000-7f3ea0021000 rw-p 00000000 00:00 0 
7f3ea0021000-7f3ea4000000 ---p 00000000 00:00 0 
7f3ea4000000-7f3ea4021000 rw-p 00000000 00:00 0 
7f3ea4021000-7f3ea8000000 ---p 00000000 00:00 0 
7f3ea8000000-7f3ea8021000 rw-p 00000000 00:00 0 
7f3ea8021000-7f3eac000000 ---p 00000000 00:00 0 
7f3eac000000-7f3eac021000 rw-p 00000000 00:00 0 
7f3eac021000-7f3eb0000000 ---p 00000000 00:00 0 
7f3eb009c000-7f3eb009f000 ---p 00000000 00:00 0 
7f3eb009f000-7f3eb019d000 rw-p 00000000 00:00 0                          [stack:17678]
7f3eb019d000-7f3eb01a0000 ---p 00000000 00:00 0 
7f3eb01a0000-7f3eb029e000 rw-p 00000000 00:00 0                          [stack:17677]
7f3eb029e000-7f3eb02a1000 ---p 00000000 00:00 0 
7f3eb02a1000-7f3eb039f000 rw-p 00000000 00:00 0                          [stack:17676]
7f3eb039f000-7f3eb03a2000 ---p 00000000 00:00 0 
7f3eb03a2000-7f3eb04a0000 rw-p 00000000 00:00 0                          [stack:17675]
7f3eb04a0000-7f3eb04a3000 ---p 00000000 00:00 0 
7f3eb04a3000-7f3eb05a1000 rw-p 00000000 00:00 0                          [stack:17674]
7f3eb05a1000-7f3eb05a4000 ---p 00000000 00:00 0 
7f3eb05a4000-7f3eb06a2000 rw-p 00000000 00:00 0                          [stack:17673]
7f3eb06a2000-7f3eb06a5000 ---p 00000000 00:00 0 
7f3eb06a5000-7f3eb07a3000 rw-p 00000000 00:00 0 
7f3eb07a3000-7f3eb07a6000 ---p 00000000 00:00 0 
7f3eb07a6000-7f3eb08a4000 rw-p 00000000 00:00 0                          [stack:17670]
7f3eb08a4000-7f3eb08a7000 ---p 00000000 00:00 0 
7f3eb08a7000-7f3eb09a5000 rw-p 00000000 00:00 0                          [stack:17669]
7f3eb09a5000-7f3eb09a8000 ---p 00000000 00:00 0 
7f3eb09a8000-7f3eb0aa6000 rw-p 00000000 00:00 0                          [stack:17668]
7f3eb0aa6000-7f3eb0aa9000 ---p 00000000 00:00 0 
7f3eb0aa9000-7f3eb0adf000 rw-p 00000000 00:00 0                          [stack:17666]
7f3eb0adf000-7f3eb0ae2000 ---p 00000000 00:00 0 
7f3eb0ae2000-7f3eb0be0000 rw-p 00000000 00:00 0                          [stack:17664]
7f3eb0be0000-7f3eb0be3000 ---p 00000000 00:00 0 
7f3eb0be3000-7f3eb0ce1000 rw-p 00000000 00:00 0                          [stack:17663]
7f3eb0ce1000-7f3eb0ce4000 ---p 00000000 00:00 0 
7f3eb0ce4000-7f3eb0de2000 rw-p 00000000 00:00 0                          [stack:17662]
7f3eb0de2000-7f3eb0de5000 ---p 00000000 00:00 0 
7f3eb0de5000-7f3eb0ee3000 rw-p 00000000 00:00 0                          [stack:17661]
7f3eb0ee3000-7f3eb0ee6000 ---p 00000000 00:00 0 
7f3eb0ee6000-7f3eb0fe4000 rw-p 00000000 00:00 0                          [stack:17660]
7f3eb0fe4000-7f3eb0fe7000 ---p 00000000 00:00 0 
7f3eb0fe7000-7f3eb10e5000 rw-p 00000000 00:00 0                          [stack:17640]
7f3eb10e5000-7f3eb10e8000 ---p 00000000 00:00 0 
7f3eb10e8000-7f3eb11e6000 rw-p 00000000 00:00 0                          [stack:17638]
7f3eb11e6000-7f3eb11e9000 ---p 00000000 00:00 0 
7f3eb11e9000-7f3eb12e7000 rw-p 00000000 00:00 0                          [stack:17637]
7f3eb12e7000-7f3eb12ea000 ---p 00000000 00:00 0 
7f3eb12ea000-7f3eb1320000 rw-p 00000000 00:00 0                          [stack:17631]
7f3eb1320000-7f3eb1323000 ---p 00000000 00:00 0 
7f3eb1323000-7f3eb1421000 rw-p 00000000 00:00 0                          [stack:17629]
7f3eb1421000-7f3eb1424000 ---p 00000000 00:00 0 
7f3eb1424000-7f3eb1522000 rw-p 00000000 00:00 0                          [stack:17628]
7f3eb1522000-7f3eb1525000 ---p 00000000 00:00 0 
7f3eb1525000-7f3eb1623000 rw-p 00000000 00:00 0                          [stack:17627]
7f3eb1623000-7f3eb1624000 r-xp 00000000 08:03 3421488                    /usr/lib/jvm/java-7-openjdk-amd64/jre/lib/amd64/libjaas_unix.so
7f3eb1624000-7f3eb1823000 ---p 00001000 08:03 3421488                    /usr/lib/jvm/java-7-openjdk-amd64/jre/lib/amd64/libjaas_unix.so
7f3eb1823000-7f3eb1824000 r--p 00000000 08:03 3421488                    /usr/lib/jvm/java-7-openjdk-amd64/jre/lib/amd64/libjaas_unix.so
7f3eb1824000-7f3eb1825000 rw-p 00001000 08:03 3421488                    /usr/lib/jvm/java-7-openjdk-amd64/jre/lib/amd64/libjaas_unix.so
7f3eb1825000-7f3eb182d000 r-xp 00000000 08:03 3421490                    /usr/lib/jvm/java-7-openjdk-amd64/jre/lib/amd64/libmanagement.so
7f3eb182d000-7f3eb1a2c000 ---p 00008000 08:03 3421490                    /usr/lib/jvm/java-7-openjdk-amd64/jre/lib/amd64/libmanagement.so
7f3eb1a2c000-7f3eb1a2d000 r--p 00007000 08:03 3421490                    /usr/lib/jvm/java-7-openjdk-amd64/jre/lib/amd64/libmanagement.so
7f3eb1a2d000-7f3eb1a2e000 rw-p 00008000 08:03 3421490                    /usr/lib/jvm/java-7-openjdk-amd64/jre/lib/amd64/libmanagement.so
7f3eb1a2e000-7f3eb1a5f000 rw-p 00000000 00:00 0 
7f3eb1a5f000-7f3eb1a9c000 r-xp 00000000 08:03 3805223                    /lib/x86_64-linux-gnu/libpcre.so.3.13.1
7f3eb1a9c000-7f3eb1c9b000 ---p 0003d000 08:03 3805223                    /lib/x86_64-linux-gnu/libpcre.so.3.13.1
7f3eb1c9b000-7f3eb1c9c000 r--p 0003c000 08:03 3805223                    /lib/x86_64-linux-gnu/libpcre.so.3.13.1
7f3eb1c9c000-7f3eb1c9d000 rw-p 0003d000 08:03 3805223                    /lib/x86_64-linux-gnu/libpcre.so.3.13.1
7f3eb1c9d000-7f3eb1ca4000 r-xp 00000000 08:03 1974609                    /usr/lib/x86_64-linux-gnu/libffi.so.6.0.1
7f3eb1ca4000-7f3eb1ea3000 ---p 00007000 08:03 1974609                    /usr/lib/x86_64-linux-gnu/libffi.so.6.0.1
7f3eb1ea3000-7f3eb1ea4000 r--p 00006000 08:03 1974609                    /usr/lib/x86_64-linux-gnu/libffi.so.6.0.1
7f3eb1ea4000-7f3eb1ea5000 rw-p 00007000 08:03 1974609                    /usr/lib/x86_64-linux-gnu/libffi.so.6.0.1
7f3eb1ea5000-7f3eb1ebc000 r-xp 00000000 08:03 3808090                    /lib/x86_64-linux-gnu/libresolv-2.19.so
7f3eb1ebc000-7f3eb20bc000 ---p 00017000 08:03 3808090                    /lib/x86_64-linux-gnu/libresolv-2.19.so
7f3eb20bc000-7f3eb20bd000 r--p 00017000 08:03 3808090                    /lib/x86_64-linux-gnu/libresolv-2.19.so
7f3eb20bd000-7f3eb20be000 rw-p 00018000 08:03 3808090                    /lib/x86_64-linux-gnu/libresolv-2.19.so
7f3eb20be000-7f3eb20c0000 rw-p 00000000 00:00 0 
7f3eb20c0000-7f3eb20e0000 r-xp 00000000 08:03 3805250                    /lib/x86_64-linux-gnu/libselinux.so.1
7f3eb20e0000-7f3eb22df000 ---p 00020000 08:03 3805250                    /lib/x86_64-linux-gnu/libselinux.so.1
7f3eb22df000-7f3eb22e0000 r--p 0001f000 08:03 3805250                    /lib/x86_64-linux-gnu/libselinux.so.1
7f3eb22e0000-7f3eb22e1000 rw-p 00020000 08:03 3805250                    /lib/x86_64-linux-gnu/libselinux.so.1
7f3eb22e1000-7f3eb22e3000 rw-p 00000000 00:00 0 
7f3eb22e3000-7f3eb22e6000 r-xp 00000000 08:03 1966444                    /usr/lib/x86_64-linux-gnu/libgmodule-2.0.so.0.4002.0
7f3eb22e6000-7f3eb24e5000 ---p 00003000 08:03 1966444                    /usr/lib/x86_64-linux-gnu/libgmodule-2.0.so.0.4002.0
7f3eb24e5000-7f3eb24e6000 r--p 00002000 08:03 1966444                    /usr/lib/x86_64-linux-gnu/libgmodule-2.0.so.0.4002.0
7f3eb24e6000-7f3eb24e7000 rw-p 00003000 08:03 1966444                    /usr/lib/x86_64-linux-gnu/libgmodule-2.0.so.0.4002.0
7f3eb24e7000-7f3eb25ed000 r-xp 00000000 08:03 3805065                    /lib/x86_64-linux-gnu/libglib-2.0.so.0.4002.0
7f3eb25ed000-7f3eb27ec000 ---p 00106000 08:03 3805065                    /lib/x86_64-linux-gnu/libglib-2.0.so.0.4002.0
7f3eb27ec000-7f3eb27ed000 r--p 00105000 08:03 3805065                    /lib/x86_64-linux-gnu/libglib-2.0.so.0.4002.0
7f3eb27ed000-7f3eb27ee000 rw-p 00106000 08:03 3805065                    /lib/x86_64-linux-gnu/libglib-2.0.so.0.4002.0
7f3eb27ee000-7f3eb27ef000 rw-p 00000000 00:00 0 
7f3eb27ef000-7f3eb283e000 r-xp 00000000 08:03 1966462                    /usr/lib/x86_64-linux-gnu/libgobject-2.0.so.0.4002.0
7f3eb283e000-7f3eb2a3e000 ---p 0004f000 08:03 1966462                    /usr/lib/x86_64-linux-gnu/libgobject-2.0.so.0.4002.0
7f3eb2a3e000-7f3eb2a3f000 r--p 0004f000 08:03 1966462                    /usr/lib/x86_64-linux-gnu/libgobject-2.0.so.0.4002.0
7f3eb2a3f000-7f3eb2a40000 rw-p 00050000 08:03 1966462                    /usr/lib/x86_64-linux-gnu/libgobject-2.0.so.0.4002.0
7f3eb2a40000-7f3eb2bac000 r-xp 00000000 08:03 1966466                    /usr/lib/x86_64-linux-gnu/libgio-2.0.so.0.4002.0
7f3eb2bac000-7f3eb2dab000 ---p 0016c000 08:03 1966466                    /usr/lib/x86_64-linux-gnu/libgio-2.0.so.0.4002.0
7f3eb2dab000-7f3eb2daf000 r--p 0016b000 08:03 1966466                    /usr/lib/x86_64-linux-gnu/libgio-2.0.so.0.4002.0
7f3eb2daf000-7f3eb2db1000 rw-p 0016f000 08:03 1966466                    /usr/lib/x86_64-linux-gnu/libgio-2.0.so.0.4002.0
7f3eb2db1000-7f3eb2db3000 rw-p 00000000 00:00 0 
7f3eb2db6000-7f3eb2db7000 rw-p 00000000 00:00 0 
7f3eb2db7000-7f3eb2dc1000 r--s 00203000 08:03 3180411                    /usr/lib/jvm/java-7-openjdk-amd64/jre/lib/charsets.jar
7f3eb2dc1000-7f3eb2dc4000 r--s 00017000 08:03 3177118                    /usr/lib/jvm/java-7-openjdk-amd64/jre/lib/jce.jar
7f3eb2dc4000-7f3eb2dc8000 r--s 0004d000 08:03 3180408                    /usr/lib/jvm/java-7-openjdk-amd64/jre/lib/jsse.jar
7f3eb2dc8000-7f3eb2dd1000 r--s 000b9000 08:03 3180407                    /usr/lib/jvm/java-7-openjdk-amd64/jre/lib/resources.jar
7f3eb2dd1000-7f3eb2de8000 r-xp 00000000 08:03 3421486                    /usr/lib/jvm/java-7-openjdk-amd64/jre/lib/amd64/libnet.so
7f3eb2de8000-7f3eb2fe7000 ---p 00017000 08:03 3421486                    /usr/lib/jvm/java-7-openjdk-amd64/jre/lib/amd64/libnet.so
7f3eb2fe7000-7f3eb2fe8000 r--p 00016000 08:03 3421486                    /usr/lib/jvm/java-7-openjdk-amd64/jre/lib/amd64/libnet.so
7f3eb2fe8000-7f3eb2fe9000 rw-p 00017000 08:03 3421486                    /usr/lib/jvm/java-7-openjdk-amd64/jre/lib/amd64/libnet.so
7f3eb2fe9000-7f3eb2ff9000 r-xp 00000000 08:03 3421482                    /usr/lib/jvm/java-7-openjdk-amd64/jre/lib/amd64/libnio.so
7f3eb2ff9000-7f3eb31f9000 ---p 00010000 08:03 3421482                    /usr/lib/jvm/java-7-openjdk-amd64/jre/lib/amd64/libnio.so
7f3eb31f9000-7f3eb31fa000 r--p 00010000 08:03 3421482                    /usr/lib/jvm/java-7-openjdk-amd64/jre/lib/amd64/libnio.so
7f3eb31fa000-7f3eb31fb000 rw-p 00011000 08:03 3421482                    /usr/lib/jvm/java-7-openjdk-amd64/jre/lib/amd64/libnio.so
7f3eb31fb000-7f3eb3200000 r--s 00040000 08:03 3418916                    /usr/local/hadoop/lib/commons-httpclient-3.0.1.jar
7f3eb3200000-7f3eb3202000 r--s 0000d000 08:03 3418887                    /usr/local/hadoop/lib/commons-logging-1.1.1.jar
7f3eb3202000-7f3eb323c000 r--s 003c9000 08:03 1977934                    /usr/local/hadoop/hadoop-core-1.2.1.jar
7f3eb323c000-7f3eb3248000 r--s 000b3000 08:03 4595487                    /home/nishant/Downloads/giraph-1.1.0-for-hadoop-1.2.1/lib/zookeeper-3.4.5.jar
7f3eb3248000-7f3eb324a000 r--s 00014000 08:03 4595478                    /home/nishant/Downloads/giraph-1.1.0-for-hadoop-1.2.1/lib/yjp-controller-api-redist-11.0.10.jar
7f3eb324a000-7f3eb324e000 r--s 00014000 08:03 4595565                    /home/nishant/Downloads/giraph-1.1.0-for-hadoop-1.2.1/lib/xz-1.0.jar
7f3eb324e000-7f3eb3252000 r--s 00024000 08:03 4595541                    /home/nishant/Downloads/giraph-1.1.0-for-hadoop-1.2.1/lib/xmlschema-core-2.0.1.jar
7f3eb3252000-7f3eb3257000 r--s 00020000 08:03 4595546                    /home/nishant/Downloads/giraph-1.1.0-for-hadoop-1.2.1/lib/wsdl4j-1.6.2.jar
7f3eb3257000-7f3eb325c000 r--s 00070000 08:03 4595542                    /home/nishant/Downloads/giraph-1.1.0-for-hadoop-1.2.1/lib/woodstox-core-asl-4.1.1.jar
7f3eb325c000-7f3eb3264000 r--s 00066000 08:03 4595515                    /home/nishant/Downloads/giraph-1.1.0-for-hadoop-1.2.1/lib/velocity-1.7.jar
7f3eb3264000-7f3eb3268000 r--s 0000c000 08:03 4595460                    /home/nishant/Downloads/giraph-1.1.0-for-hadoop-1.2.1/lib/validation-api-1.1.0.Final.jar
7f3eb3268000-7f3eb326a000 r--s 00002000 08:03 4595459                    /home/nishant/Downloads/giraph-1.1.0-for-hadoop-1.2.1/lib/units-0.91.jar
7f3eb326a000-7f3eb326b000 r--s 00001000 08:03 4595492                    /home/nishant/Downloads/giraph-1.1.0-for-hadoop-1.2.1/lib/typetools-0.2.1.jar
7f3eb326b000-7f3eb326e000 r--s 00016000 08:03 4595467                    /home/nishant/Downloads/giraph-1.1.0-for-hadoop-1.2.1/lib/swift-service-0.13.1.jar
7f3eb326e000-7f3eb3273000 r--s 0002b000 08:03 4595465                    /home/nishant/Downloads/giraph-1.1.0-for-hadoop-1.2.1/lib/swift-codec-0.13.1.jar
7f3eb3273000-7f3eb3275000 r--s 00001000 08:03 4595464                    /home/nishant/Downloads/giraph-1.1.0-for-hadoop-1.2.1/lib/swift-annotations-0.13.1.jar
7f3eb3275000-7f3eb3278000 r--s 00022000 08:03 4595502                    /home/nishant/Downloads/giraph-1.1.0-for-hadoop-1.2.1/lib/stringtemplate-3.2.1.jar
7f3eb3278000-7f3eb327a000 r--s 00005000 08:03 4595569                    /home/nishant/Downloads/giraph-1.1.0-for-hadoop-1.2.1/lib/stax-api-1.0.1.jar
7f3eb327a000-7f3eb327e000 r--s 00029000 08:03 4595543                    /home/nishant/Downloads/giraph-1.1.0-for-hadoop-1.2.1/lib/stax2-api-3.1.1.jar
7f3eb327e000-7f3eb3280000 r--s 00019000 08:03 4595473                    /home/nishant/Downloads/giraph-1.1.0-for-hadoop-1.2.1/lib/stats-0.91.jar
7f3eb3280000-7f3eb3284000 r--s 00036000 08:03 4595504                    /home/nishant/Downloads/giraph-1.1.0-for-hadoop-1.2.1/lib/ST4-4.0.4.jar
7f3eb3284000-7f3eb328e000 r--s 00058000 08:03 4595556                    /home/nishant/Downloads/giraph-1.1.0-for-hadoop-1.2.1/lib/spring-web-3.0.6.RELEASE.jar
7f3eb328e000-7f3eb3292000 r--s 00026000 08:03 4595560                    /home/nishant/Downloads/giraph-1.1.0-for-hadoop-1.2.1/lib/spring-expression-3.0.6.RELEASE.jar
7f3eb3292000-7f3eb329b000 r--s 00055000 08:03 4595550                    /home/nishant/Downloads/giraph-1.1.0-for-hadoop-1.2.1/lib/spring-core-3.0.6.RELEASE.jar
7f3eb329b000-7f3eb32ac000 r--s 00093000 08:03 4595558                    /home/nishant/Downloads/giraph-1.1.0-for-hadoop-1.2.1/lib/spring-context-3.0.6.RELEASE.jar
7f3eb32ac000-7f3eb32b7000 r--s 0007d000 08:03 4595557                    /home/nishant/Downloads/giraph-1.1.0-for-hadoop-1.2.1/lib/spring-beans-3.0.6.RELEASE.jar
7f3eb32b7000-7f3eb32b8000 r--s 0000c000 08:03 4595551                    /home/nishant/Downloads/giraph-1.1.0-for-hadoop-1.2.1/lib/spring-asm-3.0.6.RELEASE.jar
7f3eb32b8000-7f3eb32c1000 r--s 00046000 08:03 4595559                    /home/nishant/Downloads/giraph-1.1.0-for-hadoop-1.2.1/lib/spring-aop-3.0.6.RELEASE.jar
7f3eb32c1000-7f3eb32c3000 r--s 00130000 08:03 4595563                    /home/nishant/Downloads/giraph-1.1.0-for-hadoop-1.2.1/lib/snappy-java-1.0.5.jar
7f3eb32c3000-7f3eb32c4000 r--s 00009000 08:03 4595476                    /home/nishant/Downloads/giraph-1.1.0-for-hadoop-1.2.1/lib/slice-0.5.jar
7f3eb32c4000-7f3eb32c6000 r--s 0001f000 08:03 4595514                    /home/nishant/Downloads/giraph-1.1.0-for-hadoop-1.2.1/lib/servlet-api-2.5-20081211.jar
7f3eb32c6000-7f3eb32c8000 r--s 00009000 08:03 4595575                    /home/nishant/Downloads/giraph-1.1.0-for-hadoop-1.2.1/lib/rexster-core-2.4.0.jar
7f3eb32c8000-7f3eb32ce000 r--s 00068000 08:03 4595524                    /home/nishant/Downloads/giraph-1.1.0-for-hadoop-1.2.1/lib/protobuf-java-2.4.1.jar
7f3eb32ce000-7f3eb32d0000 r--s 00006000 08:03 4595466                    /home/nishant/Downloads/giraph-1.1.0-for-hadoop-1.2.1/lib/paranamer-2.5.2.jar
7f3eb32d0000-7f3eb32d3000 r--s 00012000 08:03 4595454                    /home/nishant/Downloads/giraph-1.1.0-for-hadoop-1.2.1/lib/nifty-core-0.13.1.jar
7f3eb32d3000-7f3eb32d6000 r--s 0000f000 08:03 4595453                    /home/nishant/Downloads/giraph-1.1.0-for-hadoop-1.2.1/lib/nifty-client-0.13.1.jar
7f3eb32d6000-7f3eb32f0000 r--s 00152000 08:03 4595484                    /home/nishant/Downloads/giraph-1.1.0-for-hadoop-1.2.1/lib/netty-all-4.0.14.Final.jar
7f3eb32f0000-7f3eb3308000 r--s 00110000 08:03 4595461                    /home/nishant/Downloads/giraph-1.1.0-for-hadoop-1.2.1/lib/netty-3.7.0.Final.jar
7f3eb3308000-7f3eb330b000 r--s 0000f000 08:03 4595545                    /home/nishant/Downloads/giraph-1.1.0-for-hadoop-1.2.1/lib/neethi-3.0.1.jar
7f3eb330b000-7f3eb330e000 r--s 00012000 08:03 4595582                    /home/nishant/Downloads/giraph-1.1.0-for-hadoop-1.2.1/lib/metrics-core-3.0.0.jar
7f3eb330e000-7f3eb3315000 r--s 0004e000 08:03 4595506                    /home/nishant/Downloads/giraph-1.1.0-for-hadoop-1.2.1/lib/libthrift-0.9.0.jar
7f3eb3315000-7f3eb331c000 r--s 0003d000 08:03 4595505                    /home/nishant/Downloads/giraph-1.1.0-for-hadoop-1.2.1/lib/libfb303-0.9.0.jar
7f3eb331c000-7f3eb33a9000 r--s 0075e000 08:03 4595494                    /home/nishant/Downloads/giraph-1.1.0-for-hadoop-1.2.1/lib/jython-2.5.3.jar
7f3eb33a9000-7f3eb33aa000 r--s 00003000 08:03 4595522                    /home/nishant/Downloads/giraph-1.1.0-for-hadoop-1.2.1/lib/jta-1.1.jar
7f3eb33aa000-7f3eb33ac000 r--s 0000a000 08:03 4595552                    /home/nishant/Downloads/giraph-1.1.0-for-hadoop-1.2.1/lib/jsr311-api-1.1.1.jar
7f3eb33ac000-7f3eb33ae000 r--s 0000a000 08:03 4595493                    /home/nishant/Downloads/giraph-1.1.0-for-hadoop-1.2.1/lib/json-20090211.jar
7f3eb33ae000-7f3eb33b0000 r--s 0000e000 08:03 4595477                    /home/nishant/Downloads/giraph-1.1.0-for-hadoop-1.2.1/lib/jol-core-0.1.jar
7f3eb33b0000-7f3eb33da000 r--s 001eb000 08:03 4595474                    /home/nishant/Downloads/giraph-1.1.0-for-hadoop-1.2.1/lib/jmxutils-1.16.jar
7f3eb33da000-7f3eb33dc000 r--s 00014000 08:03 4595489                    /home/nishant/Downloads/giraph-1.1.0-for-hadoop-1.2.1/lib/jline-0.9.94.jar
7f3eb33dc000-7f3eb33e0000 r--s 00028000 08:03 4595513                    /home/nishant/Downloads/giraph-1.1.0-for-hadoop-1.2.1/lib/jetty-util-6.1.26.jar
7f3eb33e0000-7f3eb33e7000 r--s 0007d000 08:03 4595512                    /home/nishant/Downloads/giraph-1.1.0-for-hadoop-1.2.1/lib/jetty-6.1.26.jar
7f3eb33e7000-7f3eb33e9000 r--s 00012000 08:03 4595561                    /home/nishant/Downloads/giraph-1.1.0-for-hadoop-1.2.1/lib/jettison-1.3.3.jar
7f3eb33e9000-7f3eb33ed000 r--s 00024000 08:03 4595576                    /home/nishant/Downloads/giraph-1.1.0-for-hadoop-1.2.1/lib/jersey-json-1.17.jar
7f3eb33ed000-7f3eb33f8000 r--s 00068000 08:03 4595581                    /home/nishant/Downloads/giraph-1.1.0-for-hadoop-1.2.1/lib/jersey-core-1.17.jar
7f3eb33f8000-7f3eb33fd000 r--s 0002c000 08:03 4595521                    /home/nishant/Downloads/giraph-1.1.0-for-hadoop-1.2.1/lib/jdo2-api-2.3-ec.jar
7f3eb33fd000-7f3eb340f000 r--s 000c9000 08:03 4595548                    /home/nishant/Downloads/giraph-1.1.0-for-hadoop-1.2.1/lib/jaxb-impl-2.2.4-1.jar
7f3eb340f000-7f3eb3413000 r--s 00017000 08:03 4595577                    /home/nishant/Downloads/giraph-1.1.0-for-hadoop-1.2.1/lib/jaxb-api-2.2.3.jar
7f3eb3413000-7f3eb341b000 r--s 00059000 08:03 4595530                    /home/nishant/Downloads/giraph-1.1.0-for-hadoop-1.2.1/lib/javolution-5.5.1.jar
7f3eb341b000-7f3eb341c000 r--s 00000000 08:03 4595455                    /home/nishant/Downloads/giraph-1.1.0-for-hadoop-1.2.1/lib/javax.inject-1.jar
7f3eb341c000-7f3eb341e000 r--s 00003000 08:03 4595529                    /home/nishant/Downloads/giraph-1.1.0-for-hadoop-1.2.1/lib/JavaEWAH-0.3.2.jar
7f3eb341e000-7f3eb341f000 r--s 00006000 08:03 4595580                    /home/nishant/Downloads/giraph-1.1.0-for-hadoop-1.2.1/lib/jackson-xc-1.9.2.jar
7f3eb341f000-7f3eb342d000 r--s 000ad000 08:03 4595491                    /home/nishant/Downloads/giraph-1.1.0-for-hadoop-1.2.1/lib/jackson-mapper-asl-1.9.2.jar
7f3eb342d000-7f3eb342e000 r--s 00004000 08:03 4595579                    /home/nishant/Downloads/giraph-1.1.0-for-hadoop-1.2.1/lib/jackson-jaxrs-1.9.2.jar
7f3eb342e000-7f3eb342f000 r--s 00003000 08:03 4595570                    /home/nishant/Downloads/giraph-1.1.0-for-hadoop-1.2.1/lib/jackson-datatype-json-org-2.1.2.jar
7f3eb342f000-7f3eb343f000 r--s 000d2000 08:03 4595572                    /home/nishant/Downloads/giraph-1.1.0-for-hadoop-1.2.1/lib/jackson-databind-2.1.2.jar
7f3eb343f000-7f3eb3443000 r--s 00034000 08:03 4595490                    /home/nishant/Downloads/giraph-1.1.0-for-hadoop-1.2.1/lib/jackson-core-asl-1.9.2.jar
7f3eb3443000-7f3eb3447000 r--s 0002f000 08:03 4595571                    /home/nishant/Downloads/giraph-1.1.0-for-hadoop-1.2.1/lib/jackson-core-2.1.2.jar
7f3eb3447000-7f3eb3449000 r--s 00007000 08:03 4595475                    /home/nishant/Downloads/giraph-1.1.0-for-hadoop-1.2.1/lib/jackson-annotations-2.1.4.jar
7f3eb3449000-7f3eb344e000 r--s 00028000 08:03 4595508                    /home/nishant/Downloads/giraph-1.1.0-for-hadoop-1.2.1/lib/httpcore-4.1.3.jar
7f3eb344e000-7f3eb3457000 r--s 0004e000 08:03 4595507                    /home/nishant/Downloads/giraph-1.1.0-for-hadoop-1.2.1/lib/httpclient-4.1.3.jar
7f3eb3457000-7f3eb345d000 r--s 0003b000 08:03 4595533                    /home/nishant/Downloads/giraph-1.1.0-for-hadoop-1.2.1/lib/hive-service-0.10.0.jar
7f3eb345d000-7f3eb345e000 r--s 00003000 08:03 4595531                    /home/nishant/Downloads/giraph-1.1.0-for-hadoop-1.2.1/lib/hive-pdk-0.10.0.jar
7f3eb345e000-7f3eb3497000 r--s 002e4000 08:03 4595499                    /home/nishant/Downloads/giraph-1.1.0-for-hadoop-1.2.1/lib/hive-metastore-0.11.0.jar
7f3eb3497000-7f3eb349d000 r--s 0007c000 08:03 4595534                    /home/nishant/Downloads/giraph-1.1.0-for-hadoop-1.2.1/lib/hive-io-exp-core-0.26.jar
7f3eb349d000-7f3eb349f000 r--s 00001000 08:03 4595488                    /home/nishant/Downloads/giraph-1.1.0-for-hadoop-1.2.1/lib/slf4j-log4j12-1.7.5.jar
7f3eb349f000-7f3eb34a8000 r--s 0006f000 08:03 4595483                    /home/nishant/Downloads/giraph-1.1.0-for-hadoop-1.2.1/lib/log4j-1.2.17.jar
7f3eb34a8000-7f3eb34aa000 r--s 00005000 08:03 4595462                    /home/nishant/Downloads/giraph-1.1.0-for-hadoop-1.2.1/lib/slf4j-api-1.7.5.jar
7f3eb34aa000-7f3eb34b1000 r--s 00062000 08:03 4595537                    /home/nishant/Downloads/giraph-1.1.0-for-hadoop-1.2.1/lib/sigar-1.6.5.132-5.jar
7f3eb34b1000-7f3eb34b4000 r--s 00012000 08:03 4595480                    /home/nishant/Downloads/giraph-1.1.0-for-hadoop-1.2.1/lib/metrics-core-2.2.0.jar
7f3eb34b4000-7f3eb34b5000 r--s 00004000 08:03 4595535                    /home/nishant/Downloads/giraph-1.1.0-for-hadoop-1.2.1/lib/reflectasm-1.07.jar
7f3eb34b5000-7f3eb3514000 r--s 00599000 08:03 4595498                    /home/nishant/Downloads/giraph-1.1.0-for-hadoop-1.2.1/lib/hive-exec-0.11.0.jar
7f3eb3514000-7f3eb3519000 r--s 00036000 08:03 4595496                    /home/nishant/Downloads/giraph-1.1.0-for-hadoop-1.2.1/lib/hcatalog-core-0.5.0-incubating.jar
7f3eb3519000-7f3eb351b000 r--s 00007000 08:03 4595458                    /home/nishant/Downloads/giraph-1.1.0-for-hadoop-1.2.1/lib/guice-multibindings-3.0.jar
7f3eb351b000-7f3eb352a000 r--s 0009f000 08:03 4595456                    /home/nishant/Downloads/giraph-1.1.0-for-hadoop-1.2.1/lib/guice-3.0.jar
7f3eb352a000-7f3eb3553000 r--s 001ee000 08:03 4595479                    /home/nishant/Downloads/giraph-1.1.0-for-hadoop-1.2.1/lib/guava-14.0.1.jar
7f3eb3553000-7f3eb3556000 r--s 00024000 08:03 4595538                    /home/nishant/Downloads/giraph-1.1.0-for-hadoop-1.2.1/lib/gora-core-0.5.jar
7f3eb3556000-7f3eb355b000 r--s 0002b000 08:03 4595495                    /home/nishant/Downloads/giraph-1.1.0-for-hadoop-1.2.1/lib/giraph-core-1.1.0-tests.jar
7f3eb355b000-7f3eb3560000 r--s 00032000 08:03 4595549                    /home/nishant/Downloads/giraph-1.1.0-for-hadoop-1.2.1/lib/geronimo-javamail_1.4_spec-1.7.1.jar
7f3eb3560000-7f3eb358a000 rw-p 00000000 00:00 0 
7f3eb358a000-7f3eb36af000 r--s 00ec4000 08:03 4595486                    /home/nishant/Downloads/giraph-1.1.0-for-hadoop-1.2.1/lib/fastutil-6.5.4.jar
7f3eb36af000-7f3eb36d5000 r--s 00230000 08:03 4595523                    /home/nishant/Downloads/giraph-1.1.0-for-hadoop-1.2.1/lib/derby-10.4.2.0.jar
7f3eb36d5000-7f3eb36e4000 r--s 0011d000 08:03 4595520                    /home/nishant/Downloads/giraph-1.1.0-for-hadoop-1.2.1/lib/datanucleus-rdbms-2.0.3.jar
7f3eb36e4000-7f3eb36ff000 r--s 001ce000 08:03 4595519                    /home/nishant/Downloads/giraph-1.1.0-for-hadoop-1.2.1/lib/datanucleus-core-2.0.3.jar
7f3eb36ff000-7f3eb3701000 r--s 00003000 08:03 4595518                    /home/nishant/Downloads/giraph-1.1.0-for-hadoop-1.2.1/lib/datanucleus-connectionpool-2.0.3.jar
7f3eb3701000-7f3eb3706000 r--s 0002f000 08:03 4595554                    /home/nishant/Downloads/giraph-1.1.0-for-hadoop-1.2.1/lib/cxf-rt-transports-http-2.5.2.jar
7f3eb3706000-7f3eb3708000 r--s 00003000 08:03 4595555                    /home/nishant/Downloads/giraph-1.1.0-for-hadoop-1.2.1/lib/cxf-rt-transports-common-2.5.2.jar
7f3eb3708000-7f3eb3711000 r--s 0008b000 08:03 4595539                    /home/nishant/Downloads/giraph-1.1.0-for-hadoop-1.2.1/lib/cxf-rt-frontend-jaxrs-2.5.2.jar
7f3eb3711000-7f3eb371a000 r--s 0007d000 08:03 4595547                    /home/nishant/Downloads/giraph-1.1.0-for-hadoop-1.2.1/lib/cxf-rt-core-2.5.2.jar
7f3eb371a000-7f3eb371c000 r--s 00008000 08:03 4595553                    /home/nishant/Downloads/giraph-1.1.0-for-hadoop-1.2.1/lib/cxf-rt-bindings-xml-2.5.2.jar
7f3eb371c000-7f3eb371d000 ---p 00000000 00:00 0 
7f3eb371d000-7f3eb381d000 rw-p 00000000 00:00 0                          [stack:17624]
7f3eb381d000-7f3eb3820000 ---p 00000000 00:00 0 
7f3eb3820000-7f3eb391e000 rw-p 00000000 00:00 0                          [stack:17623]
7f3eb391e000-7f3eb4000000 r--p 00000000 08:03 1973257                    /usr/lib/locale/locale-archive
7f3eb4000000-7f3eb4021000 rw-p 00000000 00:00 0 
7f3eb4021000-7f3eb8000000 ---p 00000000 00:00 0 
7f3eb8000000-7f3eb8007000 r--s 0004f000 08:03 4595540                    /home/nishant/Downloads/giraph-1.1.0-for-hadoop-1.2.1/lib/cxf-common-utilities-2.5.2.jar
7f3eb8007000-7f3eb8011000 r--s 0004f000 08:03 4595544                    /home/nishant/Downloads/giraph-1.1.0-for-hadoop-1.2.1/lib/cxf-api-2.5.2.jar
7f3eb8011000-7f3eb8013000 r--s 0000c000 08:03 4595468                    /home/nishant/Downloads/giraph-1.1.0-for-hadoop-1.2.1/lib/configuration-0.91.jar
7f3eb8013000-7f3eb801a000 r--s 00028000 08:03 4595574                    /home/nishant/Downloads/giraph-1.1.0-for-hadoop-1.2.1/lib/concurrent-1.3.4.jar
7f3eb801a000-7f3eb801d000 r--s 00015000 08:03 4595517                    /home/nishant/Downloads/giraph-1.1.0-for-hadoop-1.2.1/lib/commons-pool-1.5.4.jar
7f3eb801d000-7f3eb8022000 r--s 00041000 08:03 4595566                    /home/nishant/Downloads/giraph-1.1.0-for-hadoop-1.2.1/lib/commons-lang-2.6.jar
7f3eb8022000-7f3eb8028000 r--s 00048000 08:03 4595471                    /home/nishant/Downloads/giraph-1.1.0-for-hadoop-1.2.1/lib/commons-lang3-3.1.jar
7f3eb8028000-7f3eb802b000 r--s 00025000 08:03 4595482                    /home/nishant/Downloads/giraph-1.1.0-for-hadoop-1.2.1/lib/commons-io-2.1.jar
7f3eb802b000-7f3eb802f000 r--s 00020000 08:03 4595526                    /home/nishant/Downloads/giraph-1.1.0-for-hadoop-1.2.1/lib/commons-digester-1.8.jar
7f3eb802f000-7f3eb8032000 r--s 00025000 08:03 4595516                    /home/nishant/Downloads/giraph-1.1.0-for-hadoop-1.2.1/lib/commons-dbcp-1.4.jar
7f3eb8032000-7f3eb8038000 r--s 00043000 08:03 4595525                    /home/nishant/Downloads/giraph-1.1.0-for-hadoop-1.2.1/lib/commons-configuration-1.6.jar
7f3eb8038000-7f3eb803d000 r--s 00036000 08:03 4595564                    /home/nishant/Downloads/giraph-1.1.0-for-hadoop-1.2.1/lib/commons-compress-1.4.1.jar
7f3eb803d000-7f3eb8044000 r--s 0003a000 08:03 4595509                    /home/nishant/Downloads/giraph-1.1.0-for-hadoop-1.2.1/lib/commons-codec-1.8.jar
7f3eb8044000-7f3eb8046000 r--s 00009000 08:03 4595481                    /home/nishant/Downloads/giraph-1.1.0-for-hadoop-1.2.1/lib/commons-cli-1.2.jar
7f3eb8046000-7f3eb804a000 r--s 0002f000 08:03 4595528                    /home/nishant/Downloads/giraph-1.1.0-for-hadoop-1.2.1/lib/commons-beanutils-core-1.8.0.jar
7f3eb804a000-7f3eb804f000 r--s 0002a000 08:03 4595527                    /home/nishant/Downloads/giraph-1.1.0-for-hadoop-1.2.1/lib/commons-beanutils-1.7.0.jar
7f3eb804f000-7f3eb805d000 r--s 00081000 08:03 4595573                    /home/nishant/Downloads/giraph-1.1.0-for-hadoop-1.2.1/lib/colt-1.2.0.jar
7f3eb805d000-7f3eb8063000 r--s 0004a000 08:03 4595472                    /home/nishant/Downloads/giraph-1.1.0-for-hadoop-1.2.1/lib/cglib-nodep-2.2.2.jar
7f3eb8063000-7f3eb8069000 r--s 00037000 08:03 4595469                    /home/nishant/Downloads/giraph-1.1.0-for-hadoop-1.2.1/lib/bval-jsr303-0.5.jar
7f3eb8069000-7f3eb806c000 r--s 0000d000 08:03 4595470                    /home/nishant/Downloads/giraph-1.1.0-for-hadoop-1.2.1/lib/bval-core-0.5.jar
7f3eb806c000-7f3eb8073000 r--s 00039000 08:03 4595568                    /home/nishant/Downloads/giraph-1.1.0-for-hadoop-1.2.1/lib/blueprints-core-2.4.0.jar
7f3eb8073000-7f3eb8075000 r--s 00003000 08:03 4595485                    /home/nishant/Downloads/giraph-1.1.0-for-hadoop-1.2.1/lib/base64-2.3.8.jar
7f3eb8075000-7f3eb807a000 r--s 00026000 08:03 4595510                    /home/nishant/Downloads/giraph-1.1.0-for-hadoop-1.2.1/lib/avro-mapred-1.7.6.jar
7f3eb807a000-7f3eb8081000 r--s 0004e000 08:03 4595567                    /home/nishant/Downloads/giraph-1.1.0-for-hadoop-1.2.1/lib/avro-ipc-1.7.6-tests.jar
7f3eb8081000-7f3eb8085000 r--s 0002c000 08:03 4595511                    /home/nishant/Downloads/giraph-1.1.0-for-hadoop-1.2.1/lib/avro-ipc-1.7.6.jar
7f3eb8085000-7f3eb808d000 r--s 00060000 08:03 4595562                    /home/nishant/Downloads/giraph-1.1.0-for-hadoop-1.2.1/lib/avro-1.7.6.jar
7f3eb808d000-7f3eb808f000 r--s 0000a000 08:03 4595536                    /home/nishant/Downloads/giraph-1.1.0-for-hadoop-1.2.1/lib/asm-4.0.jar
7f3eb808f000-7f3eb8091000 r--s 00000000 08:03 4595457                    /home/nishant/Downloads/giraph-1.1.0-for-hadoop-1.2.1/lib/aopalliance-1.0.jar
7f3eb8091000-7f3eb809c000 r--s 00105000 08:03 4595500                    /home/nishant/Downloads/giraph-1.1.0-for-hadoop-1.2.1/lib/antlr-3.4.jar
7f3eb809c000-7f3eb80b5000 r--s 00124000 08:03 4595583                    /home/nishant/Downloads/giraph-1.1.0-for-hadoop-1.2.1/giraph-core-1.1.0.jar
7f3eb80b5000-7f3eb80b8000 ---p 00000000 00:00 0 
7f3eb80b8000-7f3eb81b6000 rw-p 00000000 00:00 0                          [stack:17622]
7f3eb81b6000-7f3eb81b9000 ---p 00000000 00:00 0 
7f3eb81b9000-7f3eb82b7000 rw-p 00000000 00:00 0                          [stack:17621]
7f3eb82b7000-7f3eb82ba000 ---p 00000000 00:00 0 
7f3eb82ba000-7f3eb83b8000 rw-p 00000000 00:00 0                          [stack:17620]
7f3eb83b8000-7f3eb83bb000 ---p 00000000 00:00 0 
7f3eb83bb000-7f3eb84b9000 rw-p 00000000 00:00 0                          [stack:17619]
7f3eb84b9000-7f3eb84bc000 ---p 00000000 00:00 0 
7f3eb84bc000-7f3eb85ba000 rw-p 00000000 00:00 0                          [stack:17618]
7f3eb85ba000-7f3eb85bb000 ---p 00000000 00:00 0 
7f3eb85bb000-7f3eb96b8000 rw-p 00000000 00:00 0                          [stack:17617]
7f3eb96b8000-7f3eb986a000 r--s 01d23000 08:03 3180405                    /usr/lib/jvm/java-7-openjdk-amd64/jre/lib/rt.jar
7f3eb986a000-7f3ebbe43000 rw-p 00000000 00:00 0 
7f3ebbe43000-7f3ebbe44000 ---p 00000000 00:00 0 
7f3ebbe44000-7f3ebbf44000 rw-p 00000000 00:00 0                          [stack:17616]
7f3ebbf44000-7f3ebbf45000 ---p 00000000 00:00 0 
7f3ebbf45000-7f3ebc045000 rw-p 00000000 00:00 0                          [stack:17615]
7f3ebc045000-7f3ebc046000 ---p 00000000 00:00 0 
7f3ebc046000-7f3ebc146000 rw-p 00000000 00:00 0                          [stack:17614]
7f3ebc146000-7f3ebc147000 ---p 00000000 00:00 0 
7f3ebc147000-7f3ebc278000 rw-p 00000000 00:00 0                          [stack:17613]
7f3ebc278000-7f3ebc387000 rw-p 00000000 00:00 0 
7f3ebc387000-7f3ebc39a000 rw-p 00000000 00:00 0 
7f3ebc39a000-7f3ebc3da000 rw-p 00000000 00:00 0 
7f3ebc3da000-7f3ebc40b000 rw-p 00000000 00:00 0 
7f3ebc40b000-7f3ebc51a000 rw-p 00000000 00:00 0 
7f3ebc51a000-7f3ebc5ba000 rw-p 00000000 00:00 0 
7f3ebc5ba000-7f3ebc5bb000 rw-p 00000000 00:00 0 
7f3ebc5bb000-7f3ebc82b000 rwxp 00000000 00:00 0 
7f3ebc82b000-7f3ebf5bb000 rw-p 00000000 00:00 0 
7f3ebf5bb000-7f3ebf5c3000 r-xp 00000000 08:03 3421507                    /usr/lib/jvm/java-7-openjdk-amd64/jre/lib/amd64/libzip.so
7f3ebf5c3000-7f3ebf7c2000 ---p 00008000 08:03 3421507                    /usr/lib/jvm/java-7-openjdk-amd64/jre/lib/amd64/libzip.so
7f3ebf7c2000-7f3ebf7c3000 r--p 00007000 08:03 3421507                    /usr/lib/jvm/java-7-openjdk-amd64/jre/lib/amd64/libzip.so
7f3ebf7c3000-7f3ebf7c4000 rw-p 00008000 08:03 3421507                    /usr/lib/jvm/java-7-openjdk-amd64/jre/lib/amd64/libzip.so
7f3ebf7c4000-7f3ebf7cf000 r-xp 00000000 08:03 3808095                    /lib/x86_64-linux-gnu/libnss_files-2.19.so
7f3ebf7cf000-7f3ebf9ce000 ---p 0000b000 08:03 3808095                    /lib/x86_64-linux-gnu/libnss_files-2.19.so
7f3ebf9ce000-7f3ebf9cf000 r--p 0000a000 08:03 3808095                    /lib/x86_64-linux-gnu/libnss_files-2.19.so
7f3ebf9cf000-7f3ebf9d0000 rw-p 0000b000 08:03 3808095                    /lib/x86_64-linux-gnu/libnss_files-2.19.so
7f3ebf9d0000-7f3ebf9db000 r-xp 00000000 08:03 3808092                    /lib/x86_64-linux-gnu/libnss_nis-2.19.so
7f3ebf9db000-7f3ebfbda000 ---p 0000b000 08:03 3808092                    /lib/x86_64-linux-gnu/libnss_nis-2.19.so
7f3ebfbda000-7f3ebfbdb000 r--p 0000a000 08:03 3808092                    /lib/x86_64-linux-gnu/libnss_nis-2.19.so
7f3ebfbdb000-7f3ebfbdc000 rw-p 0000b000 08:03 3808092                    /lib/x86_64-linux-gnu/libnss_nis-2.19.so
7f3ebfbdc000-7f3ebfbf3000 r-xp 00000000 08:03 3808086                    /lib/x86_64-linux-gnu/libnsl-2.19.so
7f3ebfbf3000-7f3ebfdf2000 ---p 00017000 08:03 3808086                    /lib/x86_64-linux-gnu/libnsl-2.19.so
7f3ebfdf2000-7f3ebfdf3000 r--p 00016000 08:03 3808086                    /lib/x86_64-linux-gnu/libnsl-2.19.so
7f3ebfdf3000-7f3ebfdf4000 rw-p 00017000 08:03 3808086                    /lib/x86_64-linux-gnu/libnsl-2.19.so
7f3ebfdf4000-7f3ebfdf6000 rw-p 00000000 00:00 0 
7f3ebfdf6000-7f3ebfdff000 r-xp 00000000 08:03 3808083                    /lib/x86_64-linux-gnu/libnss_compat-2.19.so
7f3ebfdff000-7f3ebfffe000 ---p 00009000 08:03 3808083                    /lib/x86_64-linux-gnu/libnss_compat-2.19.so
7f3ebfffe000-7f3ebffff000 r--p 00008000 08:03 3808083                    /lib/x86_64-linux-gnu/libnss_compat-2.19.so
7f3ebffff000-7f3ec0000000 rw-p 00009000 08:03 3808083                    /lib/x86_64-linux-gnu/libnss_compat-2.19.so
7f3ec0000000-7f3ec0949000 rw-p 00000000 00:00 0 
7f3ec0949000-7f3ec4000000 ---p 00000000 00:00 0 
7f3ec4000000-7f3ec4004000 r--s 00025000 08:03 4595501                    /home/nishant/Downloads/giraph-1.1.0-for-hadoop-1.2.1/lib/antlr-runtime-3.4.jar
7f3ec4004000-7f3ec4009000 r--s 00068000 08:03 4595503                    /home/nishant/Downloads/giraph-1.1.0-for-hadoop-1.2.1/lib/antlr-2.7.7.jar
7f3ec4009000-7f3ec400d000 r--s 0000f000 08:03 4595463                    /home/nishant/Downloads/giraph-1.1.0-for-hadoop-1.2.1/lib/annotations-2.0.2.jar
7f3ec400d000-7f3ec4011000 r--s 0001d000 08:03 4595588                    /home/nishant/Downloads/giraph-1.1.0-for-hadoop-1.2.1/giraph-examples-1.1.0.jar
7f3ec4011000-7f3ec40a7000 rw-p 00000000 00:00 0 
7f3ec40a7000-7f3ec40e7000 rw-p 00000000 00:00 0 
7f3ec40e7000-7f3ec4112000 r-xp 00000000 08:03 3421494                    /usr/lib/jvm/java-7-openjdk-amd64/jre/lib/amd64/libjava.so
7f3ec4112000-7f3ec4312000 ---p 0002b000 08:03 3421494                    /usr/lib/jvm/java-7-openjdk-amd64/jre/lib/amd64/libjava.so
7f3ec4312000-7f3ec4313000 r--p 0002b000 08:03 3421494                    /usr/lib/jvm/java-7-openjdk-amd64/jre/lib/amd64/libjava.so
7f3ec4313000-7f3ec4315000 rw-p 0002c000 08:03 3421494                    /usr/lib/jvm/java-7-openjdk-amd64/jre/lib/amd64/libjava.so
7f3ec4315000-7f3ec4325000 r-xp 00000000 08:03 3421493                    /usr/lib/jvm/java-7-openjdk-amd64/jre/lib/amd64/libverify.so
7f3ec4325000-7f3ec4524000 ---p 00010000 08:03 3421493                    /usr/lib/jvm/java-7-openjdk-amd64/jre/lib/amd64/libverify.so
7f3ec4524000-7f3ec4526000 r--p 0000f000 08:03 3421493                    /usr/lib/jvm/java-7-openjdk-amd64/jre/lib/amd64/libverify.so
7f3ec4526000-7f3ec4527000 rw-p 00011000 08:03 3421493                    /usr/lib/jvm/java-7-openjdk-amd64/jre/lib/amd64/libverify.so
7f3ec4527000-7f3ec452e000 r-xp 00000000 08:03 3808078                    /lib/x86_64-linux-gnu/librt-2.19.so
7f3ec452e000-7f3ec472d000 ---p 00007000 08:03 3808078                    /lib/x86_64-linux-gnu/librt-2.19.so
7f3ec472d000-7f3ec472e000 r--p 00006000 08:03 3808078                    /lib/x86_64-linux-gnu/librt-2.19.so
7f3ec472e000-7f3ec472f000 rw-p 00007000 08:03 3808078                    /lib/x86_64-linux-gnu/librt-2.19.so
7f3ec472f000-7f3ec4745000 r-xp 00000000 08:03 3805097                    /lib/x86_64-linux-gnu/libgcc_s.so.1
7f3ec4745000-7f3ec4944000 ---p 00016000 08:03 3805097                    /lib/x86_64-linux-gnu/libgcc_s.so.1
7f3ec4944000-7f3ec4945000 rw-p 00015000 08:03 3805097                    /lib/x86_64-linux-gnu/libgcc_s.so.1
7f3ec4945000-7f3ec4a4a000 r-xp 00000000 08:03 3808085                    /lib/x86_64-linux-gnu/libm-2.19.so
7f3ec4a4a000-7f3ec4c49000 ---p 00105000 08:03 3808085                    /lib/x86_64-linux-gnu/libm-2.19.so
7f3ec4c49000-7f3ec4c4a000 r--p 00104000 08:03 3808085                    /lib/x86_64-linux-gnu/libm-2.19.so
7f3ec4c4a000-7f3ec4c4b000 rw-p 00105000 08:03 3808085                    /lib/x86_64-linux-gnu/libm-2.19.so
7f3ec4c4b000-7f3ec4d31000 r-xp 00000000 08:03 1975237                    /usr/lib/x86_64-linux-gnu/libstdc++.so.6.0.19
7f3ec4d31000-7f3ec4f30000 ---p 000e6000 08:03 1975237                    /usr/lib/x86_64-linux-gnu/libstdc++.so.6.0.19
7f3ec4f30000-7f3ec4f38000 r--p 000e5000 08:03 1975237                    /usr/lib/x86_64-linux-gnu/libstdc++.so.6.0.19
7f3ec4f38000-7f3ec4f3a000 rw-p 000ed000 08:03 1975237                    /usr/lib/x86_64-linux-gnu/libstdc++.so.6.0.19
7f3ec4f3a000-7f3ec4f4f000 rw-p 00000000 00:00 0 
7f3ec4f4f000-7f3ec5a67000 r-xp 00000000 08:03 3803530                    /usr/lib/jvm/java-7-openjdk-amd64/jre/lib/amd64/server/libjvm.so
7f3ec5a67000-7f3ec5c67000 ---p 00b18000 08:03 3803530                    /usr/lib/jvm/java-7-openjdk-amd64/jre/lib/amd64/server/libjvm.so
7f3ec5c67000-7f3ec5d01000 r--p 00b18000 08:03 3803530                    /usr/lib/jvm/java-7-openjdk-amd64/jre/lib/amd64/server/libjvm.so
7f3ec5d01000-7f3ec5d24000 rw-p 00bb2000 08:03 3803530                    /usr/lib/jvm/java-7-openjdk-amd64/jre/lib/amd64/server/libjvm.so
7f3ec5d24000-7f3ec5d52000 rw-p 00000000 00:00 0 
7f3ec5d52000-7f3ec5d6a000 r-xp 00000000 08:03 3805283                    /lib/x86_64-linux-gnu/libz.so.1.2.8
7f3ec5d6a000-7f3ec5f69000 ---p 00018000 08:03 3805283                    /lib/x86_64-linux-gnu/libz.so.1.2.8
7f3ec5f69000-7f3ec5f6a000 r--p 00017000 08:03 3805283                    /lib/x86_64-linux-gnu/libz.so.1.2.8
7f3ec5f6a000-7f3ec5f6b000 rw-p 00018000 08:03 3805283                    /lib/x86_64-linux-gnu/libz.so.1.2.8
7f3ec5f6b000-7f3ec5f84000 r-xp 00000000 08:03 3808094                    /lib/x86_64-linux-gnu/libpthread-2.19.so
7f3ec5f84000-7f3ec6183000 ---p 00019000 08:03 3808094                    /lib/x86_64-linux-gnu/libpthread-2.19.so
7f3ec6183000-7f3ec6184000 r--p 00018000 08:03 3808094                    /lib/x86_64-linux-gnu/libpthread-2.19.so
7f3ec6184000-7f3ec6185000 rw-p 00019000 08:03 3808094                    /lib/x86_64-linux-gnu/libpthread-2.19.so
7f3ec6185000-7f3ec6189000 rw-p 00000000 00:00 0 
7f3ec6189000-7f3ec618c000 r-xp 00000000 08:03 3808081                    /lib/x86_64-linux-gnu/libdl-2.19.so
7f3ec618c000-7f3ec638b000 ---p 00003000 08:03 3808081                    /lib/x86_64-linux-gnu/libdl-2.19.so
7f3ec638b000-7f3ec638c000 r--p 00002000 08:03 3808081                    /lib/x86_64-linux-gnu/libdl-2.19.so
7f3ec638c000-7f3ec638d000 rw-p 00003000 08:03 3808081                    /lib/x86_64-linux-gnu/libdl-2.19.so
7f3ec638d000-7f3ec6548000 r-xp 00000000 08:03 3808077                    /lib/x86_64-linux-gnu/libc-2.19.so
7f3ec6548000-7f3ec6748000 ---p 001bb000 08:03 3808077                    /lib/x86_64-linux-gnu/libc-2.19.so
7f3ec6748000-7f3ec674c000 r--p 001bb000 08:03 3808077                    /lib/x86_64-linux-gnu/libc-2.19.so
7f3ec674c000-7f3ec674e000 rw-p 001bf000 08:03 3808077                    /lib/x86_64-linux-gnu/libc-2.19.so
7f3ec674e000-7f3ec6753000 rw-p 00000000 00:00 0 
7f3ec6753000-7f3ec6760000 r-xp 00000000 08:03 3677423                    /usr/lib/jvm/java-7-openjdk-amd64/jre/lib/amd64/jli/libjli.so
7f3ec6760000-7f3ec695f000 ---p 0000d000 08:03 3677423                    /usr/lib/jvm/java-7-openjdk-amd64/jre/lib/amd64/jli/libjli.so
7f3ec695f000-7f3ec6960000 r--p 0000c000 08:03 3677423                    /usr/lib/jvm/java-7-openjdk-amd64/jre/lib/amd64/jli/libjli.so
7f3ec6960000-7f3ec6961000 rw-p 0000d000 08:03 3677423                    /usr/lib/jvm/java-7-openjdk-amd64/jre/lib/amd64/jli/libjli.so
7f3ec6961000-7f3ec6984000 r-xp 00000000 08:03 3808075                    /lib/x86_64-linux-gnu/ld-2.19.so
7f3ec6984000-7f3ec6985000 r--s 00007000 08:03 4595532                    /home/nishant/Downloads/giraph-1.1.0-for-hadoop-1.2.1/lib/hive-cli-0.10.0.jar
7f3ec6985000-7f3ec6987000 r--s 0000e000 08:03 4595578                    /home/nishant/Downloads/giraph-1.1.0-for-hadoop-1.2.1/lib/activation-1.1.jar
7f3ec6987000-7f3ec69a7000 rw-p 00000000 00:00 0 
7f3ec69a7000-7f3ec6a5d000 rw-p 00000000 00:00 0 
7f3ec6a5d000-7f3ec6a60000 ---p 00000000 00:00 0 
7f3ec6a60000-7f3ec6b63000 rw-p 00000000 00:00 0                          [stack:17612]
7f3ec6b63000-7f3ec6b64000 r--s 00000000 08:03 4595497                    /home/nishant/Downloads/giraph-1.1.0-for-hadoop-1.2.1/lib/hive-builtins-0.10.0.jar
7f3ec6b64000-7f3ec6b65000 r--s 00002000 08:03 3677421                    /usr/lib/jvm/java-7-openjdk-amd64/jre/lib/ext/dnsns.jar
7f3ec6b65000-7f3ec6b69000 r--s 0003c000 08:03 3673780                    /usr/lib/jvm/java-7-openjdk-amd64/jre/lib/ext/sunpkcs11.jar
7f3ec6b69000-7f3ec6b6b000 r--s 00012000 08:03 3675160                    /usr/lib/jvm/java-7-openjdk-amd64/jre/lib/ext/zipfs.jar
7f3ec6b6b000-7f3ec6b6d000 r--s 00006000 08:03 2369052                    /usr/share/java/java-atk-wrapper.jar
7f3ec6b6d000-7f3ec6b70000 r--s 0000f000 08:03 3673572                    /usr/lib/jvm/java-7-openjdk-amd64/jre/lib/ext/icedtea-sound.jar
7f3ec6b70000-7f3ec6b74000 r--s 00034000 08:03 3675158                    /usr/lib/jvm/java-7-openjdk-amd64/jre/lib/ext/sunjce_provider.jar
7f3ec6b74000-7f3ec6b77000 r--s 00086000 08:03 3677422                    /usr/lib/jvm/java-7-openjdk-amd64/jre/lib/ext/localedata.jar
7f3ec6b77000-7f3ec6b7f000 rw-s 00000000 08:03 786793                     /tmp/hsperfdata_nishant/17606
7f3ec6b7f000-7f3ec6b80000 rw-p 00000000 00:00 0 
7f3ec6b80000-7f3ec6b81000 ---p 00000000 00:00 0 
7f3ec6b81000-7f3ec6b83000 rw-p 00000000 00:00 0 
7f3ec6b83000-7f3ec6b84000 r--p 00022000 08:03 3808075                    /lib/x86_64-linux-gnu/ld-2.19.so
7f3ec6b84000-7f3ec6b85000 rw-p 00023000 08:03 3808075                    /lib/x86_64-linux-gnu/ld-2.19.so
7f3ec6b85000-7f3ec6b86000 rw-p 00000000 00:00 0 
7fffe78a6000-7fffe78ca000 rw-p 00000000 00:00 0                          [stack]
7fffe7929000-7fffe792b000 r-xp 00000000 00:00 0                          [vdso]
ffffffffff600000-ffffffffff601000 r-xp 00000000 00:00 0                  [vsyscall]

VM Arguments:
jvm_args: -Dfile.encoding=UTF-8 
java_command: iitp.giraph.util.GiraphApplicationRunner -D giraph.useSuperstepCounters=false -Xmx2048m
Launcher Type: SUN_STANDARD

Environment Variables:
PATH=/usr/local/sbin:/usr/local/bin:/usr/sbin:/usr/bin:/sbin:/bin:/usr/games:/usr/local/games
USERNAME=nishant
SHELL=/bin/bash
DISPLAY=:0

Signal Handlers:
SIGSEGV: [libjvm.so+0x94b4b0], sa_mask[0]=0x7ffbfeff, sa_flags=0x10000004
SIGBUS: [libjvm.so+0x94b4b0], sa_mask[0]=0x7ffbfeff, sa_flags=0x10000004
SIGFPE: [libjvm.so+0x7c3390], sa_mask[0]=0x7ffbfeff, sa_flags=0x10000004
SIGPIPE: [libjvm.so+0x7c3390], sa_mask[0]=0x7ffbfeff, sa_flags=0x10000004
SIGXFSZ: [libjvm.so+0x7c3390], sa_mask[0]=0x7ffbfeff, sa_flags=0x10000004
SIGILL: [libjvm.so+0x7c3390], sa_mask[0]=0x7ffbfeff, sa_flags=0x10000004
SIGUSR1: SIG_DFL, sa_mask[0]=0x00000000, sa_flags=0x00000000
SIGUSR2: [libjvm.so+0x7c3230], sa_mask[0]=0x00000004, sa_flags=0x10000004
SIGHUP: [libjvm.so+0x7c3410], sa_mask[0]=0x7ffbfeff, sa_flags=0x10000004
SIGINT: [libjvm.so+0x7c3410], sa_mask[0]=0x7ffbfeff, sa_flags=0x10000004
SIGTERM: [libjvm.so+0x7c3410], sa_mask[0]=0x7ffbfeff, sa_flags=0x10000004
SIGQUIT: [libjvm.so+0x7c3410], sa_mask[0]=0x7ffbfeff, sa_flags=0x10000004
SIGTRAP: SIG_DFL, sa_mask[0]=0x00000000, sa_flags=0x00000000


---------------  S Y S T E M  ---------------

OS:Ubuntu 14.04 (trusty)
uname:Linux 3.13.0-46-generic #75-Ubuntu SMP Tue Feb 10 15:24:04 UTC 2015 x86_64
libc:glibc 2.19 NPTL 2.19 
rlimit: STACK 8192k, CORE 0k, NPROC 30524, NOFILE 4096, AS infinity
load average:10.84 3.38 1.71

/proc/meminfo:
MemTotal:        3928732 kB
MemFree:          106948 kB
Buffers:             404 kB
Cached:           506304 kB
SwapCached:            0 kB
Active:          3136988 kB
Inactive:         500484 kB
Active(anon):    3134876 kB
Inactive(anon):   487152 kB
Active(file):       2112 kB
Inactive(file):    13332 kB
Unevictable:          16 kB
Mlocked:              16 kB
SwapTotal:             0 kB
SwapFree:              0 kB
Dirty:               108 kB
Writeback:             0 kB
AnonPages:       3130496 kB
Mapped:           186612 kB
Shmem:            491560 kB
Slab:              68056 kB
SReclaimable:      29156 kB
SUnreclaim:        38900 kB
KernelStack:        5800 kB
PageTables:        48112 kB
NFS_Unstable:          0 kB
Bounce:                0 kB
WritebackTmp:          0 kB
CommitLimit:     1964364 kB
Committed_AS:    8051484 kB
VmallocTotal:   34359738367 kB
VmallocUsed:      400208 kB
VmallocChunk:   34359313852 kB
HardwareCorrupted:     0 kB
AnonHugePages:   1130496 kB
HugePages_Total:       0
HugePages_Free:        0
HugePages_Rsvd:        0
HugePages_Surp:        0
Hugepagesize:       2048 kB
DirectMap4k:       88084 kB
DirectMap2M:     3987456 kB


CPU:total 4 (2 cores per cpu, 2 threads per core) family 6 model 42 stepping 7, cmov, cx8, fxsr, mmx, sse, sse2, sse3, ssse3, sse4.1, sse4.2, popcnt, avx, ht, tsc, tscinvbit

/proc/cpuinfo:
processor	: 0
vendor_id	: GenuineIntel
cpu family	: 6
model		: 42
model name	: Intel(R) Core(TM) i3-2350M CPU @ 2.30GHz
stepping	: 7
microcode	: 0x28
cpu MHz		: 2300.000
cache size	: 3072 KB
physical id	: 0
siblings	: 4
core id		: 0
cpu cores	: 2
apicid		: 0
initial apicid	: 0
fpu		: yes
fpu_exception	: yes
cpuid level	: 13
wp		: yes
flags		: fpu vme de pse tsc msr pae mce cx8 apic sep mtrr pge mca cmov pat pse36 clflush dts acpi mmx fxsr sse sse2 ss ht tm pbe syscall nx rdtscp lm constant_tsc arch_perfmon pebs bts rep_good nopl xtopology nonstop_tsc aperfmperf eagerfpu pni pclmulqdq dtes64 monitor ds_cpl vmx est tm2 ssse3 cx16 xtpr pdcm pcid sse4_1 sse4_2 x2apic popcnt tsc_deadline_timer xsave avx lahf_lm arat epb xsaveopt pln pts dtherm tpr_shadow vnmi flexpriority ept vpid
bogomips	: 4589.17
clflush size	: 64
cache_alignment	: 64
address sizes	: 36 bits physical, 48 bits virtual
power management:

processor	: 1
vendor_id	: GenuineIntel
cpu family	: 6
model		: 42
model name	: Intel(R) Core(TM) i3-2350M CPU @ 2.30GHz
stepping	: 7
microcode	: 0x28
cpu MHz		: 2300.000
cache size	: 3072 KB
physical id	: 0
siblings	: 4
core id		: 1
cpu cores	: 2
apicid		: 2
initial apicid	: 2
fpu		: yes
fpu_exception	: yes
cpuid level	: 13
wp		: yes
flags		: fpu vme de pse tsc msr pae mce cx8 apic sep mtrr pge mca cmov pat pse36 clflush dts acpi mmx fxsr sse sse2 ss ht tm pbe syscall nx rdtscp lm constant_tsc arch_perfmon pebs bts rep_good nopl xtopology nonstop_tsc aperfmperf eagerfpu pni pclmulqdq dtes64 monitor ds_cpl vmx est tm2 ssse3 cx16 xtpr pdcm pcid sse4_1 sse4_2 x2apic popcnt tsc_deadline_timer xsave avx lahf_lm arat epb xsaveopt pln pts dtherm tpr_shadow vnmi flexpriority ept vpid
bogomips	: 4589.17
clflush size	: 64
cache_alignment	: 64
address sizes	: 36 bits physical, 48 bits virtual
power management:

processor	: 2
vendor_id	: GenuineIntel
cpu family	: 6
model		: 42
model name	: Intel(R) Core(TM) i3-2350M CPU @ 2.30GHz
stepping	: 7
microcode	: 0x28
cpu MHz		: 1300.000
cache size	: 3072 KB
physical id	: 0
siblings	: 4
core id		: 0
cpu cores	: 2
apicid		: 1
initial apicid	: 1
fpu		: yes
fpu_exception	: yes
cpuid level	: 13
wp		: yes
flags		: fpu vme de pse tsc msr pae mce cx8 apic sep mtrr pge mca cmov pat pse36 clflush dts acpi mmx fxsr sse sse2 ss ht tm pbe syscall nx rdtscp lm constant_tsc arch_perfmon pebs bts rep_good nopl xtopology nonstop_tsc aperfmperf eagerfpu pni pclmulqdq dtes64 monitor ds_cpl vmx est tm2 ssse3 cx16 xtpr pdcm pcid sse4_1 sse4_2 x2apic popcnt tsc_deadline_timer xsave avx lahf_lm arat epb xsaveopt pln pts dtherm tpr_shadow vnmi flexpriority ept vpid
bogomips	: 4589.17
clflush size	: 64
cache_alignment	: 64
address sizes	: 36 bits physical, 48 bits virtual
power management:

processor	: 3
vendor_id	: GenuineIntel
cpu family	: 6
model		: 42
model name	: Intel(R) Core(TM) i3-2350M CPU @ 2.30GHz
stepping	: 7
microcode	: 0x28
cpu MHz		: 2300.000
cache size	: 3072 KB
physical id	: 0
siblings	: 4
core id		: 1
cpu cores	: 2
apicid		: 3
initial apicid	: 3
fpu		: yes
fpu_exception	: yes
cpuid level	: 13
wp		: yes
flags		: fpu vme de pse tsc msr pae mce cx8 apic sep mtrr pge mca cmov pat pse36 clflush dts acpi mmx fxsr sse sse2 ss ht tm pbe syscall nx rdtscp lm constant_tsc arch_perfmon pebs bts rep_good nopl xtopology nonstop_tsc aperfmperf eagerfpu pni pclmulqdq dtes64 monitor ds_cpl vmx est tm2 ssse3 cx16 xtpr pdcm pcid sse4_1 sse4_2 x2apic popcnt tsc_deadline_timer xsave avx lahf_lm arat epb xsaveopt pln pts dtherm tpr_shadow vnmi flexpriority ept vpid
bogomips	: 4589.17
clflush size	: 64
cache_alignment	: 64
address sizes	: 36 bits physical, 48 bits virtual
power management:



Memory: 4k page, physical 3928732k(106948k free), swap 0k(0k free)

vm_info: OpenJDK 64-Bit Server VM (24.75-b04) for linux-amd64 JRE (1.7.0_75-b13), built on Jan 27 2015 00:38:59 by "buildd" with gcc 4.8.2

time: Mon Feb 23 03:55:03 2015
elapsed time: 47 seconds

